  1   b   java.lang.String::charAt (33 bytes)
  2   b   java.lang.Math::max (11 bytes)
  3   b   java.util.jar.Manifest$FastInputStream::readLine (167 bytes)
  4   b   sun.nio.cs.UTF_8$Decoder::decodeArrayLoop (553 bytes)
  5   b   java.util.Properties$LineReader::readLine (383 bytes)
  6   b   java.lang.String::hashCode (60 bytes)
  7   b   java.lang.String::indexOf (151 bytes)
  8   b   sun.nio.cs.ext.DoubleByteDecoder::decodeSingle (10 bytes)
  9   b   java.lang.String::lastIndexOf (156 bytes)
 10   b   java.lang.String::replace (142 bytes)
 11   b   java.lang.String::indexOf (7 bytes)
 12   b   java.net.URI$Parser::charAt (9 bytes)
 13   b   java.net.URI::match (50 bytes)
 14  !b   sun.nio.cs.ext.DoubleByteDecoder::decodeArrayLoop (457 bytes)
 15   b   java.lang.String::equals (89 bytes)
 16   b   java.lang.String::regionMatches (159 bytes)
 17*  b   java.lang.System::arraycopy (0 bytes)
 18   b   java.util.jar.JarFile::hasClassPathAttribute (197 bytes)
 19   b   java.lang.AbstractStringBuilder::append (40 bytes)
 20   b   java.io.Win32FileSystem::isSlash (18 bytes)
 21 s b   java.lang.StringBuffer::append (8 bytes)
 22   b   java.io.Win32FileSystem::normalize (231 bytes)
 23   b   sun.misc.ASCIICaseInsensitiveComparator::toLower (16 bytes)
 24   b   java.lang.String::indexOf (166 bytes)
 25   b   java.lang.StringBuilder::append (8 bytes)
 26  !b   sun.net.www.ParseUtil::decode (194 bytes)
 27   b   java.lang.CharacterDataLatin1::getProperties (11 bytes)
 28   b   java.lang.String::startsWith (78 bytes)
 29   b   sun.net.www.ParseUtil::encodePath (336 bytes)
 30   b   java.io.Win32FileSystem::normalize (143 bytes)
 31   b   sun.misc.ASCIICaseInsensitiveComparator::compare (143 bytes)
 32   b   java.lang.String::getChars (66 bytes)
 33   b   java.util.zip.ZipFile::ensureOpen (18 bytes)
 34*  b   java.util.zip.ZipFile::getEntry (0 bytes)
 35 s!b   sun.misc.URLClassPath::getLoader (136 bytes)
 36   b   sun.misc.URLClassPath::getResource (38 bytes)
 37   b   java.util.ArrayList::RangeCheck (48 bytes)
 38   b   java.util.jar.JarFile::getJarEntry (9 bytes)
 39  !b   java.util.zip.ZipFile::getEntry (82 bytes)
 40   b   java.lang.AbstractStringBuilder::append (60 bytes)
 41   b   sun.misc.URLClassPath$JarLoader::getResource (48 bytes)
 42   b   java.lang.StringBuilder::append (8 bytes)
 43   b   java.lang.String::substring (83 bytes)
 44   b   java.util.jar.JarFile::getEntry (22 bytes)
 45   b   java.lang.String::equalsIgnoreCase (45 bytes)
 46  !b   java.net.URL::<init> (531 bytes)
 47   b   java.util.HashMap::indexFor (6 bytes)
 48   b   java.lang.String::<init> (80 bytes)
 49   b   java.io.DataInputStream::readUTF (501 bytes)
 50   b   java.util.ArrayList::get (12 bytes)
 51   b   java.lang.AbstractStringBuilder::expandCapacity (51 bytes)
 52   b   sun.misc.URLClassPath$JarLoader::getResource (48 bytes)
 53   b   java.lang.String::indexOf (29 bytes)
 54   b   java.io.BufferedInputStream::getBufIfOpen (21 bytes)
 55 s b   java.io.BufferedInputStream::read (49 bytes)
 56   b   java.util.HashMap::hash (18 bytes)
 57   b   java.util.HashMap::get (79 bytes)
 58   b   java.io.DataInputStream::readFully (63 bytes)
 59   b   java.io.DataInputStream::readInt (72 bytes)
 60   b   java.lang.Integer::valueOf (31 bytes)
 61 s b   java.io.BufferedInputStream::read (113 bytes)
 62   b   java.io.BufferedInputStream::read1 (108 bytes)
 63   b   java.io.DataInputStream::readUTF (5 bytes)
 64   b   java.io.DataInputStream::readUnsignedShort (39 bytes)
 65 s!b   sun.misc.URLClassPath::getLoader (136 bytes)
 66   b   java.lang.Character::toLowerCase (162 bytes)
 67   b   java.lang.CharacterDataLatin1::toLowerCase (36 bytes)
 68   b   java.lang.AbstractStringBuilder::<init> (12 bytes)
 69   b   java.lang.String::endsWith (15 bytes)
 70   b   java.lang.String::startsWith (7 bytes)
 71   b   java.lang.String::indexOf (7 bytes)
 72   b   java.lang.String::<init> (20 bytes)
 73   b   java.lang.StringBuilder::<init> (7 bytes)
 74   b   java.lang.StringBuilder::toString (17 bytes)
 75   b   java.lang.ref.SoftReference::get (18 bytes)
 76   b   org.codehaus.groovy.util.ManagedReference::get (10 bytes)
 77   b   org.codehaus.groovy.reflection.ClassInfo$LocalMap::getFromCache (76 bytes)
 78*  b   java.lang.Thread::currentThread (0 bytes)
 79   b   java.util.ArrayList::add (29 bytes)
 80   b   java.util.ArrayList::ensureCapacity (71 bytes)
 81   b   org.codehaus.groovy.util.LazyReference::get (44 bytes)
 82   b   java.util.concurrent.locks.AbstractQueuedSynchronizer::<init> (5 bytes)
 83   b   java.lang.Character::toUpperCase (162 bytes)
 84   b   java.lang.CharacterDataLatin1::toUpperCase (50 bytes)
 85   b   java.lang.String::lastIndexOf (12 bytes)
 86   b   java.util.jar.JarFile::getJarEntry (9 bytes)
 87   b   org.codehaus.groovy.util.LockableObject::<init> (5 bytes)
 88   b   java.util.HashMap::transfer (83 bytes)
 89   b   java.net.URLStreamHandler::parseURL (1092 bytes)
 90   b   java.lang.ClassLoader::check (35 bytes)
 91   b   sun.misc.VM::allowArraySyntax (33 bytes)
 92   b   java.lang.ClassLoader::checkName (43 bytes)
 93   b   java.lang.String::compareTo (152 bytes)
 94   b   org.codehaus.groovy.util.LazyReference::<init> (17 bytes)
 95   b   org.codehaus.groovy.reflection.CachedMethod::getName (8 bytes)
 96   b   org.codehaus.groovy.reflection.CachedClass::hashCode (33 bytes)
 97   b   java.util.Arrays::mergeSort (234 bytes)
 98   b   org.codehaus.groovy.reflection.ReflectionCache::getCachedClass (14 bytes)
 99   b   org.codehaus.groovy.reflection.CachedMethod::compareToCachedMethod (133 bytes)
100   b   org.codehaus.groovy.reflection.CachedMethod::compareTo (25 bytes)
101   b   java.util.HashMap::put (126 bytes)
102   b   org.codehaus.groovy.reflection.ClassInfo::getClassInfo (57 bytes)
103 s b   java.lang.StringBuffer::append (8 bytes)
104   b   org.codehaus.groovy.reflection.CachedMethod::getModifiers (8 bytes)
105   b   java.util.TreeMap::put (145 bytes)
106   b   java.util.HashMap$HashIterator::nextEntry (96 bytes)
107   b   java.util.TreeMap::parentOf (13 bytes)
108   b   java.util.jar.Attributes$Name::isValid (45 bytes)
109   b   java.lang.System::getSecurityManager (4 bytes)
110  !b   sun.reflect.generics.parser.SignatureParser::current (40 bytes)
111*  b   java.lang.Object::hashCode (0 bytes)
112   b   org.codehaus.groovy.runtime.metaclass.MetaMethodIndex::resize (103 bytes)
113   b   groovy.lang.MetaMethod::isPrivate (15 bytes)
114   b   groovy.lang.MetaClassImpl$MethodIndexAction::iterate (119 bytes)
115   b   org.codehaus.groovy.reflection.ParameterTypes::getParameterTypes (16 bytes)
116   b   org.codehaus.groovy.reflection.GeneratedMetaMethod::getModifiers (2 bytes)
117   b   java.util.HashMap$Entry::<init> (26 bytes)
118   b   org.codehaus.groovy.runtime.metaclass.MetaMethodIndex::getOrPutMethods (193 bytes)
119   b   java.lang.ref.Reference::<init> (25 bytes)
120   b   org.objectweb.asm.ByteVector::putUTF8 (394 bytes)
121   b   java.util.HashMap::addEntry (58 bytes)
122   b   groovy.lang.MetaClassImpl::applyStrayPropertyMethods (232 bytes)
123   b   org.codehaus.groovy.runtime.metaclass.MetaMethodIndex::addMethodToList (290 bytes)
124   b   org.codehaus.groovy.runtime.metaclass.MetaMethodIndex::copyMethodsToSuper (82 bytes)
125*  b   sun.misc.Unsafe::compareAndSwapInt (0 bytes)
126   b   java.util.Arrays::binarySearch (87 bytes)
127  !b   java.util.jar.Attributes::read (375 bytes)
128   b   sun.misc.ASCIICaseInsensitiveComparator::lowerCaseHashCode (36 bytes)
129   b   java.lang.String::<init> (115 bytes)
130   b   org.codehaus.groovy.util.AbstractConcurrentMap$Segment::getOrPut (121 bytes)
131   b   org.codehaus.groovy.util.FastArray::add (71 bytes)
132   b   org.codehaus.groovy.reflection.ParameterTypes::<init> (5 bytes)
133   b   org.codehaus.groovy.runtime.metaclass.MetaMethodIndex::isMatchingMethod (68 bytes)
134   b   org.codehaus.groovy.reflection.ClassInfo::isEqual (10 bytes)
135   b   groovy.lang.MetaClassImpl$1MOPIter::methodNameAction (431 bytes)
136   b   org.codehaus.groovy.reflection.CachedClass$CachedMethodComparatorWithString::compare (37 bytes)
137   b   groovy.lang.MetaMethod::<init> (5 bytes)
138*  b   java.lang.String::intern (0 bytes)
139   b   groovy.lang.MetaClassImpl$1MOPIter::processFastArray (213 bytes)
140   b   java.lang.ref.Reference::<init> (7 bytes)
141*  b   java.lang.Object::clone (0 bytes)
142   b   java.beans.FeatureDescriptor::getObject (13 bytes)
143*  b   java.lang.System::identityHashCode (0 bytes)
144   b   org.codehaus.groovy.util.AbstractConcurrentMapBase::hash (36 bytes)
145   b   org.codehaus.groovy.util.ComplexKeyHashMap::hash (31 bytes)
146   b   java.net.URL::<init> (8 bytes)
147   b   java.net.URLStreamHandler::setURL (40 bytes)
148  !b   java.net.URL::set (114 bytes)
149   b   sun.reflect.ReflectionFactory::langReflectAccess (15 bytes)
150   b   java.lang.reflect.AccessibleObject::<init> (5 bytes)
151   b   java.lang.reflect.Method::getParameterTypes (14 bytes)
152   b   groovy.lang.MetaClassImpl::addMetaMethodToIndex (65 bytes)
153   b   groovy.lang.MetaClassImpl::checkIfStdMethod (183 bytes)
154   b   groovy.lang.MetaClassImpl::checkIfGroovyObjectMethod (60 bytes)
155   b   groovy.lang.MetaClassImpl::isGenericGetMethod (44 bytes)
156   b   java.util.HashMap::containsKey (73 bytes)
157   b   java.util.AbstractCollection::<init> (5 bytes)
158   b   java.util.HashMap$HashIterator::hasNext (13 bytes)
159   b   java.lang.reflect.Modifier::isPublic (12 bytes)
160   b   org.codehaus.groovy.util.SingleKeyHashMap::getOrPut (137 bytes)
161   b   groovy.lang.MetaClassImpl::populateMethods (372 bytes)
162   b   java.util.HashSet::add (20 bytes)
163   b   java.lang.ClassLoader::findLoadedClass (20 bytes)
164*  b   java.lang.ClassLoader::findLoadedClass0 (0 bytes)
165   b   java.util.Properties::loadConvert (505 bytes)
166  !b   sun.nio.cs.ext.DoubleByteEncoder::encodeArrayLoop (608 bytes)
167   b   org.codehaus.groovy.util.ComplexKeyHashMap$1::nextEntry (74 bytes)
168   b   org.objectweb.asm.Type::getArgumentsAndReturnSizes (151 bytes)
169 s b   org.codehaus.groovy.reflection.ParameterTypes::getParametersTypes0 (67 bytes)
170   b   java.lang.Class::copyMethods (36 bytes)
171   b   java.lang.reflect.Method::copy (67 bytes)
172   b   java.lang.reflect.Method::<init> (68 bytes)
173   b   java.lang.Class::getName (20 bytes)
174   b   java.beans.FeatureDescriptor::createReference (33 bytes)
175   b   org.codehaus.groovy.reflection.CachedMethod::getReturnType (8 bytes)
176   b   java.util.HashSet::contains (9 bytes)
177   b   org.codehaus.groovy.reflection.CachedMethod::isStatic (8 bytes)
178   b   groovy.lang.MetaMethod::isStatic (16 bytes)
179   b   java.util.AbstractList::<init> (10 bytes)
180*  b   java.lang.Class::isAssignableFrom (0 bytes)
181   b   org.codehaus.groovy.runtime.metaclass.MetaMethodIndex::findMatchingMethod (51 bytes)
182   b   groovy.lang.MetaMethod::getMopName (104 bytes)
183   b   java.lang.String::substring (10 bytes)
184   b   java.lang.ref.WeakReference::<init> (6 bytes)
185   b   java.lang.reflect.Modifier::isStatic (13 bytes)
186   b   java.util.HashMap$HashIterator::<init> (66 bytes)
187   b   java.lang.reflect.AccessibleObject::setAccessible0 (43 bytes)
188 s b   java.beans.MethodDescriptor::setParams (74 bytes)
189   b   java.lang.reflect.AccessibleObject::setAccessible (37 bytes)
190   b   java.beans.Introspector::getTargetMethodInfo (255 bytes)
191   b   java.beans.FeatureDescriptor::getClass0 (11 bytes)
192   b   java.util.ArrayList::<init> (47 bytes)
193   b   java.lang.ThreadLocal::getMap (5 bytes)
194   b   java.lang.ThreadLocal::get (33 bytes)
195   b   java.lang.ThreadLocal$ThreadLocalMap::get (45 bytes)
196   b   org.codehaus.groovy.util.SingleKeyHashMap::put (10 bytes)
197   b   groovy.lang.MetaClassImpl::findPropertyMethod (356 bytes)
198   b   org.codehaus.groovy.reflection.CachedMethod::<init> (15 bytes)
199 s b   java.lang.StringBuffer::toString (17 bytes)
200   b   java.util.AbstractCollection::toArray (75 bytes)
201   b   java.beans.Introspector::addMethod (196 bytes)
202   b   java.util.HashMap$ValueIterator::next (8 bytes)
203   b   org.codehaus.groovy.reflection.CachedClass$3::initValue (254 bytes)
204   b   java.util.BitSet::unitIndex (5 bytes)
205   b   java.util.BitSet::bit (7 bytes)
206   b   org.objectweb.asm.Type::a (214 bytes)
207   b   java.beans.FeatureDescriptor::createReference (6 bytes)
208 s b   java.beans.Introspector::getPublicDeclaredMethods (130 bytes)
209   b   org.codehaus.groovy.util.ComplexKeyHashMap::resize (103 bytes)
210   b   org.codehaus.groovy.runtime.metaclass.MetaMethodIndex::hash (31 bytes)
211*s b   java.lang.Throwable::fillInStackTrace (0 bytes)
212   b   org.codehaus.groovy.runtime.metaclass.MetaMethodIndex::isNonRealMethod (48 bytes)
213   b   org.codehaus.groovy.runtime.metaclass.MetaMethodIndex::copyNonPrivateNonNewMetaMethods (171 bytes)
214   b   groovy.lang.MetaClassImpl$1::methodNameAction (169 bytes)
215  !b   java.beans.Introspector::getTargetPropertyInfo (685 bytes)
216   b   java.beans.Introspector::getTargetEventInfo (1028 bytes)
217   b   java.util.BitSet::get (70 bytes)
218   b   java.lang.String::concat (58 bytes)
219   b   org.objectweb.asm.ClassWriter::a (49 bytes)
220   b   org.objectweb.asm.Item::a (146 bytes)
221   b   sun.net.www.protocol.file.Handler::parseURL (18 bytes)
222   b   org.codehaus.groovy.util.SingleKeyHashMap::get (67 bytes)
223   b   org.objectweb.asm.ByteVector::putShort (52 bytes)
224   b   org.codehaus.groovy.runtime.metaclass.MetaMethodIndex::copyNonPrivateMethods (149 bytes)
225 s b   java.util.zip.Inflater::inflate (44 bytes)
226*  b   java.util.zip.Inflater::inflateBytes (0 bytes)
227   b   java.util.concurrent.locks.AbstractQueuedSynchronizer::compareAndSetState (13 bytes)
228   b   java.util.concurrent.locks.AbstractQueuedSynchronizer::release (33 bytes)
229   b   java.util.concurrent.locks.AbstractQueuedSynchronizer::setState (6 bytes)
230   b   org.codehaus.groovy.runtime.metaclass.MetaMethodIndex::copyNonPrivateNonNewMetaMethods (24 bytes)
231   b   groovy.lang.MetaProperty::<init> (15 bytes)
232   b   org.codehaus.groovy.util.ComplexKeyHashMap$1::hasNext (13 bytes)
233   b   java.lang.Object::equals (11 bytes)
234   b   org.objectweb.asm.ByteVector::putByte (39 bytes)
235   b   java.util.TreeMap::setColor (10 bytes)
236   b   org.codehaus.groovy.reflection.CachedMethod::compareToMethod (125 bytes)
237   b   java.util.zip.ZipFile::access$600 (5 bytes)
238   b   java.beans.FeatureDescriptor::setClass0 (9 bytes)
239   b   java.util.ArrayList::indexOf (67 bytes)
240   b   java.util.HashMap$Entry::getKey (8 bytes)
241   b   java.util.Arrays::fill (28 bytes)
242 s b   java.util.Vector::size (5 bytes)
243 s!b   java.net.URLStreamHandler::getHostAddress (54 bytes)
244   b   org.codehaus.groovy.util.LockableObject::lock (25 bytes)
245   b   org.codehaus.groovy.util.LockableObject::unlock (7 bytes)
246   b   org.codehaus.groovy.util.LockableObject::tryRelease (45 bytes)
247   b   org.codehaus.groovy.reflection.CachedMethod::getPT (8 bytes)
248   b   java.util.Arrays::mergeSort (235 bytes)
249   b   java.lang.String::<init> (35 bytes)
250 s!b   java.lang.ClassLoader::loadClass (58 bytes)
251   b   java.util.HashMap$KeyIterator::next (8 bytes)
252   b   org.codehaus.groovy.util.ComplexKeyHashMap$1::next (5 bytes)
253   b   groovy.lang.MetaClassImpl::addElementToList (58 bytes)
254  !b   groovy.lang.MetaClassImpl::getPropName (77 bytes)
255   b   groovy.lang.MetaClassImpl::createMetaBeanProperty (218 bytes)
256*  b   java.lang.Object::getClass (0 bytes)
257*  b   java.lang.Class::getSuperclass (0 bytes)
258   b   org.objectweb.asm.Item::<init> (66 bytes)
259   b   org.objectweb.asm.ClassWriter::b (147 bytes)
260   b   java.lang.Class::searchMethods (90 bytes)
261   b   org.codehaus.groovy.reflection.CachedClass$CachedMethodComparatorByName::compare (18 bytes)
262 s b   java.beans.MethodDescriptor::setMethod (38 bytes)
263   b   java.util.LinkedList$ListItr::hasNext (20 bytes)
264   b   sun.reflect.ClassFileAssembler::emitByte (11 bytes)
265   b   sun.reflect.ByteVectorImpl::add (38 bytes)
266   b   sun.misc.IOUtils::readFully (162 bytes)
267   b   groovy.lang.MetaClassImpl::findMatchingMethod (93 bytes)
268   b   org.codehaus.groovy.reflection.CachedField::getModifiers (8 bytes)
269   b   sun.reflect.ClassFileAssembler::emitConstantPoolUTF8 (50 bytes)
270  !b   sun.reflect.UTF8::encode (189 bytes)
271   b   sun.reflect.UTF8::utf8Length (81 bytes)
272*  b   java.lang.Class::isInterface (0 bytes)
273   b   java.lang.ClassNotFoundException::<init> (7 bytes)
274   b   groovy.lang.MetaClassImpl::addFields (48 bytes)
275   b   org.codehaus.groovy.reflection.CachedMethod$MyComparator::compare (43 bytes)
276   b   org.codehaus.groovy.reflection.ReflectionCache::isAssignableFrom (13 bytes)
277   b   java.lang.ref.Reference::access$200 (4 bytes)
278   b   java.lang.ref.Reference::access$100 (4 bytes)
279   b   java.lang.ref.Reference::access$202 (6 bytes)
280  !b   java.net.URLClassLoader::findClass (29 bytes)
281*  b   java.security.AccessController::doPrivileged (0 bytes)
282  !b   java.net.URLClassLoader$1::run (73 bytes)
283   b   groovy.lang.MetaClassImpl::makeStaticPropertyIndex (119 bytes)
284   b   org.codehaus.groovy.reflection.CachedClass::getCachedSuperClass (11 bytes)
285   b   org.codehaus.groovy.reflection.CachedClass$4::get (5 bytes)
286   b   org.codehaus.groovy.util.ManagedReference::<init> (40 bytes)
287   b   java.lang.ref.SoftReference::<init> (14 bytes)
288   b   org.codehaus.groovy.util.ManagedReference::<init> (14 bytes)
289   b   org.codehaus.groovy.util.ReferenceManager$2::afterReferenceCreation (49 bytes)
290   b   org.codehaus.groovy.util.ReferenceType$1::createReference (11 bytes)
291   b   org.objectweb.asm.ByteVector::b (64 bytes)
292   b   java.beans.Introspector::processPropertyDescriptors (675 bytes)
293   b   java.beans.Introspector::internalFindMethod (188 bytes)
294   b   java.beans.PropertyDescriptor::getWriteMethod0 (11 bytes)
295   b   java.util.LinkedList$ListItr::checkForComodification (23 bytes)
296   b   org.objectweb.asm.ClassWriter::newUTF8 (70 bytes)
297   b   org.codehaus.groovy.reflection.CachedClass::<init> (248 bytes)
298   b   java.util.LinkedList$ListItr::next (63 bytes)
299   b   java.util.concurrent.ConcurrentHashMap$Segment::get (66 bytes)
300 s!b   java.beans.PropertyDescriptor::getReadMethod (173 bytes)
301   b   org.codehaus.groovy.reflection.CachedClass::getNewMetaMethods (183 bytes)
302   b   groovy.lang.MetaClassImpl::establishStaticMetaProperty (268 bytes)
303   b   org.codehaus.groovy.runtime.metaclass.MetaMethodIndex::getMethods (91 bytes)
304   b   sun.reflect.ClassFileAssembler::emitShort (24 bytes)
305*  b   java.lang.Class::isPrimitive (0 bytes)
306   b   sun.reflect.ByteVectorImpl::getLength (7 bytes)
307   b   org.codehaus.groovy.util.ComplexKeyHashMap$1::<init> (64 bytes)
308   b   java.util.concurrent.ConcurrentHashMap::hash (36 bytes)
309   b   java.util.concurrent.ConcurrentHashMap::segmentFor (17 bytes)
310   b   org.objectweb.asm.MethodWriter::visitMaxs (1104 bytes)
311   b   java.io.BufferedReader::ensureOpen (18 bytes)
312   b   java.io.StreamTokenizer::read (38 bytes)
313  !b   java.io.BufferedReader::read (104 bytes)
314   b   java.io.StreamTokenizer::nextToken (1295 bytes)
315   b   java.util.HashSet::iterator (13 bytes)
316   b   java.util.HashMap$KeySet::iterator (8 bytes)
317   b   java.util.HashMap::newKeyIterator (10 bytes)
318*  b   java.lang.Class::getClassLoader0 (0 bytes)
319   b   groovy.lang.MetaClassImpl::copyNonPrivateFields (75 bytes)
320   b   java.lang.ClassLoader::loadClass (7 bytes)
321   b   java.lang.String::compareTo (9 bytes)
322   b   java.beans.PropertyDescriptor::getPropertyType0 (11 bytes)
323   b   java.lang.ref.SoftReference::<init> (13 bytes)
324 s!b   java.beans.PropertyDescriptor::getPropertyType (33 bytes)
325  !b   org.codehaus.groovy.util.LazyReference::getLocked (85 bytes)
326   b   java.io.Win32FileSystem::parentOrNull (171 bytes)
327 s!b   java.beans.PropertyDescriptor::getWriteMethod (136 bytes)
328   b   groovy.lang.MetaBeanProperty::<init> (18 bytes)
329   b   org.objectweb.asm.Item::a (240 bytes)
330   b   java.io.Win32FileSystem::isLetter (30 bytes)
331   b   java.util.TreeMap::fixAfterInsertion (287 bytes)
332   b   org.codehaus.groovy.reflection.CachedClass$8::get (5 bytes)
  1%  b   java.util.Arrays::fill @ 10 (28 bytes)
333   b   org.codehaus.groovy.reflection.CachedClass::addSubclassExpandos (142 bytes)
334  !b   org.codehaus.groovy.reflection.CachedClass::getSuperClassDistance (56 bytes)
335   b   groovy.lang.MetaClassImpl$Index::getNotNull (32 bytes)
336  !b   java.io.BufferedReader::readLine (304 bytes)
337   b   java.util.AbstractList$Itr::checkForComodification (23 bytes)
338   b   java.util.AbstractList$Itr::hasNext (20 bytes)
339  !b   java.util.AbstractList$Itr::next (46 bytes)
340   b   java.nio.Buffer::position (43 bytes)
341   b   java.nio.charset.CoderResult::isUnderflow (13 bytes)
342   b   java.nio.Buffer::limit (62 bytes)
343   b   java.nio.Buffer::<init> (68 bytes)
344   b   sun.nio.cs.StreamEncoder::ensureOpen (18 bytes)
345   b   java.io.Win32FileSystem::prefixLength (91 bytes)
346   b   java.beans.Introspector::makeQualifiedMethodName (50 bytes)
347   b   org.codehaus.groovy.reflection.CachedClass$1::initValue (53 bytes)
348   b   java.lang.Class::copyFields (36 bytes)
349   b   java.util.HashMap::keySet (28 bytes)
350   b   java.util.HashMap::maskNull (12 bytes)
351*  b   sun.reflect.Reflection::getCallerClass (0 bytes)
352   b   java.lang.ClassLoader::getCallerClassLoader (16 bytes)
353   b   org.objectweb.asm.MethodWriter::visitVarInsn (281 bytes)
354   b   java.util.HashMap::<init> (130 bytes)
355   b   org.codehaus.groovy.runtime.callsite.CallSiteArray::<init> (54 bytes)
356   b   sun.reflect.ClassFileAssembler::append (30 bytes)
357   b   org.codehaus.groovy.runtime.GroovyCategorySupport$MyThreadLocal::getUsage (52 bytes)
358  !b   java.util.zip.InflaterInputStream::read (127 bytes)
359*  b   java.security.AccessController::doPrivileged (0 bytes)
360   b   java.util.ArrayList::<init> (7 bytes)
361   b   org.codehaus.groovy.util.ComplexKeyHashMap::<init> (11 bytes)
362   b   org.codehaus.groovy.util.SingleKeyHashMap::<init> (5 bytes)
363   b   org.codehaus.groovy.reflection.CachedClass::getInterfaces (11 bytes)
364   b   sun.reflect.ClassFileAssembler::cpi (22 bytes)
365   b   java.security.PrivilegedActionException::<init> (14 bytes)
366   b   java.lang.Throwable::<init> (36 bytes)
367   b   org.codehaus.groovy.runtime.callsite.CallSiteGenerator::writeMethod (687 bytes)
368*  b   java.io.WinNTFileSystem::getBooleanAttributes (0 bytes)
369  !b   org.codehaus.groovy.tools.RootLoader::loadClass (65 bytes)
370  !b   java.lang.SecurityManager::checkPackageAccess (156 bytes)
371   b   java.util.HashMap::getEntry (72 bytes)
372*  b   java.lang.Class::isArray (0 bytes)
373   b   org.objectweb.asm.Label::a (214 bytes)
374   b   java.lang.Class::checkInitted (19 bytes)
375   b   java.lang.Class::clearCachesOnClassRedefinition (70 bytes)
376   b   groovy.lang.GroovySystem::getMetaClassRegistry (4 bytes)
377   b   org.codehaus.groovy.runtime.MetaClassHelper::sameClasses (74 bytes)
378   b   org.codehaus.groovy.reflection.ParameterTypes::correctArguments (79 bytes)
379   b   java.lang.Integer::getChars (131 bytes)
380   b   java.lang.AbstractStringBuilder::stringSizeOfInt (21 bytes)
381   b   java.lang.Exception::<init> (6 bytes)
