    355   1       java.util.jar.Manifest$FastInputStream::readLine (167 bytes)
    356   2       sun.nio.cs.UTF_8$Decoder::decodeArrayLoop (553 bytes)
    494   3       java.lang.String::indexOf (151 bytes)
    518   4       java.lang.String::charAt (33 bytes)
    549   5       sun.nio.cs.UTF_8$Encoder::encodeArrayLoop (490 bytes)
    704   6       java.lang.String::indexOf (166 bytes)
    713   7       java.lang.String::hashCode (64 bytes)
    716   8       java.lang.String::lastIndexOf (156 bytes)
    798   9       java.io.UnixFileSystem::normalize (75 bytes)
    863  10       java.lang.Object::<init> (1 bytes)
    909  11       java.io.DataInputStream::readUTF (501 bytes)
---   n   java.lang.System::arraycopy (static)
    918  12       java.io.BufferedInputStream::getBufIfOpen (21 bytes)
    922  13 s     java.io.BufferedInputStream::read (49 bytes)
    935  14       sun.net.www.ParseUtil::encodePath (336 bytes)
    992  15       java.lang.String::replace (142 bytes)
   1022  16       java.lang.String::startsWith (78 bytes)
   1038  17       java.lang.String::equals (88 bytes)
   1150  18       java.lang.Math::min (11 bytes)
   1219  19       java.lang.ref.SoftReference::get (29 bytes)
   1326  20       java.lang.String::getChars (66 bytes)
   1398  21       java.lang.AbstractStringBuilder::append (60 bytes)
   1412  22       java.lang.String::startsWith (7 bytes)
   1420  23       java.util.HashMap::indexFor (6 bytes)
   1422  24       java.lang.String::compareTo (150 bytes)
   1455  25       java.util.HashMap::hash (23 bytes)
   1494  26       org.codehaus.groovy.reflection.CachedMethod::getName (8 bytes)
   1499  27       java.lang.Class$MethodArray::removeByNameAndSignature (71 bytes)
   1539  28       java.lang.Class$MethodArray::addIfNotPresent (47 bytes)
   1611  29       java.lang.StringBuilder::append (8 bytes)
   1634  30       org.objectweb.asm.ByteVector::putUTF8 (394 bytes)
   1679  31       java.util.ArrayList::get (12 bytes)
   1681  32       java.util.ArrayList::RangeCheck (48 bytes)
   1692  33       java.util.HashMap::get (79 bytes)
   1707  34       java.lang.String::substring (83 bytes)
   1731  35       org.objectweb.asm.Type::getArgumentsAndReturnSizes (151 bytes)
   1754  36       java.util.Arrays::copyOfRange (63 bytes)
   1763  37 s!    sun.misc.URLClassPath::getLoader (145 bytes)
   1789  38       org.codehaus.groovy.runtime.metaclass.MetaMethodIndex::resize (103 bytes)
   1805  39       java.lang.AbstractStringBuilder::append (40 bytes)
   1812  40       sun.misc.URLClassPath::getResource (74 bytes)
   1876  41       org.codehaus.groovy.reflection.ParameterTypes::getParameterTypes (16 bytes)
   1895  42       java.lang.CharacterDataLatin1::getProperties (11 bytes)
   1900  43       java.util.Arrays::binarySearch0 (95 bytes)
   1978  44       java.lang.String::<init> (72 bytes)
   2191  45       java.util.Arrays::fill (28 bytes)
   2264  46       org.codehaus.groovy.util.ManagedReference::get (10 bytes)
   2275  47       org.codehaus.groovy.runtime.metaclass.MetaMethodIndex::getOrPutMethods (193 bytes)
   2289  48       org.codehaus.groovy.reflection.CachedMethod::getModifiers (8 bytes)
   2290  49       org.codehaus.groovy.reflection.GeneratedMetaMethod::getModifiers (2 bytes)
   2293  50       java.util.HashMap$HashIterator::nextEntry (99 bytes)
   2308  51       groovy.lang.MetaClassImpl::applyStrayPropertyMethods (232 bytes)
   2367  51      made not entrant  groovy.lang.MetaClassImpl::applyStrayPropertyMethods (232 bytes)
---   n   java.util.zip.ZipFile::getEntry (static)
   2382  52       java.lang.String::indexOf (7 bytes)
   2383  53       org.codehaus.groovy.runtime.metaclass.MetaMethodIndex::addMethodToList (290 bytes)
   2412  54       groovy.lang.MetaClassImpl$MethodIndexAction::iterate (119 bytes)
   2421  55       java.util.HashMap::put (126 bytes)
   2428  56       java.util.HashMap::transfer (83 bytes)
   2439  57       groovy.lang.MetaMethod::isPrivate (15 bytes)
   2450  17      made not entrant  java.lang.String::equals (88 bytes)
---   n   java.lang.Object::hashCode
   2463  28      made not entrant  java.lang.Class$MethodArray::addIfNotPresent (47 bytes)
   2470  58       java.lang.String::equals (88 bytes)
   2494  59       java.util.Arrays::mergeSort (234 bytes)
   2507  60       org.codehaus.groovy.runtime.metaclass.MetaMethodIndex::copyMethodsToSuper (82 bytes)
   2516   1%      java.lang.Class$MethodArray::addIfNotPresent @ 2 (47 bytes)
   2536  61 s     java.lang.StringBuffer::append (8 bytes)
   2561  62       org.objectweb.asm.Type::a (214 bytes)
   2588  63       java.lang.Class$MethodArray::addIfNotPresent (47 bytes)
   2606  64       java.lang.reflect.Method::equals (107 bytes)
   2619   2%      groovy.lang.MetaClassImpl::applyStrayPropertyMethods @ 57 (232 bytes)
---   n   java.lang.Thread::currentThread (static)
---   n   java.lang.String::intern
   2835  65       groovy.lang.MetaClassImpl$1MOPIter::methodNameAction (431 bytes)
   2871   2%     made not entrant  groovy.lang.MetaClassImpl::applyStrayPropertyMethods @ -2 (232 bytes)
   3713  66       org.codehaus.groovy.util.ComplexKeyHashMap::hash (31 bytes)
   3714  67       org.codehaus.groovy.reflection.CachedMethod::compareTo (25 bytes)
   3737  68       org.codehaus.groovy.util.SingleKeyHashMap::getOrPut (137 bytes)
   3745  69       groovy.lang.MetaClassImpl$1MOPIter::processFastArray (213 bytes)
   3765  40      made not entrant  sun.misc.URLClassPath::getResource (74 bytes)
---   n   java.lang.Object::clone
   3873  17      made zombie  java.lang.String::equals (88 bytes)
   3873  70       groovy.lang.MetaClassImpl::applyStrayPropertyMethods (232 bytes)
   3931  53      made not entrant  org.codehaus.groovy.runtime.metaclass.MetaMethodIndex::addMethodToList (290 bytes)
   4005  28      made zombie  java.lang.Class$MethodArray::addIfNotPresent (47 bytes)
   4006  71       java.lang.ref.Reference::<init> (25 bytes)
   4008  72       org.codehaus.groovy.reflection.CachedMethod::getReturnType (8 bytes)
   4009  51      made zombie  groovy.lang.MetaClassImpl::applyStrayPropertyMethods (232 bytes)
   4011  73       sun.reflect.ClassFileAssembler::emitByte (11 bytes)
   4014  74       sun.reflect.ByteVectorImpl::add (38 bytes)
   4015  75       org.objectweb.asm.ClassWriter::a (49 bytes)
   4026  76       java.lang.Class::searchMethods (90 bytes)
   4041  77       java.util.Arrays::binarySearch (10 bytes)
   4043  78       org.codehaus.groovy.util.ComplexKeyHashMap$1::nextEntry (74 bytes)
   4047  79       org.objectweb.asm.Item::a (146 bytes)
   4073  80       java.lang.StringBuilder::toString (17 bytes)
   4078  81       sun.reflect.ClassFileAssembler::emitConstantPoolUTF8 (50 bytes)
   4104  82  !    sun.reflect.UTF8::encode (189 bytes)
   4105  83       sun.reflect.UTF8::utf8Length (81 bytes)
   4111  84       java.lang.StringBuilder::<init> (7 bytes)
   4112  85       org.codehaus.groovy.runtime.metaclass.MetaMethodIndex::isMatchingMethod (68 bytes)
   4116  86       groovy.lang.MetaMethod::getMopName (104 bytes)
   4121  87       org.objectweb.asm.ByteVector::putShort (52 bytes)
   4123  88       java.util.Properties$LineReader::readLine (452 bytes)
   4137  89       java.lang.AbstractStringBuilder::<init> (12 bytes)
   4138  90       org.objectweb.asm.ByteVector::putByte (39 bytes)
   4140  91       org.codehaus.groovy.runtime.MetaClassHelper::isGenericSetMethod (27 bytes)
   4141  92       org.codehaus.groovy.util.LazyReference::get (44 bytes)
   4151  93       java.util.HashMap::getEntry (79 bytes)
   4155  94       java.beans.FeatureDescriptor::getObject (13 bytes)
   4157   3%      java.util.Arrays::fill @ 10 (28 bytes)
   4161  95  !    sun.misc.URLClassPath$JarLoader::getResource (91 bytes)
   4182  96       java.util.zip.ZipFile::ensureOpen (37 bytes)
   4183  97  !    java.net.URL::<init> (531 bytes)
   4214  98       groovy.lang.MetaClassImpl::populateMethods (372 bytes)
   4242  99       java.lang.StringBuilder::append (8 bytes)
   4247 100       sun.reflect.ReflectionFactory::langReflectAccess (15 bytes)
   4248 101       java.lang.reflect.AccessibleObject::<init> (5 bytes)
   4248 102       java.lang.ref.Reference::<init> (7 bytes)
   4249 103       java.util.jar.JarFile::getEntry (22 bytes)
   4255 104  !    java.util.zip.ZipFile::getEntry (82 bytes)
   4259 105       java.util.jar.JarFile::getJarEntry (9 bytes)
   4260 106  !    sun.misc.URLClassPath$JarLoader::ensureOpen (32 bytes)
   4262 107       java.util.ArrayList::ensureCapacity (58 bytes)
   4265 108 s     java.lang.StringBuffer::append (8 bytes)
   4273 109       java.util.ArrayList::add (29 bytes)
   4277 110       sun.reflect.ReflectionFactory::copyMethod (10 bytes)
   4280 111       java.lang.reflect.ReflectAccess::copyMethod (5 bytes)
   4283 112       org.codehaus.groovy.util.AbstractConcurrentMap$Segment::getOrPut (121 bytes)
   4291 113       org.codehaus.groovy.util.ManagedConcurrentMap$Entry::isEqual (22 bytes)
   4292 114       org.codehaus.groovy.runtime.metaclass.MetaMethodIndex::findMatchingMethod (51 bytes)
   4297 115       java.lang.Class::copyMethods (36 bytes)
   4306 116       java.lang.Class::getName (20 bytes)
   4306 117       java.util.HashMap$HashIterator::hasNext (13 bytes)
  29449 118       org.objectweb.asm.Item::<init> (66 bytes)
  29449 119       org.objectweb.asm.ClassWriter::b (147 bytes)
  29450  40      made zombie  sun.misc.URLClassPath::getResource (74 bytes)
  29456   2%     made zombie  groovy.lang.MetaClassImpl::applyStrayPropertyMethods @ -2 (232 bytes)
  29467  59      made not entrant  java.util.Arrays::mergeSort (234 bytes)
  29468 120       java.util.Arrays::mergeSort (234 bytes)