  1  ! 1  sun.nio.cs.ext.DoubleByteDecoder::decodeArrayLoop (458 bytes)
  2    1  java.lang.String::hashCode (60 bytes)
  3    1  java.lang.String::charAt (33 bytes)
  4    1  java.lang.String::equals (88 bytes)
  5    1  java.lang.Math::max (11 bytes)
  6    1  java.lang.String::indexOf (151 bytes)
  7    1  java.util.jar.Manifest$FastInputStream::readLine (167 bytes)
  1%   1  sun.nio.cs.UTF_8$Decoder::decodeArrayLoop @ 73 (553 bytes)
  8    1  sun.misc.ASCIICaseInsensitiveComparator::toLower (16 bytes)
  9    1  sun.misc.ASCIICaseInsensitiveComparator::isUpper (18 bytes)
 10    1  sun.nio.cs.UTF_8$Decoder::decodeArrayLoop (553 bytes)
 11    1  sun.misc.ASCIICaseInsensitiveComparator::compare (143 bytes)
 12    1  java.lang.Object::<init> (1 bytes)
 13    1  java.lang.String::lastIndexOf (156 bytes)
 14    1  java.lang.String::indexOf (166 bytes)
 15  ! 1  java.io.BufferedReader::readLine (304 bytes)
---   n   java.lang.System::arraycopy (static)
 16    1  java.lang.String::replace (142 bytes)
 17    1  java.lang.CharacterDataLatin1::getProperties (11 bytes)
 18    1  java.lang.String::indexOf (7 bytes)
 19    1  java.net.URI$Parser::charAt (9 bytes)
 20    1  java.net.URI::match (50 bytes)
 21    1  java.net.URI$Parser::scan (73 bytes)
 22    1  java.net.URI::access$300 (7 bytes)
 23    1  java.net.URI$Parser::scan (50 bytes)
 24    1  java.util.regex.Pattern$Slice::match (79 bytes)
 25    1  java.net.URI::quote (208 bytes)
 26    1  java.lang.AbstractStringBuilder::append (40 bytes)
 27    1  java.lang.String::regionMatches (157 bytes)
 28    1  java.util.jar.JarFile::hasClassPathAttribute (197 bytes)
 29    1  java.io.Win32FileSystem::isSlash (18 bytes)
 30 s  1  java.lang.StringBuffer::append (8 bytes)
 32    1  java.lang.Character::toLowerCase (162 bytes)
 33    1  java.lang.CharacterDataLatin1::toLowerCase (36 bytes)
 34    1  java.lang.String::toLowerCase (436 bytes)
 35    1  java.lang.StringBuilder::append (8 bytes)
 36  ! 1  sun.net.www.ParseUtil::decode (194 bytes)
 37       java.lang.String::charAt (33 bytes)
 31    1  java.io.Win32FileSystem::normalize (231 bytes)
  3   made not entrant  (1)  java.lang.String::charAt (33 bytes)
 38    1  java.util.jar.Attributes$Name::isValid (45 bytes)
 39    1  java.util.jar.Attributes$Name::isValid (32 bytes)
 40    1  java.util.jar.Attributes$Name::isAlpha (30 bytes)
 41    1  sun.misc.ASCIICaseInsensitiveComparator::lowerCaseHashCode (36 bytes)
 42  ! 1  sun.nio.cs.ext.DoubleByteEncoder::encodeArrayLoop (608 bytes)
 43    1  sun.nio.cs.Surrogate::is (18 bytes)
 44    1  sun.nio.cs.ext.DoubleByteEncoder::encodeSingle (12 bytes)
 45    1  java.io.Win32FileSystem::normalize (143 bytes)
 46    1  java.lang.Math::min (11 bytes)
 47    1  java.lang.String::startsWith (78 bytes)
 48    1  sun.net.www.ParseUtil::encodePath (336 bytes)
 49    1  java.lang.String::getChars (66 bytes)
 50    1  java.lang.AbstractStringBuilder::append (60 bytes)
---   n   java.util.zip.ZipFile::getEntry (static)
 51    1  java.util.zip.ZipFile::ensureOpen (37 bytes)
 52 s! 1  sun.misc.URLClassPath::getLoader (145 bytes)
 53    1  sun.misc.URLClassPath::getResource (74 bytes)
 54    1  java.util.jar.JarFile::getJarEntry (9 bytes)
 55    1  java.util.jar.JarFile::getEntry (22 bytes)
 56  ! 1  java.util.zip.ZipFile::getEntry (82 bytes)
 57    1  java.util.ArrayList::get (12 bytes)
 58    1  java.util.ArrayList::RangeCheck (48 bytes)
 59  ! 1  sun.misc.URLClassPath$JarLoader::ensureOpen (32 bytes)
 60  ! 1  sun.misc.URLClassPath$JarLoader::getResource (91 bytes)
 61    1  java.lang.StringBuilder::append (8 bytes)
 62    1  java.lang.String::substring (83 bytes)
 63    1  java.util.Arrays::copyOf (19 bytes)
 64    1  java.lang.String::<init> (72 bytes)
 65    1  java.util.Arrays::copyOfRange (63 bytes)
 66    1  java.lang.AbstractStringBuilder::expandCapacity (40 bytes)
 67  ! 1  java.net.URL::<init> (531 bytes)
 54   made not entrant  (1)  java.util.jar.JarFile::getJarEntry (9 bytes)
 60   made not entrant  (1)  sun.misc.URLClassPath$JarLoader::getResource (91 bytes)
 68  ! 1  sun.misc.URLClassPath$JarLoader::getResource (91 bytes)
 69    1  java.lang.String::indexOf (29 bytes)
 70    1  java.lang.String::<init> (20 bytes)
 71    1  java.util.HashMap::indexFor (6 bytes)
 72    1  java.lang.AbstractStringBuilder::<init> (12 bytes)
 73    1  java.io.DataInputStream::readUTF (501 bytes)
 74    1  java.lang.String::startsWith (7 bytes)
 52   made not entrant  (1)  sun.misc.URLClassPath::getLoader (145 bytes)
 75 s! 1  sun.misc.URLClassPath::getLoader (145 bytes)
 76    1  java.lang.String::endsWith (15 bytes)
 77    1  java.lang.StringBuilder::toString (17 bytes)
 78    1  java.util.HashMap::hash (23 bytes)
 79    1  java.lang.String::indexOf (7 bytes)
 80    1  java.lang.StringBuilder::<init> (7 bytes)
 81    1  java.io.BufferedInputStream::getBufIfOpen (21 bytes)
 82 s  1  java.io.BufferedInputStream::read (49 bytes)
 83    1  java.util.HashMap::get (79 bytes)
 84    1  java.io.DataInputStream::readFully (63 bytes)
 85    1  java.io.DataInputStream::readInt (72 bytes)
 86    1  java.lang.Integer::valueOf (32 bytes)
  2% ! 1  org.codehaus.groovy.reflection.GeneratedMetaMethod$DgmMethodRecord::loadDgmInfo @ 163 (334 bytes)
 87 s  1  java.io.BufferedInputStream::read (113 bytes)
 88    1  java.io.BufferedInputStream::read1 (108 bytes)
 89    1  java.io.DataInputStream::readUTF (5 bytes)
 90    1  java.io.DataInputStream::readUnsignedShort (39 bytes)
 91 s     java.io.BufferedInputStream::read (49 bytes)
 82   made not entrant  (1)  java.io.BufferedInputStream::read (49 bytes)
 92    1  java.lang.String::lastIndexOf (12 bytes)
 93    1  java.lang.Character::toUpperCase (162 bytes)
 94    1  java.lang.CharacterDataLatin1::toUpperCase (50 bytes)
 95    1  java.lang.System::getSecurityManager (4 bytes)
 96    1  java.net.URLStreamHandler::parseURL (1158 bytes)
 97    1  sun.misc.VM::allowArraySyntax (33 bytes)
 98    1  java.lang.ClassLoader::checkName (43 bytes)
 99    1  java.util.ArrayList::add (29 bytes)
100    1  java.util.ArrayList::ensureCapacity (58 bytes)
101    1  java.lang.ref.SoftReference::get (29 bytes)
---   n   java.lang.Thread::currentThread (static)
102    1  org.codehaus.groovy.util.ManagedReference::get (10 bytes)
103    1  org.codehaus.groovy.reflection.ClassInfo$LocalMap::getFromCache (76 bytes)
104    1  org.codehaus.groovy.util.LazyReference::get (44 bytes)
105    1  java.util.concurrent.locks.AbstractQueuedSynchronizer::<init> (5 bytes)
106    1  java.util.concurrent.locks.AbstractOwnableSynchronizer::<init> (5 bytes)
107    1  org.codehaus.groovy.reflection.CachedClass::hashCode (33 bytes)
108    1  java.lang.ThreadLocal::getMap (5 bytes)
109    1  java.lang.ThreadLocal::get (34 bytes)
110    1  java.lang.ThreadLocal$ThreadLocalMap::access$000 (6 bytes)
111    1  java.lang.ThreadLocal$ThreadLocalMap::getEntry (42 bytes)
112    1  org.codehaus.groovy.util.LockableObject::<init> (5 bytes)
113    1  java.util.HashMap::transfer (83 bytes)
114    1  org.codehaus.groovy.util.LazyReference::<init> (17 bytes)
115    1  org.codehaus.groovy.reflection.ReflectionCache::getCachedClass (14 bytes)
---   n   sun.misc.Unsafe::compareAndSwapInt
116    1  org.codehaus.groovy.reflection.ClassInfo::getClassInfo (57 bytes)
117    1  org.codehaus.groovy.reflection.ClassInfo$ThreadLocalMapHandler::get (53 bytes)
118    1  org.codehaus.groovy.reflection.ClassInfo$LocalMap::get (47 bytes)
119    1  java.lang.ref.PhantomReference::get (2 bytes)
120    1  java.lang.String::equalsIgnoreCase (45 bytes)
121    1  java.util.Properties$LineReader::readLine (452 bytes)
122       java.lang.String::indexOf (166 bytes)
123  ! 1  java.util.jar.Attributes::read (410 bytes)
124    1  java.lang.String::<init> (111 bytes)
 14   made not entrant  (1)  java.lang.String::indexOf (166 bytes)
125    1  java.util.HashMap::put (126 bytes)
126    1  groovy.lang.MetaMethod::<init> (5 bytes)
127    1  org.codehaus.groovy.reflection.ParameterTypes::<init> (5 bytes)
128    1  java.lang.String::compareTo (150 bytes)
---   n   java.lang.ClassLoader::findLoadedClass0
129    1  java.lang.ClassLoader::findLoadedClass (16 bytes)
130    1  java.util.HashMap$HashIterator::nextEntry (99 bytes)
131    1  java.util.HashMap$HashIterator::hasNext (13 bytes)
132    1  java.net.URL::<init> (8 bytes)
133    1  java.net.URLStreamHandler::setURL (40 bytes)
134  ! 1  java.net.URL::set (114 bytes)
135       java.lang.String::indexOf (151 bytes)
---   n   java.lang.Object::hashCode
  6   made not entrant  (1)  java.lang.String::indexOf (151 bytes)
136    1  org.codehaus.groovy.reflection.CachedMethod::getName (8 bytes)
137    1  java.util.Arrays::mergeSort (234 bytes)
138    1  org.codehaus.groovy.reflection.CachedMethod::compareToCachedMethod (133 bytes)
139    1  org.codehaus.groovy.reflection.CachedMethod::compareTo (25 bytes)
140    1  org.codehaus.groovy.util.FastArray::add (71 bytes)
141       java.lang.ref.SoftReference::get (29 bytes)
101   made not entrant  (1)  java.lang.ref.SoftReference::get (29 bytes)
142    1  org.codehaus.groovy.reflection.CachedMethod::getModifiers (8 bytes)
143 s  1  java.lang.StringBuffer::append (8 bytes)
144    1  java.util.TreeMap::put (240 bytes)
145    1  java.lang.ref.Reference::<init> (25 bytes)
146    1  java.util.TreeMap::fixAfterInsertion (267 bytes)
147    1  java.util.TreeMap::parentOf (13 bytes)
148    1  java.util.HashMap$Entry::<init> (26 bytes)
149       java.lang.String::startsWith (78 bytes)
 47   made not entrant  (1)  java.lang.String::startsWith (78 bytes)
150    1  groovy.lang.MetaMethod::isPrivate (15 bytes)
151    1  org.codehaus.groovy.reflection.ParameterTypes::getParameterTypes (16 bytes)
152    1  java.util.HashMap::addEntry (58 bytes)
153    1  org.codehaus.groovy.runtime.metaclass.MetaMethodIndex::resize (103 bytes)
154    1  org.codehaus.groovy.runtime.metaclass.MetaMethodIndex::getOrPutMethods (193 bytes)
155    1  groovy.lang.MetaClassImpl$MethodIndexAction::iterate (119 bytes)
156       java.util.ArrayList::RangeCheck (48 bytes)
 58   made not entrant  (1)  java.util.ArrayList::RangeCheck (48 bytes)
157       java.lang.String::getChars (66 bytes)
 49   made not entrant  (1)  java.lang.String::getChars (66 bytes)
158    1  java.lang.Character::toUpperCaseEx (178 bytes)
159    1  java.lang.CharacterDataLatin1::toUpperCaseEx (67 bytes)
160    1  java.util.BitSet::wordIndex (5 bytes)
161    1  java.util.BitSet::checkInvariants (111 bytes)
109   made not entrant  (1)  java.lang.ThreadLocal::get (34 bytes)
117   made not entrant  (1)  org.codehaus.groovy.reflection.ClassInfo$ThreadLocalMapHandler::get (53 bytes)
---   n   java.util.zip.Inflater::inflateBytes
162 s  1  java.util.zip.Inflater::inflate (44 bytes)
163  ! 1  java.util.zip.InflaterInputStream::read (138 bytes)
164    1  java.util.TreeMap::getEntryUsingComparator (74 bytes)
165    1  org.codehaus.groovy.reflection.ClassInfo$ThreadLocalMapHandler::get (53 bytes)
166    1  org.codehaus.groovy.reflection.GeneratedMetaMethod::getModifiers (2 bytes)
167    1  groovy.lang.MetaClassImpl::applyStrayPropertyMethods (232 bytes)
168    1  sun.net.www.protocol.file.Handler::parseURL (18 bytes)
169    1  java.util.zip.ZipFile::access$300 (5 bytes)
170    1  java.util.BitSet::get (69 bytes)
171  ! 1  sun.reflect.generics.parser.SignatureParser::current (40 bytes)
172    1  sun.reflect.generics.parser.SignatureParser::advance (37 bytes)
173    1  java.lang.Character::isWhitespace (5 bytes)
174    1  java.lang.Character::isWhitespace (158 bytes)
175    1  java.lang.CharacterDataLatin1::isWhitespace (22 bytes)
176    1  sun.reflect.generics.parser.SignatureParser::parseIdentifier (115 bytes)
  2%  made not entrant  (1)  org.codehaus.groovy.reflection.GeneratedMetaMethod$DgmMethodRecord::loadDgmInfo @ 163 (334 bytes)
177    1  org.objectweb.asm.ByteVector::putUTF8 (394 bytes)
178       java.util.zip.ZipFile::ensureOpen (37 bytes)
 51   made not entrant  (1)  java.util.zip.ZipFile::ensureOpen (37 bytes)
179    1  org.codehaus.groovy.runtime.metaclass.MetaMethodIndex::addMethodToList (290 bytes)
180    1  org.codehaus.groovy.runtime.metaclass.MetaMethodIndex::copyMethodsToSuper (82 bytes)
181    1  groovy.lang.MetaClassImpl$1MOPIter::methodNameAction (431 bytes)
182    1  java.util.Arrays::binarySearch0 (95 bytes)
183  ! 1  sun.misc.Resource::getBytes (226 bytes)
184    1  java.util.AbstractCollection::<init> (5 bytes)
185    1  org.codehaus.groovy.runtime.metaclass.MetaMethodIndex::isMatchingMethod (68 bytes)
186    1  org.objectweb.asm.Type::getArgumentsAndReturnSizes (151 bytes)
187  !    java.util.zip.ZipFile::getEntry (82 bytes)
188    1  java.util.HashSet::add (20 bytes)
189    1  java.lang.String::concat (58 bytes)
 56   made not entrant  (1)  java.util.zip.ZipFile::getEntry (82 bytes)
---   n   java.lang.String::intern
190    1  java.util.HashMap::getEntry (79 bytes)
191    1  java.lang.String::toUpperCase (442 bytes)
192    1  groovy.lang.MetaClassImpl::addMetaMethodToIndex (65 bytes)
193    1  groovy.lang.MetaClassImpl::checkIfStdMethod (183 bytes)
194    1  groovy.lang.MetaClassImpl::checkIfGroovyObjectMethod (60 bytes)
195    1  groovy.lang.MetaClassImpl::isGenericGetMethod (44 bytes)
196    1  org.codehaus.groovy.runtime.MetaClassHelper::isGenericSetMethod (27 bytes)
197    1  sun.reflect.ReflectionFactory::langReflectAccess (15 bytes)
---   n   java.lang.Class::isAssignableFrom
198    1  java.lang.reflect.AccessibleObject::<init> (5 bytes)
---   n   java.lang.Object::clone
199    1  org.codehaus.groovy.util.AbstractConcurrentMap$Segment::getOrPut (121 bytes)
200    1  groovy.lang.MetaClassImpl$1MOPIter::processFastArray (213 bytes)
201 s  1  org.codehaus.groovy.reflection.ParameterTypes::getParametersTypes0 (67 bytes)
202    1  org.codehaus.groovy.reflection.CachedClass$CachedMethodComparatorWithString::compare (37 bytes)
203    1  groovy.lang.MetaMethod::getMopName (104 bytes)
  3   made zombie  (1)  java.lang.String::charAt (33 bytes)
165   made not entrant  (1)  org.codehaus.groovy.reflection.ClassInfo$ThreadLocalMapHandler::get (53 bytes)
204    1  java.lang.ref.Reference::<init> (7 bytes)
205    1  java.lang.String::substring (10 bytes)
206    1  java.lang.reflect.Method::getParameterTypes (14 bytes)
207    1  java.beans.FeatureDescriptor::getObject (13 bytes)
208    1  sun.reflect.ReflectionFactory::copyMethod (10 bytes)
209    1  java.lang.reflect.ReflectAccess::copyMethod (5 bytes)
210    1  java.lang.reflect.Method::copy (67 bytes)
211    1  java.lang.reflect.Method::<init> (68 bytes)
212    1  java.lang.reflect.Modifier::isPublic (12 bytes)
213    1  java.lang.Class::getName (20 bytes)
214    1  org.codehaus.groovy.util.ComplexKeyHashMap::hash (31 bytes)
215    1  org.codehaus.groovy.util.SingleKeyHashMap::getOrPut (137 bytes)
216    1  groovy.lang.MetaClassImpl::populateMethods (372 bytes)
217    1  java.lang.Class::copyMethods (36 bytes)
218       java.lang.AbstractStringBuilder::append (60 bytes)
219    1  sun.misc.MetaIndex::mayContain (51 bytes)
220    1  java.lang.ref.WeakReference::<init> (6 bytes)
221    1  java.beans.FeatureDescriptor::createReference (33 bytes)
222    1  org.codehaus.groovy.reflection.CachedMethod::getReturnType (8 bytes)
223       java.lang.String::equals (88 bytes)
 50   made not entrant  (1)  java.lang.AbstractStringBuilder::append (60 bytes)
224    1  org.codehaus.groovy.util.ComplexKeyHashMap$1::nextEntry (74 bytes)
225       java.lang.String::replace (142 bytes)
  4   made not entrant  (1)  java.lang.String::equals (88 bytes)
226    1  org.codehaus.groovy.reflection.ClassInfo::isEqual (10 bytes)
227    1  org.codehaus.groovy.reflection.ClassInfo::isEqual (7 bytes)
228    1  org.codehaus.groovy.util.ManagedConcurrentMap$Entry::isEqual (22 bytes)
---   n   java.lang.System::identityHashCode (static)
229    1  org.codehaus.groovy.util.AbstractConcurrentMapBase::hash (36 bytes)
 16   made not entrant  (1)  java.lang.String::replace (142 bytes)
230    1  java.util.AbstractList::<init> (10 bytes)
231    1  java.util.HashMap::containsKey (14 bytes)
232    1  java.util.HashSet::contains (9 bytes)
233    1  org.codehaus.groovy.reflection.CachedMethod::isStatic (8 bytes)
234    1  org.codehaus.groovy.runtime.metaclass.MethodHelper::isStatic (19 bytes)
235    1  org.codehaus.groovy.runtime.metaclass.MetaMethodIndex::findMatchingMethod (51 bytes)
236 s  1  java.lang.StringBuffer::toString (17 bytes)
237    1  java.util.HashMap$HashIterator::<init> (63 bytes)
238    1  java.lang.reflect.Modifier::isStatic (13 bytes)
239    1  java.lang.reflect.AccessibleObject::setAccessible0 (43 bytes)
240    1  java.lang.reflect.AccessibleObject::setAccessible (37 bytes)
241  !    sun.misc.URLClassPath$JarLoader::getResource (91 bytes)
242 s  1  java.beans.MethodDescriptor::setParams (74 bytes)
243    1  java.util.Properties::loadConvert (505 bytes)
244 s!    sun.misc.URLClassPath::getLoader (145 bytes)
 68   made not entrant  (1)  sun.misc.URLClassPath$JarLoader::getResource (91 bytes)
 75   made not entrant  (1)  sun.misc.URLClassPath::getLoader (145 bytes)
245       java.lang.AbstractStringBuilder::append (40 bytes)
246    1  groovy.lang.MetaMethod::isStatic (16 bytes)
 26   made not entrant  (1)  java.lang.AbstractStringBuilder::append (40 bytes)
247    1  java.util.concurrent.locks.AbstractQueuedSynchronizer::compareAndSetState (13 bytes)
248    1  java.util.concurrent.locks.AbstractQueuedSynchronizer::release (33 bytes)
249    1  java.util.concurrent.locks.AbstractQueuedSynchronizer::setState (6 bytes)
250    1  java.util.ArrayList::<init> (44 bytes)
251       java.lang.String::hashCode (60 bytes)
252    1  java.beans.FeatureDescriptor::getClass0 (11 bytes)
  2   made not entrant  (1)  java.lang.String::hashCode (60 bytes)
253    1  org.codehaus.groovy.util.SingleKeyHashMap::put (10 bytes)
254    1  groovy.lang.MetaClassImpl::findPropertyMethod (356 bytes)
255    1  java.beans.Introspector::getTargetMethodInfo (255 bytes)
256    1  org.codehaus.groovy.runtime.metaclass.MetaMethodIndex::hash (31 bytes)
257    1  org.codehaus.groovy.util.LockableObject::lock (25 bytes)
258    1  org.codehaus.groovy.util.LockableObject::unlock (7 bytes)
259    1  org.codehaus.groovy.util.LockableObject::tryRelease (45 bytes)
---   ns  java.lang.Throwable::fillInStackTrace
260    1  org.codehaus.groovy.reflection.CachedClass::<init> (248 bytes)
261    1  java.util.AbstractCollection::toArray (116 bytes)
262    1  org.codehaus.groovy.reflection.CachedClass$3::initValue (254 bytes)
263    1  org.codehaus.groovy.reflection.CachedMethod::<init> (15 bytes)
264    1  org.codehaus.groovy.runtime.metaclass.MetaMethodIndex::isNonRealMethod (48 bytes)
265    1  java.beans.Introspector::addMethod (196 bytes)
266    1  java.util.HashMap$ValueIterator::next (8 bytes)
267    1  java.beans.FeatureDescriptor::createReference (6 bytes)
268 s! 1  java.lang.ClassLoader::loadClass (62 bytes)
269 s  1  java.beans.Introspector::getPublicDeclaredMethods (130 bytes)
270  ! 1  java.beans.Introspector::getTargetPropertyInfo (685 bytes)
271    1  org.objectweb.asm.Type::a (214 bytes)
272    1  java.beans.Introspector::getTargetEventInfo (1028 bytes)
273    1  java.util.HashMap$KeyIterator::next (8 bytes)
274    1  org.codehaus.groovy.runtime.metaclass.MetaMethodIndex::copyNonPrivateNonNewMetaMethods (171 bytes)
275    1  groovy.lang.MetaClassImpl$1::methodNameAction (169 bytes)
276       java.lang.String::compareTo (150 bytes)
277    1  java.lang.String::<init> (24 bytes)
278    1  java.lang.StringValue::from (7 bytes)
279    1  org.codehaus.groovy.util.SingleKeyHashMap::get (67 bytes)
280    1  java.util.Arrays::binarySearch (10 bytes)
281    1  org.codehaus.groovy.util.ComplexKeyHashMap::resize (103 bytes)
282    1  java.lang.ThreadLocal::get (34 bytes)
283    1  org.codehaus.groovy.reflection.CachedMethod::compareToMethod (125 bytes)
284    1  org.codehaus.groovy.reflection.CachedMethod$MyComparator::compare (43 bytes)
128   made not entrant  (1)  java.lang.String::compareTo (150 bytes)
285    1  org.codehaus.groovy.runtime.metaclass.MetaMethodIndex::copyNonPrivateMethods (149 bytes)
286    1  java.util.concurrent.atomic.AtomicInteger::compareAndSet (13 bytes)
287    1  org.codehaus.groovy.reflection.CachedMethod::getPT (8 bytes)
288    1  java.beans.FeatureDescriptor::setClass0 (9 bytes)
289    1  java.lang.ref.SoftReference::<init> (14 bytes)
290    1  java.lang.Object::equals (11 bytes)
291    1  org.codehaus.groovy.util.ManagedReference::<init> (40 bytes)
292    1  org.codehaus.groovy.util.ManagedReference::<init> (14 bytes)
293    1  org.codehaus.groovy.util.ReferenceType$1::createReference (11 bytes)
294    1  org.codehaus.groovy.util.ReferenceType$SoftRef::<init> (12 bytes)
295    1  org.codehaus.groovy.util.ReferenceManager$2::afterReferenceCreation (49 bytes)
296    1  java.util.concurrent.atomic.AtomicInteger::incrementAndGet (23 bytes)
297    1  groovy.lang.MetaProperty::<init> (15 bytes)
298    1  org.codehaus.groovy.util.ComplexKeyHashMap$1::hasNext (13 bytes)
---   n   java.security.AccessController::doPrivileged (static)
300    1  java.net.URLClassLoader$1::<init> (15 bytes)
299  ! 1  java.net.URLClassLoader::findClass (29 bytes)
301  ! 1  java.net.URLClassLoader$1::run (74 bytes)
302    1  org.codehaus.groovy.runtime.metaclass.MetaMethodIndex::copyNonPrivateNonNewMetaMethods (24 bytes)
303    1  java.util.AbstractList$Itr::checkForComodification (23 bytes)
304    1  org.objectweb.asm.ClassWriter::a (49 bytes)
305    1  org.objectweb.asm.Item::a (146 bytes)
---   n   java.lang.Class::getSuperclass
---   n   java.lang.Object::getClass
306    1  org.codehaus.groovy.util.ComplexKeyHashMap$1::next (5 bytes)
307    1  java.util.Arrays::mergeSort (235 bytes)
308 s  1  java.beans.MethodDescriptor::setMethod (38 bytes)
309       java.util.HashMap::get (79 bytes)
---   n   java.lang.Class::isInterface
 83   made not entrant  (1)  java.util.HashMap::get (79 bytes)
310    1  org.objectweb.asm.ByteVector::putShort (52 bytes)
311    1  org.objectweb.asm.ByteVector::putByte (39 bytes)
312    1  java.lang.ClassLoader::loadClass (7 bytes)
313    1  java.util.LinkedList$ListItr::hasNext (20 bytes)
314    1  org.objectweb.asm.Item::<init> (66 bytes)
315    1  org.objectweb.asm.ClassWriter::b (147 bytes)
316    1  java.util.AbstractList$Itr::hasNext (20 bytes)
317    1  org.codehaus.groovy.reflection.CachedClass::getCachedSuperClass (11 bytes)
319    1  org.codehaus.groovy.reflection.CachedClass$4::get (8 bytes)
318    1  org.codehaus.groovy.reflection.CachedClass$4::get (5 bytes)
320    1  groovy.lang.MetaClassImpl::addElementToList (58 bytes)
321  ! 1  groovy.lang.MetaClassImpl::getPropName (77 bytes)
322    1  groovy.lang.MetaClassImpl::createMetaBeanProperty (218 bytes)
323       java.lang.String::substring (83 bytes)
 62   made not entrant  (1)  java.lang.String::substring (83 bytes)
324    1  java.io.InputStream::<init> (5 bytes)
325  ! 1  java.util.AbstractList$Itr::next (46 bytes)
326 s  1  java.util.Vector::size (5 bytes)
327       java.util.Arrays::copyOfRange (63 bytes)
328    1  java.beans.Introspector::processPropertyDescriptors (699 bytes)
 65   made not entrant  (1)  java.util.Arrays::copyOfRange (63 bytes)
329    1  org.codehaus.groovy.util.ComplexKeyHashMap$1::<init> (64 bytes)
330  ! 1  org.codehaus.groovy.util.LazyReference::getLocked (85 bytes)
331    1  java.beans.Introspector::makeQualifiedMethodName (50 bytes)
---   n   java.lang.Class::isPrimitive
332    1  java.util.HashSet::iterator (13 bytes)
333    1  java.util.HashMap::keySet (28 bytes)
334    1  java.util.HashMap$KeySet::iterator (8 bytes)
335    1  java.util.HashMap::newKeyIterator (10 bytes)
336    1  java.util.HashMap$KeyIterator::<init> (6 bytes)
337    1  java.util.HashMap$KeyIterator::<init> (11 bytes)
---   n   java.io.WinNTFileSystem::getBooleanAttributes
338    1  java.beans.PropertyDescriptor::getWriteMethod0 (11 bytes)
339    1  groovy.lang.MetaClassImpl::makeStaticPropertyIndex (119 bytes)
---   n   java.util.zip.ZipFile::freeEntry (static)
340    1  java.util.ArrayList::indexOf (67 bytes)
341    1  java.util.Arrays::fill (28 bytes)
342    1  java.lang.ClassNotFoundException::<init> (7 bytes)
343    1  java.lang.Exception::<init> (7 bytes)
344    1  java.lang.Throwable::<init> (25 bytes)
 52   made zombie  (1)  sun.misc.URLClassPath::getLoader (145 bytes)
 54   made zombie  (1)  java.util.jar.JarFile::getJarEntry (9 bytes)
 60   made zombie  (1)  sun.misc.URLClassPath$JarLoader::getResource (91 bytes)
109   made zombie  (1)  java.lang.ThreadLocal::get (34 bytes)
117   made zombie  (1)  org.codehaus.groovy.reflection.ClassInfo$ThreadLocalMapHandler::get (53 bytes)
250   made not entrant  (1)  java.util.ArrayList::<init> (44 bytes)
345       org.codehaus.groovy.runtime.metaclass.MetaMethodIndex::addMethodToList (290 bytes)
346    1  java.util.Vector::ensureCapacityHelper (60 bytes)
347    1  java.util.ArrayList::<init> (44 bytes)
348    1  java.util.LinkedList$ListItr::checkForComodification (23 bytes)
---   n   java.util.zip.ZipFile::getSize (static)
349  ! 1  java.util.zip.ZipFile$ZipFileInputStream::close (63 bytes)
350    1  java.io.Win32FileSystem::isLetter (30 bytes)
351    1  java.util.LinkedList$ListItr::next (63 bytes)
352    1  java.util.HashMap::<init> (130 bytes)
353    1  com.sun.org.apache.xerces.internal.impl.XMLEntityScanner::scanContent (641 bytes)
354  ! 1  org.codehaus.groovy.tools.RootLoader::loadClass (65 bytes)
355    1  org.codehaus.groovy.reflection.CachedClass$8::get (5 bytes)
356    1  org.codehaus.groovy.reflection.CachedClass$8::get (8 bytes)
357    1  org.codehaus.groovy.reflection.CachedClass$CachedMethodComparatorByName::compare (18 bytes)
358    1  groovy.lang.MetaClassImpl::addFields (48 bytes)
359    1  org.codehaus.groovy.reflection.ReflectionCache::isAssignableFrom (13 bytes)
360    1  org.codehaus.groovy.reflection.CachedField::getModifiers (8 bytes)
361       org.codehaus.groovy.reflection.CachedClass$CachedMethodComparatorWithString::compare (37 bytes)
202   made not entrant  (1)  org.codehaus.groovy.reflection.CachedClass$CachedMethodComparatorWithString::compare (37 bytes)
362    1  groovy.lang.MetaClassImpl::findMatchingMethod (93 bytes)
363    1  org.objectweb.asm.ByteVector::b (64 bytes)
364    1  org.objectweb.asm.ClassWriter::newUTF8 (70 bytes)
365       java.lang.String::lastIndexOf (156 bytes)
 13   made not entrant  (1)  java.lang.String::lastIndexOf (156 bytes)
366       org.codehaus.groovy.runtime.metaclass.MetaMethodIndex::getOrPutMethods (193 bytes)
154   made not entrant  (1)  org.codehaus.groovy.runtime.metaclass.MetaMethodIndex::getOrPutMethods (193 bytes)
367 s! 1  java.beans.PropertyDescriptor::getReadMethod (173 bytes)
368    1  java.beans.PropertyDescriptor::getReadMethod0 (11 bytes)
369    1  org.objectweb.asm.MethodWriter::visitMaxs (1104 bytes)
370    1  org.objectweb.asm.Item::a (240 bytes)
371    1  java.lang.Class::searchMethods (90 bytes)
372    1  java.beans.Introspector::isSubclass (81 bytes)
373  ! 1  org.codehaus.groovy.reflection.CachedClass::getSuperClassDistance (56 bytes)
374    1  java.util.concurrent.ConcurrentHashMap$Segment::get (66 bytes)
375    1  sun.reflect.ClassFileAssembler::emitByte (11 bytes)
376    1  sun.reflect.ByteVectorImpl::add (38 bytes)
377    1  sun.reflect.ClassFileAssembler::emitConstantPoolUTF8 (50 bytes)
378  ! 1  sun.reflect.UTF8::encode (189 bytes)
379    1  sun.reflect.UTF8::utf8Length (81 bytes)
380    1  org.codehaus.groovy.reflection.CachedClass::getInterfaces (11 bytes)
381       groovy.lang.MetaClassImpl$1MOPIter::methodNameAction (431 bytes)
181   made not entrant  (1)  groovy.lang.MetaClassImpl$1MOPIter::methodNameAction (431 bytes)
382    1  java.lang.ref.SoftReference::<init> (13 bytes)
383 s! 1  java.beans.PropertyDescriptor::getWriteMethod (136 bytes)
384    1  groovy.lang.MetaClassImpl::establishStaticMetaProperty (268 bytes)
385    1  java.util.concurrent.ConcurrentHashMap::hash (49 bytes)
386    1  java.util.concurrent.ConcurrentHashMap::segmentFor (17 bytes)
387    1  org.codehaus.groovy.reflection.CachedClass::getNewMetaMethods (183 bytes)
---   n   java.lang.Class::getClassLoader0
388    1  java.security.PrivilegedActionException::<init> (14 bytes)
389    1  java.lang.Exception::<init> (6 bytes)
390    1  java.lang.Throwable::<init> (36 bytes)
391    1  java.io.Win32FileSystem::prefixLength (91 bytes)
392    1  java.io.File::exists (34 bytes)
393    1  org.codehaus.groovy.runtime.metaclass.MetaMethodIndex::getMethods (91 bytes)
394    1  java.lang.AbstractStringBuilder::append (71 bytes)
395    1  java.lang.AbstractStringBuilder::stringSizeOfInt (21 bytes)
396    1  java.lang.Integer::getChars (131 bytes)
397    1  java.util.ArrayList::<init> (7 bytes)
398    1  java.lang.String::compareTo (9 bytes)
399       java.util.ArrayList::ensureCapacity (58 bytes)
100   made not entrant  (1)  java.util.ArrayList::ensureCapacity (58 bytes)
400       org.codehaus.groovy.runtime.metaclass.MetaMethodIndex::isMatchingMethod (68 bytes)
179   made not entrant  (1)  org.codehaus.groovy.runtime.metaclass.MetaMethodIndex::addMethodToList (290 bytes)
---   n   java.lang.Class::getInterfaces
401       java.util.HashMap::put (126 bytes)
125   made not entrant  (1)  java.util.HashMap::put (126 bytes)
402    1  groovy.lang.MetaClassImpl::copyNonPrivateFields (75 bytes)
403    1  groovy.lang.MetaClassImpl$Index::getNotNull (32 bytes)
404    1  org.codehaus.groovy.reflection.CachedClass$1::initValue (53 bytes)
405    1  java.lang.Class::copyFields (36 bytes)
406 s! 1  java.beans.PropertyDescriptor::getPropertyType (33 bytes)
407    1  java.beans.PropertyDescriptor::getPropertyType0 (11 bytes)
408    1  groovy.lang.MetaBeanProperty::<init> (18 bytes)
409    1  org.codehaus.groovy.reflection.CachedClass$3::get (5 bytes)
410    1  org.codehaus.groovy.reflection.CachedClass$3::get (8 bytes)
411    1  java.security.CodeSource::getCertificates (107 bytes)
412    1  org.codehaus.groovy.runtime.callsite.CallSiteArray::<init> (54 bytes)
413    1  org.codehaus.groovy.reflection.CachedClass::addSubclassExpandos (142 bytes)
414    1  java.util.concurrent.ConcurrentHashMap::get (19 bytes)
415    1  org.codehaus.groovy.runtime.GroovyCategorySupport$MyThreadLocal::getUsage (52 bytes)
416    1  java.util.AbstractCollection::addAll (38 bytes)
417    1  java.util.AbstractMap::<init> (15 bytes)
418    1  java.net.URLStreamHandler::getDefaultPort (2 bytes)
419    1  sun.reflect.ClassFileAssembler::emitShort (24 bytes)
420    1  sun.reflect.ByteVectorImpl::getLength (7 bytes)
421       sun.reflect.ByteVectorImpl::add (38 bytes)
376   made not entrant  (1)  sun.reflect.ByteVectorImpl::add (38 bytes)
422    1  sun.reflect.ByteVectorImpl::get (26 bytes)
423    1  sun.reflect.ClassFileAssembler::append (30 bytes)
424    1  org.codehaus.groovy.reflection.CachedClass::isAssignableFrom (21 bytes)
425    1  org.codehaus.groovy.util.ComplexKeyHashMap::<init> (11 bytes)
426    1  org.codehaus.groovy.util.ComplexKeyHashMap::init (20 bytes)
427    1  org.codehaus.groovy.util.SingleKeyHashMap::<init> (5 bytes)
428    1  java.io.File::<init> (108 bytes)
429    1  sun.reflect.ClassFileAssembler::cpi (22 bytes)
430    1  groovy.lang.MetaClassImpl::access$200 (10 bytes)
431    1  java.lang.Character::toLowerCase (6 bytes)
---   n   java.lang.Class::isArray
432    1  java.util.jar.JarFile::maybeInstantiateVerifier (87 bytes)
433       org.codehaus.groovy.util.SingleKeyHashMap::getOrPut (137 bytes)
215   made not entrant  (1)  org.codehaus.groovy.util.SingleKeyHashMap::getOrPut (137 bytes)
  6   made zombie  (1)  java.lang.String::indexOf (151 bytes)
 14   made zombie  (1)  java.lang.String::indexOf (166 bytes)
 47   made zombie  (1)  java.lang.String::startsWith (78 bytes)
 49   made zombie  (1)  java.lang.String::getChars (66 bytes)
240   made not entrant  (1)  java.lang.reflect.AccessibleObject::setAccessible (37 bytes)
392   made not entrant  (1)  java.io.File::exists (34 bytes)
434    1  java.lang.reflect.AccessibleObject::setAccessible (37 bytes)
435  ! 1  sun.misc.URLClassPath$FileLoader::getResource (164 bytes)
436    1  java.lang.reflect.Field::copy (59 bytes)
437    1  java.lang.reflect.Field::<init> (44 bytes)
438 s  1  java.util.Hashtable::get (69 bytes)
439    1  java.io.BufferedReader::ensureOpen (18 bytes)
440    1  java.io.StreamTokenizer::read (38 bytes)
441  ! 1  java.io.BufferedReader::read (104 bytes)
442    1  java.io.StreamTokenizer::nextToken (1268 bytes)
---   n   sun.reflect.Reflection::getCallerClass (static)
443    1  java.lang.ClassLoader::getCallerClassLoader (16 bytes)
444 s! 1  java.net.URLStreamHandler::getHostAddress (54 bytes)
445    1  java.io.Win32FileSystem::parentOrNull (171 bytes)
446    1  org.objectweb.asm.MethodWriter::visitVarInsn (281 bytes)
447    1  sun.jkernel.DownloadManager::isJREComplete (4 bytes)
448    1  java.io.Win32FileSystem::resolve (231 bytes)
449    1  sun.jkernel.DownloadManager::getBootClassPathEntryForClass (38 bytes)
185   made not entrant  (1)  org.codehaus.groovy.runtime.metaclass.MetaMethodIndex::isMatchingMethod (68 bytes)
450    1  java.util.Properties::load0 (250 bytes)
 58   made zombie  (1)  java.util.ArrayList::RangeCheck (48 bytes)
 82   made zombie  (1)  java.io.BufferedInputStream::read (49 bytes)
101   made zombie  (1)  java.lang.ref.SoftReference::get (29 bytes)
451    1  java.util.TreeMap::successor (66 bytes)
452       org.codehaus.groovy.reflection.CachedMethod::compareTo (25 bytes)
453    1  java.beans.FeatureDescriptor::<init> (5 bytes)
454    1  java.beans.FeatureDescriptor::setName (6 bytes)
  3%   1  java.util.Arrays::fill @ 10 (28 bytes)
455    1  java.util.Arrays::fill (28 bytes)
456    1  java.util.TreeMap::getEntry (84 bytes)
457    1  java.util.WeakHashMap::indexFor (6 bytes)
458    1  java.nio.Buffer::position (43 bytes)
459    1  java.nio.charset.CoderResult::isUnderflow (13 bytes)
460    1  java.nio.Buffer::limit (62 bytes)
461    1  java.nio.Buffer::<init> (68 bytes)
462    1  sun.nio.cs.StreamEncoder::ensureOpen (18 bytes)
463    1  java.nio.Buffer::hasRemaining (17 bytes)
464    1  java.nio.charset.CoderResult::isOverflow (14 bytes)
465    1  java.nio.CharBuffer::hasArray (20 bytes)
466    1  java.nio.ByteBuffer::hasArray (20 bytes)
467    1  java.nio.CharBuffer::<init> (22 bytes)
468  ! 1  java.nio.CharBuffer::wrap (20 bytes)
469    1  java.nio.HeapCharBuffer::<init> (14 bytes)
470    1  java.nio.Buffer::remaining (10 bytes)
471  ! 1  java.nio.charset.CharsetEncoder::encode (285 bytes)
472    1  sun.nio.cs.ext.DoubleByteEncoder::encodeLoop (28 bytes)
473    1  java.io.PrintWriter::ensureOpen (18 bytes)
474    1  java.io.OutputStreamWriter::write (11 bytes)
475    1  sun.nio.cs.StreamEncoder::write (37 bytes)
476  ! 1  sun.nio.cs.StreamEncoder::write (78 bytes)
477    1  sun.nio.cs.StreamEncoder::implWrite (156 bytes)
478    1  java.util.Stack::empty (13 bytes)
479    1  java.lang.CharacterDataLatin1::getType (10 bytes)
480    1  org.codehaus.groovy.runtime.metaclass.ReflectionMetaMethod::getName (8 bytes)
481  ! 1  java.lang.SecurityManager::checkPackageAccess (156 bytes)
482    1  java.lang.Class::checkInitted (19 bytes)
483    1  java.lang.Class::clearCachesOnClassRedefinition (70 bytes)
484    1  org.codehaus.groovy.runtime.callsite.CallSiteGenerator::writeMethod (687 bytes)
485    1  org.codehaus.groovy.runtime.MetaClassHelper::sameClasses (74 bytes)
486    1  groovy.lang.GroovySystem::getMetaClassRegistry (4 bytes)
487    1  org.codehaus.groovy.util.FastArray::get (7 bytes)
488       java.util.ArrayList::add (29 bytes)
 99   made not entrant  (1)  java.util.ArrayList::add (29 bytes)
489       org.codehaus.groovy.util.LazyReference::get (44 bytes)
104   made not entrant  (1)  org.codehaus.groovy.util.LazyReference::get (44 bytes)
490    1  org.codehaus.groovy.reflection.ParameterTypes::correctArguments (79 bytes)
491       org.codehaus.groovy.reflection.CachedMethod::compareToCachedMethod (133 bytes)
138   made not entrant  (1)  org.codehaus.groovy.reflection.CachedMethod::compareToCachedMethod (133 bytes)
492    1  org.codehaus.groovy.runtime.MetaClassHelper::convertToTypeArray (76 bytes)
493    1  groovy.lang.MetaMethod::equal (38 bytes)
494    1  org.codehaus.groovy.reflection.ParameterTypes::coerceArgumentsToClasses (55 bytes)
495    1  org.codehaus.groovy.util.FastArray::<init> (13 bytes)
496    1  org.objectweb.asm.Label::a (214 bytes)
---   n   java.lang.Class::getModifiers
497    1  java.util.ArrayList::toArray (60 bytes)
498    1  java.lang.StringBuffer::<init> (7 bytes)
499    1  org.codehaus.groovy.runtime.metaclass.MetaMethodIndex::getHeader (38 bytes)
---   n   java.security.AccessController::doPrivileged (static)
139   made not entrant  (1)  org.codehaus.groovy.reflection.CachedMethod::compareTo (25 bytes)
500       java.lang.String::<init> (72 bytes)
 64   made not entrant  (1)  java.lang.String::<init> (72 bytes)
501    1  org.codehaus.groovy.reflection.CachedClass::getName (8 bytes)
502       java.util.HashMap$HashIterator::hasNext (13 bytes)
131   made not entrant  (1)  java.util.HashMap$HashIterator::hasNext (13 bytes)
503    1  java.lang.Class::arrayContentsEq (70 bytes)
504    1  sun.reflect.Reflection::isSubclassOf (21 bytes)
  2   made zombie  (1)  java.lang.String::hashCode (60 bytes)
  4   made zombie  (1)  java.lang.String::equals (88 bytes)
505    1  org.objectweb.asm.MethodWriter::visitLabel (281 bytes)
506    1  org.objectweb.asm.ClassWriter::a (70 bytes)
507    1  org.codehaus.groovy.runtime.GroovyCategorySupport::hasCategoryInCurrentThread (35 bytes)
508    1  org.codehaus.groovy.runtime.MetaClassHelper::unwrap (36 bytes)
509    1  org.objectweb.asm.MethodWriter::visitMethodInsn (264 bytes)
510    1  org.objectweb.asm.ClassWriter::a (91 bytes)
511    1  java.io.ExpiringCache::entryFor (57 bytes)
512    1  java.util.LinkedHashMap::get (25 bytes)
513    1  org.objectweb.asm.ClassWriter::a (15 bytes)
 16   made zombie  (1)  java.lang.String::replace (142 bytes)
 26   made zombie  (1)  java.lang.AbstractStringBuilder::append (40 bytes)
 50   made zombie  (1)  java.lang.AbstractStringBuilder::append (60 bytes)
