---   n   java.lang.System::arraycopy (static)
    223  10      3  java.lang.String::indexOf (151 bytes)
    285   3      3  java.lang.String::hashCode (64 bytes)
    286   1      3  java.lang.String::equals (88 bytes)
    286  26      3  java.lang.String::startsWith (78 bytes)
    287   2      3  java.lang.String::charAt (33 bytes)
    287  29      3  java.lang.String::indexOf (166 bytes)
    288   4      3  java.lang.Object::<init> (1 bytes)
    288  15      3  java.lang.Math::min (11 bytes)
    289  30      3  java.lang.String::lastIndexOf (156 bytes)
    289  22      3  java.lang.String::getChars (66 bytes)
    290  18      3  java.lang.CharacterDataLatin1::getProperties (11 bytes)
    290  23      3  java.lang.AbstractStringBuilder::append (60 bytes)
    291   5      3  java.nio.Buffer::position (43 bytes)
    291  25      3  java.lang.StringBuilder::append (8 bytes)
    292  11      3  java.lang.String::indexOf (7 bytes)
    292  27      3  java.util.Arrays::copyOf (19 bytes)
    292  31      3  java.lang.String::substring (83 bytes)
    293  28      3  java.lang.AbstractStringBuilder::expandCapacity (40 bytes)
    294   9      3  java.nio.charset.CoderResult::isUnderflow (13 bytes)
    294  19      3  java.lang.AbstractStringBuilder::append (40 bytes)
    294  34      3  sun.nio.cs.UTF_8$Encoder::encodeArrayLoop (490 bytes)
    299  33  !   3  sun.misc.URLClassPath$JarLoader::ensureOpen (32 bytes)
    299  32      4  java.lang.String::charAt (33 bytes)
    305   2      3 made not entrant  java.lang.String::charAt (33 bytes)
    305  20      3  java.lang.StringBuilder::append (8 bytes)
---   n   java.util.zip.ZipFile::getEntry (static)
    306  21      3  java.nio.ByteBuffer::arrayOffset (35 bytes)
    307  36      3  java.util.zip.ZipFile::ensureOpen (37 bytes)
    307  35  !   3  sun.misc.URLClassPath$JarLoader::getResource (91 bytes)
    309  37      3  java.lang.String::endsWith (15 bytes)
    309  39      1  java.lang.Object::<init> (1 bytes)
    310   4      3 made not entrant  java.lang.Object::<init> (1 bytes)
    310  24      3  java.nio.CharBuffer::arrayOffset (35 bytes)
    310  43      3  java.util.zip.ZStreamRef::address (5 bytes)
    310  40      3  java.lang.Character::toLowerCase (6 bytes)
    311  41      3  java.lang.Character::toLowerCase (162 bytes)
    311  42      3  java.lang.CharacterDataLatin1::toLowerCase (36 bytes)
    312  38      3  java.lang.String::substring (10 bytes)
    312  44 s!   3  sun.misc.URLClassPath::getLoader (145 bytes)
    315  45      3  sun.net.www.ParseUtil::encodePath (336 bytes)
    317  49      3  java.lang.String::<init> (72 bytes)
    319  50      3  java.util.Arrays::copyOfRange (63 bytes)
    320  47      3  java.util.ArrayList::get (12 bytes)
    321  60      3  java.lang.String::replace (142 bytes)
    322  56      3  java.lang.AbstractStringBuilder::<init> (12 bytes)
    323  53      3  java.lang.String::indexOf (29 bytes)
    324  48      3  java.util.ArrayList::RangeCheck (48 bytes)
    326  52  !   3  java.util.zip.ZipFile::getEntry (82 bytes)
    327  51      3  java.lang.String::startsWith (7 bytes)
    328  46      3  java.lang.StringBuilder::toString (17 bytes)
    329  59      4  java.lang.String::indexOf (151 bytes)
    329  35  !   3 made not entrant  sun.misc.URLClassPath$JarLoader::getResource (91 bytes)
---   n   java.lang.Thread::currentThread (static)
    339  10      3 made not entrant  java.lang.String::indexOf (151 bytes)
    340  70      4  java.lang.String::indexOf (166 bytes)
    350  44 s!   3 made not entrant  sun.misc.URLClassPath::getLoader (145 bytes)
    351  29      3 made not entrant  java.lang.String::indexOf (166 bytes)
    352  67  !   3  sun.misc.URLClassPath$JarLoader::getResource (91 bytes)
    354  72 s!   3  sun.misc.URLClassPath::getLoader (145 bytes)
    383  75      1  java.lang.CharacterDataLatin1::getProperties (11 bytes)
    384  18      3 made not entrant  java.lang.CharacterDataLatin1::getProperties (11 bytes)
    385  78      3  java.io.DataInputStream::readUTF (501 bytes)
    389  81      3  java.io.DataInputStream::readFully (63 bytes)
    391  74      3  java.io.BufferedInputStream::getBufIfOpen (21 bytes)
    392  76 s    3  java.io.BufferedInputStream::read (49 bytes)
    393  77      3  java.util.HashMap::get (79 bytes)
    394  85 s    3  java.io.BufferedInputStream::read (113 bytes)
    395  79      3  java.io.DataInputStream::readInt (72 bytes)
    396  80      3  java.lang.Integer::valueOf (32 bytes)
    397  71      3  java.lang.String::<init> (20 bytes)
    398  82      3  java.io.BufferedInputStream::read1 (108 bytes)
    399  83      3  java.io.DataInputStream::readUTF (5 bytes)
    400  86      3  java.lang.String::regionMatches (157 bytes)
    402  84      3  java.io.DataInputStream::readUnsignedShort (39 bytes)
    404  58      3  java.util.HashMap::indexFor (6 bytes)
    405  54      3  java.util.HashMap::hash (23 bytes)
    405  68      3  java.util.jar.JarFile::getEntry (22 bytes)
    407  55      3  java.lang.StringBuilder::<init> (7 bytes)
    407  69      3  java.util.jar.JarFile::getJarEntry (9 bytes)
    409  62      3  java.lang.String::indexOf (7 bytes)
    410  57      3  java.lang.String::lastIndexOf (12 bytes)
    411  90      3  java.lang.Character::toUpperCase (162 bytes)
    412  91      3  java.lang.CharacterDataLatin1::toUpperCase (50 bytes)
    414  92      3  java.lang.String::equalsIgnoreCase (45 bytes)
    415  97  !   3  java.net.URL::<init> (531 bytes)
    421  99      3  java.io.UnixFileSystem::normalize (75 bytes)
    423 100      3  java.lang.ref.SoftReference::get (29 bytes)
    423  88      3  sun.misc.VM::allowArraySyntax (33 bytes)
    425  89      3  java.lang.ClassLoader::checkName (43 bytes)
    427  63      3  java.nio.Buffer::limit (62 bytes)
    428  64      3  java.nio.Buffer::<init> (68 bytes)
    429  61      3  java.lang.System::getSecurityManager (4 bytes)
    431  96      3  java.net.URL::<init> (8 bytes)
    432  98      3  java.net.URLStreamHandler::setURL (40 bytes)
    433  94      3  sun.net.www.protocol.file.Handler::parseURL (18 bytes)
    434  95      3  java.util.BitSet::wordIndex (5 bytes)
    435  93      3  java.util.zip.Inflater::ensureOpen (47 bytes)
    437  73      4  java.lang.String::lastIndexOf (156 bytes)
    446  30      3 made not entrant  java.lang.String::lastIndexOf (156 bytes)
    447  87      4  java.lang.String::hashCode (64 bytes)
    451   3      3 made not entrant  java.lang.String::hashCode (64 bytes)
    452 101      3  java.util.ArrayList::add (29 bytes)
    453 102      3  java.util.HashMap::put (126 bytes)
    455 103      3  org.codehaus.groovy.util.ManagedReference::get (10 bytes)
    456 108      3  java.util.ArrayList::ensureCapacity (58 bytes)
---   n   java.util.zip.Inflater::inflateBytes
    458 104      3  java.lang.ThreadLocal::getMap (5 bytes)
    458 105      3  java.lang.ThreadLocal::get (34 bytes)
    458 106      3  java.lang.ThreadLocal$ThreadLocalMap::access$000 (6 bytes)
    458 107      3  java.lang.ThreadLocal$ThreadLocalMap::getEntry (42 bytes)
    459 109  !   3  java.util.zip.Inflater::inflate (74 bytes)
    460 111 s    3  java.lang.StringBuffer::append (8 bytes)
    460 110      3  java.util.zip.ZipFile::access$300 (5 bytes)
    462 112      3  java.util.jar.JarFile::maybeInstantiateVerifier (87 bytes)
    463 113      3  java.io.InputStream::<init> (5 bytes)
    463 114      3  java.security.CodeSource::getCertificates (107 bytes)
---   n   sun.misc.Unsafe::compareAndSwapInt
    465 115      3  org.codehaus.groovy.reflection.CachedMethod::getName (8 bytes)
---   n   java.lang.ClassLoader::findLoadedClass0
    467 116      3  java.lang.ClassLoader::findLoadedClass (16 bytes)
    468 117      3  java.util.concurrent.locks.AbstractQueuedSynchronizer::<init> (5 bytes)
---   n   java.lang.Object::hashCode
    469 118      3  java.util.concurrent.locks.AbstractOwnableSynchronizer::<init> (5 bytes)
    469 119      3  org.codehaus.groovy.util.LockableObject::<init> (5 bytes)
    470 120      3  org.codehaus.groovy.util.LazyReference::get (44 bytes)
    470 121      3  java.util.HashMap$HashIterator::hasNext (13 bytes)
    470 122      3  java.util.concurrent.locks.AbstractQueuedSynchronizer::compareAndSetState (13 bytes)
    471 123      3  java.util.concurrent.locks.AbstractQueuedSynchronizer::release (33 bytes)
    471 126      3  org.codehaus.groovy.util.LazyReference::<init> (17 bytes)
    471 124      3  java.util.concurrent.locks.AbstractQueuedSynchronizer::setState (6 bytes)
    472 125      3  java.lang.ref.Reference::<init> (25 bytes)
    472 127      3  org.codehaus.groovy.reflection.ReflectionCache::getCachedClass (14 bytes)
    472 128      3  java.util.HashMap$Entry::<init> (26 bytes)
    473 130      3  org.codehaus.groovy.reflection.ClassInfo$LocalMap::getFromCache (76 bytes)
    473 131      3  org.codehaus.groovy.reflection.CachedClass::hashCode (33 bytes)
    475 129      3  org.codehaus.groovy.reflection.ClassInfo::getClassInfo (57 bytes)
    476 136  !   3  java.util.AbstractList$Itr::next (46 bytes)
    478 133      3  org.codehaus.groovy.reflection.ClassInfo$ThreadLocalMapHandler::get (53 bytes)
    479 134      3  org.codehaus.groovy.reflection.ClassInfo$LocalMap::get (47 bytes)
    481 135      3  java.lang.ref.PhantomReference::get (2 bytes)
    481 137      3  groovy.lang.MetaMethod::<init> (5 bytes)
    482 138      3  org.codehaus.groovy.reflection.ParameterTypes::<init> (5 bytes)
    483 140      3  java.util.AbstractList$Itr::hasNext (20 bytes)
    484 142      3  org.codehaus.groovy.reflection.GeneratedMetaMethod$Proxy::<init> (16 bytes)
    485 143      3  org.codehaus.groovy.reflection.GeneratedMetaMethod::<init> (26 bytes)
    486 144      3  org.codehaus.groovy.util.FastArray::add (71 bytes)
    487 139      3  java.util.AbstractList$Itr::checkForComodification (23 bytes)
    489 132      3  java.util.HashMap::addEntry (58 bytes)
    490 145      3  java.util.HashMap$KeyIterator::next (8 bytes)
    491 141      4  java.lang.ref.SoftReference::get (29 bytes)
    492 100      3 made not entrant  java.lang.ref.SoftReference::get (29 bytes)
    496 146      3  java.util.Arrays::copyOf (19 bytes)
    497 147      3  java.net.URL::equals (24 bytes)
    497 150 s!   3  java.lang.ClassLoader::loadClass (62 bytes)
    499 148      3  java.net.URLStreamHandler::equals (45 bytes)
    501 152 s    3  java.util.Hashtable::get (69 bytes)
    502 153      3  java.nio.Buffer::hasRemaining (17 bytes)
    503 154      3  java.nio.CharBuffer::hasArray (20 bytes)
    504 155      3  java.nio.ByteBuffer::hasArray (20 bytes)
    505 156      3  java.nio.charset.CoderResult::isOverflow (14 bytes)
    506 157      3  java.nio.ByteBuffer::<init> (45 bytes)
    507 158  !   3  java.nio.Bits::byteOrder (119 bytes)
    509 159  !   3  java.nio.CharBuffer::wrap (20 bytes)
    510 162  !   3  java.net.URL::set (114 bytes)
    511 160      3  java.nio.HeapCharBuffer::<init> (14 bytes)
    512 161      3  java.nio.CharBuffer::<init> (22 bytes)
    513 163      3  java.lang.StringCoding::deref (19 bytes)
    514 168      3  java.net.URLStreamHandler::parseURL (1158 bytes)
    522 151      4  java.lang.String::getChars (66 bytes)
    530 169      3  sun.nio.cs.UTF_8$Decoder::decodeArrayLoop (553 bytes)
    532 173      4  java.lang.AbstractStringBuilder::append (60 bytes)
    538 172      3  java.util.BitSet::checkInvariants (111 bytes)
    539 164      3  java.lang.StringCoding::access$000 (6 bytes)
    540  23      3 made not entrant  java.lang.AbstractStringBuilder::append (60 bytes)
    543  22      3 made not entrant  java.lang.String::getChars (66 bytes)
    543 165      3  java.lang.StringCoding::scale (7 bytes)
    544 166  !   3  java.nio.ByteBuffer::wrap (20 bytes)
    545 167      3  java.nio.HeapByteBuffer::<init> (14 bytes)
    546 149      3  java.net.URLStreamHandler::sameFile (136 bytes)
    548 171      3  java.lang.String::getBytes (29 bytes)
---   n   java.lang.Class::getSuperclass
    549 170      3  java.lang.Number::<init> (5 bytes)
    550 174      4  java.lang.String::replace (142 bytes)
    565  60      3 made not entrant  java.lang.String::replace (142 bytes)
    565 175  !   3  java.lang.ClassLoader::getPackage (105 bytes)
    567 177      3  sun.misc.URLClassPath::getResource (74 bytes)
    569 176      3  java.io.FilterInputStream::<init> (10 bytes)
    569 179      4  java.lang.String::startsWith (78 bytes)
    574  26      3 made not entrant  java.lang.String::startsWith (78 bytes)
    574 182      3  java.util.jar.Manifest$FastInputStream::readLine (167 bytes)
    576 178      3  sun.misc.ASCIICaseInsensitiveComparator::compare (143 bytes)
    578 183      3  java.util.jar.Attributes$Name::isValid (32 bytes)
    579 184      3  java.util.jar.Attributes$Name::isAlpha (30 bytes)
---   n   java.lang.System::identityHashCode (static)
    580 180      3  java.util.BitSet::get (69 bytes)
    582 189      3  org.codehaus.groovy.util.AbstractConcurrentMap$Segment::getOrPut (121 bytes)
    584 187      3  java.util.concurrent.atomic.AtomicInteger::compareAndSet (13 bytes)
---   n   java.lang.Class::isAssignableFrom
    585 188      3  org.codehaus.groovy.util.AbstractConcurrentMapBase::hash (36 bytes)
    586 190      3  java.util.concurrent.atomic.AtomicInteger::incrementAndGet (23 bytes)
    588 191      3  org.codehaus.groovy.util.ManagedReference::<init> (40 bytes)
    588 194      4  java.util.HashMap::get (79 bytes)
---   n   java.io.UnixFileSystem::getBooleanAttributes0
    593  77      3 made not entrant  java.util.HashMap::get (79 bytes)
    593 195      3  java.util.HashMap$HashIterator::nextEntry (99 bytes)
    594 192      3  org.codehaus.groovy.util.ManagedReference::<init> (14 bytes)
    594 186      3  java.util.AbstractCollection::<init> (5 bytes)
    595 193      3  java.io.UnixFileSystem::prefixLength (25 bytes)
    595 197      3  java.io.File::getName (42 bytes)
    596 181      3  java.io.UnixFileSystem::resolve (103 bytes)
    597 196      3  java.io.UnixFileSystem::getBooleanAttributes (49 bytes)
    598 185  !   3  org.codehaus.groovy.tools.RootLoader::loadClass (65 bytes)
    600 198      3  java.lang.String::concat (58 bytes)
    600 200      4  java.util.ArrayList::RangeCheck (48 bytes)
    600 199  !   3  sun.misc.URLClassPath$FileLoader::getResource (164 bytes)
    601  48      3 made not entrant  java.util.ArrayList::RangeCheck (48 bytes)
    604 201 s    3  java.lang.StringBuffer::toString (17 bytes)
    609 202      4  java.lang.String::substring (83 bytes)
---   n   java.util.zip.ZipFile::freeEntry (static)
---   n   java.util.zip.ZipFile::getSize (static)
    612  31      3 made not entrant  java.lang.String::substring (83 bytes)
    612 205  !   3  java.util.zip.ZipFile$ZipFileInputStream::close (63 bytes)
    613 204 s    3  java.util.Vector::add (39 bytes)
    613 203      3  java.util.zip.ZipEntry::<init> (102 bytes)
    615 206      3  java.util.Vector::ensureCapacityHelper (60 bytes)
    619 207      4  java.lang.String::<init> (72 bytes)
    623  49      3 made not entrant  java.lang.String::<init> (72 bytes)
    623 208      4  java.util.Arrays::copyOfRange (63 bytes)
    627  50      3 made not entrant  java.util.Arrays::copyOfRange (63 bytes)
    627 209      3  java.lang.StringBuffer::<init> (6 bytes)
    627 210      3  java.net.URL::toString (5 bytes)
    628 211      3  java.util.HashMap::transfer (83 bytes)
    631 212      3  java.util.jar.Attributes::getValue (9 bytes)
    631 213      3  java.util.jar.Attributes::get (11 bytes)
    634 214 s    3  java.util.Vector::remove (82 bytes)
    637 215      3  org.codehaus.groovy.reflection.CachedClass::getCachedSuperClass (11 bytes)
    642 216      3  java.lang.String::compareTo (150 bytes)
    642 218      3  org.codehaus.groovy.reflection.CachedMethod::compareToCachedMethod (133 bytes)
    645 217      3  org.codehaus.groovy.reflection.CachedMethod::compareTo (25 bytes)
    645 219      3  java.util.HashSet::add (20 bytes)
    645 220      3  sun.reflect.ReflectionFactory::langReflectAccess (15 bytes)
    646 221      3  java.lang.reflect.AccessibleObject::<init> (5 bytes)
    646 222      3  org.codehaus.groovy.util.LockableObject::lock (25 bytes)
    647 225      4  java.lang.String::equals (88 bytes)
    652   1      3 made not entrant  java.lang.String::equals (88 bytes)
    652 231      3  org.codehaus.groovy.runtime.metaclass.MetaMethodIndex::getOrPutMethods (193 bytes)
    653 230      3  groovy.lang.MetaMethod::isPrivate (15 bytes)
    654 227      3  org.codehaus.groovy.reflection.ParameterTypes::getParameterTypes (16 bytes)
    654 226      3  org.codehaus.groovy.reflection.CachedMethod::getModifiers (8 bytes)
    655 228      3  org.codehaus.groovy.runtime.metaclass.MetaMethodIndex::addMethodToList (290 bytes)
    655 234      4  org.codehaus.groovy.reflection.CachedMethod::getName (8 bytes)
    656 115      3 made not entrant  org.codehaus.groovy.reflection.CachedMethod::getName (8 bytes)
    658 233      3  groovy.lang.MetaClassImpl$1MOPIter::methodNameAction (431 bytes)
    661 232      3  org.codehaus.groovy.reflection.GeneratedMetaMethod::getModifiers (2 bytes)
    661 223      3  org.codehaus.groovy.util.LockableObject::unlock (7 bytes)
    662 224      3  org.codehaus.groovy.util.LockableObject::tryRelease (45 bytes)
    662 235      3  java.lang.ClassLoader::loadClass (7 bytes)
    663 236  !   3  java.lang.StringCoding::encode (120 bytes)
    665 237  !   3  java.lang.StringCoding$StringEncoder::encode (130 bytes)
---   n   java.lang.Object::clone
    668 242      3  java.lang.reflect.Method::equals (107 bytes)
    669 243      3  java.lang.reflect.Method::getParameterTypes (14 bytes)
    669 244      3  java.lang.Class$MethodArray::removeByNameAndSignature (71 bytes)
    670 245      3  java.lang.ref.Reference::<init> (7 bytes)
    671 246      3  java.lang.Class::getName (20 bytes)
    671 238      3  java.nio.charset.CharsetEncoder::maxBytesPerChar (5 bytes)
    671 239      3  java.nio.charset.CharsetEncoder::reset (11 bytes)
    672 240      3  java.nio.ByteBuffer::wrap (8 bytes)
    672 241  !   3  java.nio.charset.CharsetEncoder::encode (285 bytes)
    675 247      3  java.lang.reflect.AccessibleObject::setAccessible0 (43 bytes)
    675 248      3  java.lang.reflect.Modifier::isPublic (12 bytes)
    675 229  !   3  org.codehaus.groovy.util.LazyReference::getLocked (85 bytes)
    676 250      4  java.lang.String::startsWith (7 bytes)
---   n   java.lang.String::intern
    680  51      3 made not entrant  java.lang.String::startsWith (7 bytes)
    681 256      3  org.codehaus.groovy.runtime.metaclass.MetaMethodIndex::isMatchingMethod (68 bytes)
    682 257      3  java.util.Arrays::binarySearch0 (95 bytes)
    683 251      3  org.codehaus.groovy.util.ComplexKeyHashMap::hash (31 bytes)
    683 249      3  org.codehaus.groovy.reflection.CachedMethod::getReturnType (8 bytes)
    683 258      3  java.util.Arrays::binarySearch (10 bytes)
    683 252      3  java.lang.ref.SoftReference::<init> (14 bytes)
    684 253      3  org.codehaus.groovy.util.ReferenceType$1::createReference (11 bytes)
    685 254      3  org.codehaus.groovy.util.ReferenceType$SoftRef::<init> (12 bytes)
    685 255      3  org.codehaus.groovy.util.ReferenceManager$2::afterReferenceCreation (49 bytes)
    686 261 s    3  sun.misc.Resource::cachedInputStream (20 bytes)
    686 259      3  java.net.URLClassLoader::access$000 (8 bytes)
    686 260  !   3  java.net.URLClassLoader::defineClass (373 bytes)
    689 272 s!   4  sun.misc.URLClassPath::getLoader (145 bytes)
    703  72 s!   3 made not entrant  sun.misc.URLClassPath::getLoader (145 bytes)
    704 273      4  java.lang.String::indexOf (7 bytes)
    710 274      4  java.util.ArrayList::get (12 bytes)
    712  47      3 made not entrant  java.util.ArrayList::get (12 bytes)
    712  11      3 made not entrant  java.lang.String::indexOf (7 bytes)
    715 271      1  java.util.zip.ZStreamRef::address (5 bytes)
    715  43      3 made not entrant  java.util.zip.ZStreamRef::address (5 bytes)
    715 275  !   3  sun.reflect.generics.parser.SignatureParser::current (40 bytes)
    716 269  !   3  java.util.zip.InflaterInputStream::read (138 bytes)
    717 276      3  sun.reflect.generics.parser.SignatureParser::advance (37 bytes)
    718 277      3  java.lang.Character::isWhitespace (5 bytes)
    718 278      3  java.lang.Character::isWhitespace (158 bytes)
    719 279      3  java.lang.CharacterDataLatin1::isWhitespace (22 bytes)
    719 263      3  sun.misc.ASCIICaseInsensitiveComparator::toLower (16 bytes)
    720 264      3  sun.misc.ASCIICaseInsensitiveComparator::isUpper (18 bytes)
    720 267      3  java.lang.Character::toUpperCaseEx (178 bytes)
    721 268      3  java.lang.CharacterDataLatin1::toUpperCaseEx (67 bytes)
    721 270      3  java.util.zip.InflaterInputStream::ensureOpen (18 bytes)
    721 262 s!   3  java.net.URLStreamHandler::getHostAddress (54 bytes)
    722 280 s    1  java.util.Vector::size (5 bytes)
    722 265      3  java.util.jar.Manifest$FastInputStream::readLine (9 bytes)
    723 266      3  java.util.jar.Manifest$FastInputStream::peek (25 bytes)
    726 281      3  java.io.File::<init> (108 bytes)
    726 284      4  java.util.zip.ZipFile::ensureOpen (37 bytes)
    727 282      3  java.net.URLClassLoader::isSealed (72 bytes)
    727  36      3 made not entrant  java.util.zip.ZipFile::ensureOpen (37 bytes)
    728 283      3  java.lang.ClassLoader::compareCerts (149 bytes)
    746 285      4  sun.net.www.ParseUtil::encodePath (336 bytes)
    746 105      3 made not entrant  java.lang.ThreadLocal::get (34 bytes)
    747 133      3 made not entrant  org.codehaus.groovy.reflection.ClassInfo$ThreadLocalMapHandler::get (53 bytes)
    747 236  !   3 made not entrant  java.lang.StringCoding::encode (120 bytes)
    771 286      1  java.lang.ThreadLocal::getMap (5 bytes)
    772 104      3 made not entrant  java.lang.ThreadLocal::getMap (5 bytes)
    772   2      3 made zombie  java.lang.String::charAt (33 bytes)
    772   4      3 made zombie  java.lang.Object::<init> (1 bytes)
    772 287      3  groovy.lang.MetaClassImpl::addMetaMethodToIndex (65 bytes)
    773 294      3  java.lang.ThreadLocal::get (34 bytes)
    774 288      3  groovy.lang.MetaClassImpl::checkIfStdMethod (183 bytes)
    777 289      3  groovy.lang.MetaClassImpl::checkIfGroovyObjectMethod (60 bytes)
    777  45      3 made not entrant  sun.net.www.ParseUtil::encodePath (336 bytes)
    779 290      3  groovy.lang.MetaClassImpl::isGenericGetMethod (44 bytes)
    779 291      3  org.codehaus.groovy.runtime.MetaClassHelper::isGenericSetMethod (27 bytes)
    780 295      3  groovy.lang.MetaMethod::getMopName (104 bytes)
    782 296      3  org.codehaus.groovy.reflection.CachedClass$CachedMethodComparatorWithString::compare (37 bytes)
    783 293      3  java.util.HashMap::containsKey (14 bytes)
    783 292      3  java.util.HashSet::contains (9 bytes)
    783 297      3  java.util.ArrayList::<init> (44 bytes)
    785 298  !   3  java.util.zip.ZipFile$ZipFileInputStream::read (125 bytes)
    785 299  !   4  sun.misc.URLClassPath$JarLoader::getResource (91 bytes)
    799  67  !   3 made not entrant  sun.misc.URLClassPath$JarLoader::getResource (91 bytes)
---   n   java.lang.Class::isPrimitive
---   n   java.lang.Class::getInterfaces
    802 300      3  groovy.lang.MetaMethod::isStatic (16 bytes)
    802 302      1  org.codehaus.groovy.reflection.GeneratedMetaMethod::getModifiers (2 bytes)
    802 232      3 made not entrant  org.codehaus.groovy.reflection.GeneratedMetaMethod::getModifiers (2 bytes)
    802 301      3  java.util.HashMap::getEntry (79 bytes)
    804 303      3  sun.reflect.ReflectionFactory::copyMethod (10 bytes)
    805 307      3  org.codehaus.groovy.reflection.ClassInfo$ThreadLocalMapHandler::get (53 bytes)
    806 304      3  java.lang.reflect.ReflectAccess::copyMethod (5 bytes)
    806 305      3  java.lang.reflect.Method::copy (67 bytes)
    806 309      3  java.lang.Class$MethodArray::add (51 bytes)
    807 306      3  java.lang.reflect.Method::<init> (68 bytes)
    807 312      3  java.lang.reflect.Modifier::isStatic (13 bytes)
    808 310      3  java.lang.Class$MethodArray::get (7 bytes)
    808 308      3  java.util.Arrays::swap (15 bytes)
    808 311      3  java.lang.ref.WeakReference::<init> (6 bytes)
    809 313 s    3  java.lang.StringBuffer::append (8 bytes)
---   ns  java.lang.Throwable::fillInStackTrace
    814 314      3  java.lang.Object::equals (11 bytes)
    814 315      3  java.util.HashMap$HashIterator::<init> (63 bytes)
    815 317      3  java.beans.FeatureDescriptor::getObject (13 bytes)
    815 316      3  java.beans.FeatureDescriptor::createReference (33 bytes)
    816 318      3  org.codehaus.groovy.util.SingleKeyHashMap::getOrPut (137 bytes)
    817 320      3  org.codehaus.groovy.reflection.CachedMethod::isStatic (8 bytes)
    817 321      3  org.codehaus.groovy.runtime.metaclass.MethodHelper::isStatic (19 bytes)
    817 319      3  groovy.lang.MetaClassImpl::addToAllMethodsIfPublic (22 bytes)
    818 322      3  groovy.lang.MetaClassImpl$1MOPIter::processFastArray (213 bytes)
    820 323      3  groovy.lang.MetaProperty::<init> (15 bytes)
    821 324      3  java.util.AbstractMap::<init> (15 bytes)
    821 325      3  java.util.HashSet::iterator (13 bytes)
    822 326      3  java.util.HashMap::keySet (28 bytes)
    822 327      3  java.util.HashMap$KeySet::iterator (8 bytes)
    823 328      3  java.util.HashMap::newKeyIterator (10 bytes)
    823 329      3  java.util.HashMap$KeyIterator::<init> (6 bytes)
    823 330      3  java.util.HashMap$KeyIterator::<init> (11 bytes)
---   n   java.lang.Class::isInterface
    825 331      3  java.util.HashMap$ValueIterator::next (8 bytes)
    825 332      3  java.util.TreeMap::parentOf (13 bytes)
    825 334      3  groovy.lang.MetaClassImpl::findPropertyMethod (356 bytes)
---   n   java.security.AccessController::doPrivileged (static)
    830 333      3  org.codehaus.groovy.util.SingleKeyHashMap::put (10 bytes)
    830 335  !   3  java.net.URLClassLoader$1::run (74 bytes)
    836 336      3  java.util.AbstractSet::<init> (5 bytes)
---   n   java.util.zip.ZipEntry::initFields
    837 337      3  org.codehaus.groovy.reflection.CachedClass::getInterfaces (11 bytes)
    852  10      3 made zombie  java.lang.String::indexOf (151 bytes)
    853   3      3 made zombie  java.lang.String::hashCode (64 bytes)
    854 341      4  java.lang.String::compareTo (150 bytes)
    854   1      3 made zombie  java.lang.String::equals (88 bytes)
    855  26      3 made zombie  java.lang.String::startsWith (78 bytes)
    856  29      3 made zombie  java.lang.String::indexOf (166 bytes)
    856  30      3 made zombie  java.lang.String::lastIndexOf (156 bytes)
    857  22      3 made zombie  java.lang.String::getChars (66 bytes)
    858  18      3 made zombie  java.lang.CharacterDataLatin1::getProperties (11 bytes)
    859  23      3 made zombie  java.lang.AbstractStringBuilder::append (60 bytes)
    860  11      3 made zombie  java.lang.String::indexOf (7 bytes)
    861  31      3 made zombie  java.lang.String::substring (83 bytes)
    862  36      3 made zombie  java.util.zip.ZipFile::ensureOpen (37 bytes)
    863  35  !   3 made zombie  sun.misc.URLClassPath$JarLoader::getResource (91 bytes)
    864  43      3 made zombie  java.util.zip.ZStreamRef::address (5 bytes)
    864 216      3 made not entrant  java.lang.String::compareTo (150 bytes)
    865  44 s!   3 made zombie  sun.misc.URLClassPath::getLoader (145 bytes)
    865  49      3 made zombie  java.lang.String::<init> (72 bytes)
    866  50      3 made zombie  java.util.Arrays::copyOfRange (63 bytes)
    867  47      3 made zombie  java.util.ArrayList::get (12 bytes)
    868  60      3 made zombie  java.lang.String::replace (142 bytes)
    868  48      3 made zombie  java.util.ArrayList::RangeCheck (48 bytes)
    869  51      3 made zombie  java.lang.String::startsWith (7 bytes)
    870  72 s!   3 made zombie  sun.misc.URLClassPath::getLoader (145 bytes)
    871  77      3 made zombie  java.util.HashMap::get (79 bytes)
    872 100      3 made zombie  java.lang.ref.SoftReference::get (29 bytes)
    873 343      3  org.codehaus.groovy.runtime.metaclass.MetaMethodIndex::copyNonPrivateNonNewMetaMethods (171 bytes)
    875 344      4  java.lang.reflect.Method::equals (107 bytes)
    876 115      3 made zombie  org.codehaus.groovy.reflection.CachedMethod::getName (8 bytes)
    878 346      3  java.lang.Class$MethodArray::addIfNotPresent (47 bytes)
    880 339      3  org.codehaus.groovy.runtime.metaclass.MetaMethodIndex::copyNonPrivateMethods (149 bytes)
    881 242      3 made not entrant  java.lang.reflect.Method::equals (107 bytes)
    883 345      3  java.beans.FeatureDescriptor::getClass0 (11 bytes)
    884 342      3  org.codehaus.groovy.runtime.metaclass.MetaMethodIndex::isNonRealMethod (48 bytes)
    885 340      3  org.codehaus.groovy.reflection.CachedMethod::<init> (15 bytes)
    886 338      3  org.codehaus.groovy.reflection.ParameterTypes::setParametersTypes (32 bytes)
    887 347      3  java.lang.Float::isNaN (12 bytes)
    888 348      3  java.lang.ref.SoftReference::<init> (13 bytes)
    889 350      3  groovy.lang.MetaClassImpl$1::methodNameAction (169 bytes)
    892 354  !   3  java.lang.StringCoding::encode (120 bytes)
    895 351      3  java.lang.ClassNotFoundException::<init> (7 bytes)
    896 352      3  java.lang.Exception::<init> (7 bytes)
    897 349      3  org.codehaus.groovy.reflection.CachedMethod::getPT (8 bytes)
    898 353      3  java.lang.Throwable::<init> (25 bytes)
    899 358      3  java.beans.FeatureDescriptor::createReference (6 bytes)
    900 361 s    3  org.codehaus.groovy.reflection.ParameterTypes::getParametersTypes0 (67 bytes)
    902 362      3  java.beans.Introspector::addMethod (196 bytes)
    904 363      3  java.beans.FeatureDescriptor::<init> (5 bytes)
    905 365      3  org.codehaus.groovy.util.SingleKeyHashMap::get (67 bytes)
    906 359      3  java.util.AbstractList::<init> (10 bytes)
    907 364      3  java.beans.FeatureDescriptor::setName (6 bytes)
    908 355      3  sun.nio.cs.UTF_8$Encoder::encodeLoop (28 bytes)
    909 356      3  java.nio.charset.CharsetEncoder::flush (49 bytes)
    910 360      3  java.lang.String::toCharArray (20 bytes)
    911 366      4  java.lang.AbstractStringBuilder::append (40 bytes)
    911 357      3  java.nio.charset.CharsetEncoder::implFlush (4 bytes)
    913 367  !   3  java.io.BufferedReader::readLine (304 bytes)
    913 368      4  sun.nio.cs.UTF_8$Encoder::encodeArrayLoop (490 bytes)
    916  19      3 made not entrant  java.lang.AbstractStringBuilder::append (40 bytes)
    927  34      3 made not entrant  sun.nio.cs.UTF_8$Encoder::encodeArrayLoop (490 bytes)
    932 369      3  java.util.LinkedList$ListItr::checkForComodification (23 bytes)
---   n   java.lang.Class::getClassLoader0
    938 371      3  org.objectweb.asm.ClassWriter::a (49 bytes)
    939 370      3  org.objectweb.asm.Item::a (146 bytes)
    940 372      3  org.objectweb.asm.ByteVector::putByte (39 bytes)
    941 373      3  java.lang.StringBuffer::<init> (7 bytes)
    942 374      3  java.net.URLStreamHandler::toExternalForm (219 bytes)
    946 378      3  org.codehaus.groovy.reflection.CachedMethod::compareToMethod (125 bytes)
    947 381      4  java.lang.StringBuilder::append (8 bytes)
    949 377      3  org.codehaus.groovy.reflection.CachedMethod$MyComparator::compare (43 bytes)
    950 380      3  org.codehaus.groovy.util.ComplexKeyHashMap$1::hasNext (13 bytes)
    950 376      3  java.beans.PropertyDescriptor::getWriteMethod0 (11 bytes)
    951 382      3  java.util.jar.Attributes$Name::hashCode (24 bytes)
    951 375      3  java.util.ArrayList::<init> (7 bytes)
    951 383      3  org.codehaus.groovy.reflection.ReflectionCache::isAssignableFrom (13 bytes)
    951 379 s!   3  java.beans.PropertyDescriptor::getReadMethod (173 bytes)
    955 386      3  java.util.LinkedList$ListItr::hasNext (20 bytes)
    955 384  !   3  java.net.URLClassLoader::findClass (29 bytes)
    955  25      3 made not entrant  java.lang.StringBuilder::append (8 bytes)
    956 385      3  java.net.URLClassLoader$1::<init> (15 bytes)
    956 387      3  java.util.HashMap::resize (52 bytes)
    957 388      3  java.lang.Class::arrayContentsEq (70 bytes)
    958 393      1  java.lang.Class$MethodArray::get (7 bytes)
    958 310      3 made not entrant  java.lang.Class$MethodArray::get (7 bytes)
    958 392 s    3  java.beans.MethodDescriptor::setParams (74 bytes)
    959 389      3  java.beans.MethodDescriptor::<init> (7 bytes)
    959 390      3  java.beans.MethodDescriptor::<init> (23 bytes)
    960 391 s    3  java.beans.MethodDescriptor::setMethod (38 bytes)
    961 394      3  java.beans.FeatureDescriptor::setClass0 (9 bytes)
    961 395      3  groovy.lang.MetaClassImpl::addElementToList (58 bytes)
    962 396  !   3  groovy.lang.MetaClassImpl::getPropName (77 bytes)
    962 397      3  groovy.lang.MetaClassImpl::createMetaBeanProperty (218 bytes)
---   n   java.lang.Object::getClass
    965 400      3  org.objectweb.asm.ByteVector::putUTF8 (394 bytes)
    967 401      3  org.objectweb.asm.ByteVector::putShort (52 bytes)
    967 398      3  org.objectweb.asm.Item::<init> (66 bytes)
    968 399      3  org.objectweb.asm.ClassWriter::b (147 bytes)
    968 402 s    3  java.util.Vector::addElement (38 bytes)
    968 403      4  org.codehaus.groovy.util.ManagedReference::get (10 bytes)
    970 103      3 made not entrant  org.codehaus.groovy.util.ManagedReference::get (10 bytes)
    971 404      3  sun.reflect.ClassFileAssembler::emitByte (11 bytes)
    972 405      3  sun.reflect.ByteVectorImpl::add (38 bytes)
---   n   java.lang.Class::isArray
    974 406      3  org.objectweb.asm.Item::a (240 bytes)
    975 407      3  org.objectweb.asm.MethodWriter::visitVarInsn (281 bytes)
    977 409      3  sun.misc.MetaIndex::mayContain (51 bytes)
    979 410      3  java.util.LinkedList$ListItr::next (63 bytes)
    980 408      3  org.objectweb.asm.ClassWriter::newUTF8 (70 bytes)
    983 411      4  java.lang.Math::min (11 bytes)
    983 412      3  java.util.WeakHashMap::maskNull (12 bytes)
    984  15      3 made not entrant  java.lang.Math::min (11 bytes)
---   n   java.security.AccessController::doPrivileged (static)
    984 413      3  java.util.WeakHashMap::indexFor (6 bytes)
    985 415      3  org.codehaus.groovy.util.ComplexKeyHashMap$1::nextEntry (74 bytes)
    986 414      3  org.codehaus.groovy.util.ComplexKeyHashMap$1::next (5 bytes)
    987 418      3  org.codehaus.groovy.runtime.metaclass.MetaMethodIndex::findMatchingMethod (51 bytes)
    989 420      1  java.lang.System::getSecurityManager (4 bytes)
    990  61      3 made not entrant  java.lang.System::getSecurityManager (4 bytes)
    992 419      3  java.util.Arrays::mergeSort (234 bytes)
    994 416      3  java.util.concurrent.ConcurrentHashMap::hash (49 bytes)
    995 421      3  groovy.lang.MetaClassImpl$Index::getNotNull (32 bytes)
    996 423      3  java.security.PrivilegedActionException::<init> (14 bytes)
    997 422      3  org.codehaus.groovy.reflection.CachedField::getModifiers (8 bytes)
    998 424      3  java.lang.Exception::<init> (6 bytes)
    999 426      4  org.codehaus.groovy.reflection.CachedMethod::getModifiers (8 bytes)
    999 425      3  java.lang.Throwable::<init> (36 bytes)
   1000 226      3 made not entrant  org.codehaus.groovy.reflection.CachedMethod::getModifiers (8 bytes)
   1000 429      4  java.lang.Class$MethodArray::removeByNameAndSignature (71 bytes)
   1000 428      3  java.lang.reflect.Modifier::isAbstract (14 bytes)
   1001 417      3  org.codehaus.groovy.runtime.metaclass.ReflectionMetaMethod::getName (8 bytes)
   1002 427      3  java.lang.ClassLoader::getCallerClassLoader (16 bytes)
---   n   java.lang.ClassLoader::defineClass1
   1004 431  !   3  java.lang.ClassLoader::defineClassCond (72 bytes)
   1007 430      4  java.util.ArrayList::add (29 bytes)
   1007 244      3 made not entrant  java.lang.Class$MethodArray::removeByNameAndSignature (71 bytes)
   1007 436      3  org.objectweb.asm.ByteVector::b (64 bytes)
   1008 435      3  java.lang.ClassLoader::addClass (9 bytes)
   1008 432      3  java.lang.ClassLoader::preDefineClass (109 bytes)
   1009 433 s    3  java.lang.ClassLoader::checkCerts (155 bytes)
   1011 437 s!   3  java.beans.PropertyDescriptor::getWriteMethod (136 bytes)
   1012 101      3 made not entrant  java.util.ArrayList::add (29 bytes)
   1012 438      4  java.util.ArrayList::ensureCapacity (58 bytes)
   1014 439      3  org.objectweb.asm.Type::getArgumentsAndReturnSizes (151 bytes)
   1016 108      3 made not entrant  java.util.ArrayList::ensureCapacity (58 bytes)
---   n   java.lang.Class::getModifiers
   1018 440      3  org.codehaus.groovy.runtime.metaclass.MetaMethodIndex::hash (31 bytes)
   1018 434      3  java.lang.ClassLoader::defineClassSourceLocation (28 bytes)
   1019 441      3  java.util.ArrayList::toArray (60 bytes)
   1019 442      3  java.util.jar.JarFile::getManifestFromReference (113 bytes)
   1022 450  !   3  org.codehaus.groovy.reflection.CachedClass::getSuperClassDistance (56 bytes)
   1023 447      3  java.lang.AbstractStringBuilder::append (71 bytes)
   1023 445      3  java.lang.Class::checkInitted (19 bytes)
   1023 451      4  org.codehaus.groovy.reflection.CachedMethod::compareTo (25 bytes)
   1023 446      3  java.lang.Class::clearCachesOnClassRedefinition (70 bytes)
   1024 448      3  java.lang.AbstractStringBuilder::stringSizeOfInt (21 bytes)
   1024 449      3  java.lang.Integer::getChars (131 bytes)
   1025 453      3  sun.jkernel.DownloadManager::isJREComplete (4 bytes)
   1025 454      3  sun.jkernel.DownloadManager::getBootClassPathEntryForClass (38 bytes)
   1025 443      3  java.security.CodeSource::hashCode (17 bytes)
   1026 444 s    3  java.net.URL::hashCode (30 bytes)
   1026 455      3  java.util.Arrays::copyOf (47 bytes)
   1045 452      4  org.codehaus.groovy.runtime.metaclass.MetaMethodIndex::addMethodToList (290 bytes)
   1124 456      3  java.lang.String::compareTo (9 bytes)
   1125 463      1  java.util.concurrent.locks.AbstractQueuedSynchronizer::compareAndSetState (13 bytes)
   1127 122      3 made not entrant  java.util.concurrent.locks.AbstractQueuedSynchronizer::compareAndSetState (13 bytes)
   1128 464      1  java.util.concurrent.locks.AbstractQueuedSynchronizer::setState (6 bytes)
   1129 124      3 made not entrant  java.util.concurrent.locks.AbstractQueuedSynchronizer::setState (6 bytes)
   1130 467      3  org.objectweb.asm.Type::a (214 bytes)
   1133 461      3  groovy.lang.MetaBeanProperty::<init> (18 bytes)
   1134 465      3  org.codehaus.groovy.reflection.CachedClass$CachedMethodComparatorByName::compare (18 bytes)
   1135 458      3  groovy.lang.MetaClassImpl::establishStaticMetaProperty (268 bytes)
   1145 457 s!   3  java.beans.PropertyDescriptor::getPropertyType (33 bytes)
   1152 459      3  java.beans.PropertyDescriptor::getPropertyType0 (11 bytes)
   1154 462      3  org.codehaus.groovy.reflection.CachedClass::getMethods (11 bytes)
   1159 468      3  java.util.Arrays::fill (28 bytes)
   1163 469      3  java.util.Arrays::rangeCheck (74 bytes)
   1183 470      3  org.objectweb.asm.MethodWriter::a (38 bytes)
   1189 471      3  java.util.concurrent.ConcurrentHashMap::segmentFor (17 bytes)
   1190 472      3  java.lang.Class::copyMethods (36 bytes)
   1195 473      3  org.codehaus.groovy.runtime.metaclass.MetaMethodIndex::resize (103 bytes)
   1197 475      3  org.codehaus.groovy.reflection.CachedField::<init> (18 bytes)
   1198 476      3  org.objectweb.asm.ClassWriter::newClass (9 bytes)
   1201 478      3  org.codehaus.groovy.util.ComplexKeyHashMap::<init> (11 bytes)
   1228 483      3  org.codehaus.groovy.util.FastArray::<init> (16 bytes)
   1238 484      3  org.codehaus.groovy.util.FastArray::copy (31 bytes)
   1238 479      3  org.codehaus.groovy.util.ComplexKeyHashMap::init (20 bytes)
   1240 477      3  org.codehaus.groovy.util.SingleKeyHashMap::<init> (5 bytes)
---   n   sun.reflect.Reflection::getCallerClass (static)
   1244 486      3  org.objectweb.asm.Label::<init> (5 bytes)
   1261 488      3  groovy.lang.MetaClassImpl::findMatchingMethod (93 bytes)
   1280 485      3  org.objectweb.asm.ClassWriter::a (15 bytes)
   1280 489      3  org.objectweb.asm.MethodWriter::visitInsn (95 bytes)
   1284 495      3  java.lang.CharacterDataLatin1::getType (10 bytes)
   1286 225      4 made not entrant  java.lang.String::equals (88 bytes)
   1287 480      3  org.codehaus.groovy.reflection.CachedClass::addSubclassExpandos (142 bytes)
   1292 105      3 made zombie  java.lang.ThreadLocal::get (34 bytes)
   1292 133      3 made zombie  org.codehaus.groovy.reflection.ClassInfo$ThreadLocalMapHandler::get (53 bytes)
   1292 236  !   3 made zombie  java.lang.StringCoding::encode (120 bytes)
   1292 297      3 made not entrant  java.util.ArrayList::<init> (44 bytes)
   1297  45      3 made zombie  sun.net.www.ParseUtil::encodePath (336 bytes)
   1301  67  !   3 made zombie  sun.misc.URLClassPath$JarLoader::getResource (91 bytes)
   1306 344      4 made not entrant  java.lang.reflect.Method::equals (107 bytes)
   1309 104      3 made zombie  java.lang.ThreadLocal::getMap (5 bytes)
   1310 496      3  com.sun.org.apache.xerces.internal.util.XMLChar::isInvalid (13 bytes)
   1320 232      3 made zombie  org.codehaus.groovy.reflection.GeneratedMetaMethod::getModifiers (2 bytes)
   1322 500      3  com.sun.org.apache.xerces.internal.util.XMLChar::isContent (35 bytes)
   1330 503      3  java.util.ArrayList::<init> (44 bytes)
   1336 504      3  org.codehaus.groovy.reflection.CachedField::isStatic (8 bytes)
   1337 481      3  org.codehaus.groovy.reflection.CachedClass::isAssignableFrom (21 bytes)
   1346 506      3  java.util.concurrent.ConcurrentHashMap$Segment::get (66 bytes)
   1349 509      3  java.util.concurrent.ConcurrentHashMap$Segment::getFirst (14 bytes)
   1368 512      3  org.objectweb.asm.Label::a (214 bytes)
   1370 492      3  sun.reflect.ReflectionFactory::copyField (10 bytes)
   1374 514      3  org.objectweb.asm.ClassWriter::a (91 bytes)
   1381 513      3  org.codehaus.groovy.util.FastArray::get (7 bytes)
   1382 515      3  org.objectweb.asm.Edge::<init> (5 bytes)
   1383 501      3  org.objectweb.asm.ClassWriter::a (70 bytes)
   1385 511      3  org.objectweb.asm.MethodWriter::visitLabel (281 bytes)
   1387 510      3  org.objectweb.asm.MethodWriter::visitMethodInsn (264 bytes)
   1391 505      3  java.util.concurrent.ConcurrentHashMap::get (19 bytes)
   1398 518      3  java.lang.reflect.Field::<init> (44 bytes)
   1405 517      3  org.objectweb.asm.ByteVector::putInt (74 bytes)
   1406 519      3  org.objectweb.asm.MethodWriter::e (87 bytes)
   1408 493      3  java.lang.reflect.ReflectAccess::copyField (5 bytes)
   1411 494      3  java.lang.reflect.Field::copy (59 bytes)
   1425 522      3  groovy.lang.MetaClassImpl$MethodIndexAction::iterate (119 bytes)
   1436 521      3  java.util.Arrays::mergeSort (235 bytes)
   1442 526      3  org.codehaus.groovy.runtime.metaclass.MetaMethodIndex::getMethods (91 bytes)
   1457 532      3  sun.reflect.ClassFileAssembler::emitShort (24 bytes)
   1458 529      3  org.objectweb.asm.ClassWriter::newNameType (10 bytes)
   1460 530      3  org.codehaus.groovy.classgen.BytecodeHelper::getTypeDescription (5 bytes)
   1461 531      3  org.objectweb.asm.Type::getDescriptor (18 bytes)
   1467 507      3  org.codehaus.groovy.runtime.callsite.AbstractCallSite::<init> (28 bytes)
   1471 527      3  org.codehaus.groovy.runtime.GroovyCategorySupport::getCategoryNameUsage (8 bytes)
   1472 528      3  org.codehaus.groovy.runtime.GroovyCategorySupport$MyThreadLocal::getUsage (52 bytes)
   1475 533      3  org.codehaus.groovy.classgen.BytecodeHelper::getClassInternalName (9 bytes)
   1476 524      3  java.beans.FeatureDescriptor::addTable (47 bytes)
   1477 534      3  java.lang.StringBuffer::<init> (18 bytes)
   1477 520      3  java.lang.Class::checkMemberAccess (78 bytes)
   1478 525      3  java.util.TreeMap::setColor (10 bytes)
   1479 535      3  org.codehaus.groovy.runtime.metaclass.MetaMethodIndex::getHeader (38 bytes)
   1479 474 s    3  org.codehaus.groovy.reflection.stdclasses.ObjectCachedClass::getCachedSuperClass (2 bytes)
   1480 523      3  java.util.TreeMap$ValueIterator::next (8 bytes)
   1480 536      3  org.codehaus.groovy.reflection.CachedClass$3::initValue (254 bytes)
   1497 545      3  groovy.lang.MetaClassImpl::applyStrayPropertyMethods (232 bytes)
   1505 541      3  org.codehaus.groovy.runtime.metaclass.MetaMethodIndex::copyMethodsToSuper (82 bytes)
   1538  15      3 made zombie  java.lang.Math::min (11 bytes)
   1539  25      3 made zombie  java.lang.StringBuilder::append (8 bytes)
   1539  19      3 made zombie  java.lang.AbstractStringBuilder::append (40 bytes)
   1539  34      3 made zombie  sun.nio.cs.UTF_8$Encoder::encodeArrayLoop (490 bytes)
   1539  61      3 made zombie  java.lang.System::getSecurityManager (4 bytes)
   1539 108      3 made zombie  java.util.ArrayList::ensureCapacity (58 bytes)
   1539 103      3 made zombie  org.codehaus.groovy.util.ManagedReference::get (10 bytes)
   1539 101      3 made zombie  java.util.ArrayList::add (29 bytes)
   1539 122      3 made zombie  java.util.concurrent.locks.AbstractQueuedSynchronizer::compareAndSetState (13 bytes)
   1539 124      3 made zombie  java.util.concurrent.locks.AbstractQueuedSynchronizer::setState (6 bytes)
   1540 540      3  org.codehaus.groovy.reflection.ParameterTypes::coerceArgumentsToClasses (55 bytes)
   1542 216      3 made zombie  java.lang.String::compareTo (150 bytes)
   1542 226      3 made zombie  org.codehaus.groovy.reflection.CachedMethod::getModifiers (8 bytes)
   1542 225      4 made zombie  java.lang.String::equals (88 bytes)
   1542 242      3 made zombie  java.lang.reflect.Method::equals (107 bytes)
   1542 244      3 made zombie  java.lang.Class$MethodArray::removeByNameAndSignature (71 bytes)
   1542 539      3  org.objectweb.asm.ClassWriter::a (71 bytes)
   1544 310      3 made zombie  java.lang.Class$MethodArray::get (7 bytes)
   1544 544  !   3  groovy.lang.MetaClassImpl::findMethod (146 bytes)
   1547 537      3  groovy.lang.GroovySystem::getMetaClassRegistry (4 bytes)
   1548 538      3  org.codehaus.groovy.runtime.GroovyCategorySupport::hasCategoryInCurrentThread (35 bytes)
   1548 547      3  java.lang.Class::getReflectionFactory (26 bytes)
   1549 542      3  java.util.TreeMap$PrivateEntryIterator::hasNext (13 bytes)
   1549 543      3  org.codehaus.groovy.reflection.CachedMethod::find (30 bytes)
   1550 548      3  java.util.Arrays::asList (9 bytes)
   1551 549      3  java.util.Arrays$ArrayList::<init> (22 bytes)
   1551 550  !   3  sun.reflect.misc.ReflectUtil::isPackageAccessible (12 bytes)
   1551 551      3  java.lang.Class$MethodArray::addAll (22 bytes)
   1552 552      3  java.lang.Class$MethodArray::addAllIfNotPresent (32 bytes)
   1552 553      3  java.lang.reflect.Modifier::isProtected (12 bytes)
   1553 555      3  java.util.LinkedList$ListItr::<init> (189 bytes)
   1554 556      3  org.codehaus.groovy.reflection.ParameterTypes::correctArguments (79 bytes)
   1555 557      3  org.objectweb.asm.Item::<init> (5 bytes)
   1555 554      3  java.util.LinkedList::listIterator (10 bytes)
   1556 558      3  org.objectweb.asm.MethodWriter::visitTypeInsn (99 bytes)
   1556 559      3  org.codehaus.groovy.reflection.ParameterTypes::getNativeParameterTypes (16 bytes)
   1560 560      3  java.util.LinkedList$Entry::<init> (20 bytes)
   1560 561      3  java.lang.reflect.AccessibleObject::setAccessible (37 bytes)
   1561 562      3  groovy.lang.MetaClassImpl::populateMethods (372 bytes)
   1564 567      2  java.beans.PropertyDescriptor::setPropertyType (9 bytes)
   1565 568      2  java.lang.Class::searchMethods (90 bytes)
   1566 564  !   2  java.lang.ref.ReferenceQueue::poll (28 bytes)
   1566 565      2  java.util.WeakHashMap::getTable (9 bytes)
   1567 566      2  java.util.WeakHashMap::expungeStaleEntries (125 bytes)
   1569 569      2  groovy.lang.MetaClassImpl::checkInitalised (76 bytes)
   1571 570      2  java.lang.Class::forName (9 bytes)
   1573 571      2  org.objectweb.asm.ByteVector::<init> (13 bytes)
   1573 572      2  org.objectweb.asm.ByteVector::putByteArray (49 bytes)
   1574 573      2  org.codehaus.groovy.classgen.BytecodeHelper::getMethodDescriptor (56 bytes)
   1575 575      2  sun.reflect.ByteVectorImpl::getLength (7 bytes)
   1576 576      2  sun.reflect.ByteVectorImpl::get (26 bytes)
   1576 574      2  org.codehaus.groovy.runtime.ArrayUtil::createArray (9 bytes)
   1581 577      2  java.beans.MethodDescriptor::<init> (99 bytes)
   1581 580      2  java.util.TreeMap::put (240 bytes)
   1582 578      2  java.lang.String::<init> (24 bytes)
   1583 585      2  sun.reflect.UTF8::utf8Length (81 bytes)
   1583 586      2  sun.reflect.ClassFileAssembler::cpi (22 bytes)
   1583 579      2  java.lang.StringValue::from (7 bytes)
   1584 581      2  java.util.TreeMap$Entry::<init> (35 bytes)
   1584 582      2  java.lang.Character::isUpperCase (5 bytes)
   1584 589  !   2  sun.reflect.UTF8::encode (189 bytes)
   1585 590      2  sun.reflect.ClassFileAssembler::emitConstantPoolUTF8 (50 bytes)
   1586 583      2  java.lang.Character::isUpperCase (158 bytes)
   1586 584      2  java.lang.CharacterDataLatin1::isUpperCase (16 bytes)
   1586 587      2  java.lang.Class::privateGetDeclaredMethods (115 bytes)
   1588 588      2  groovy.lang.MetaClassImpl::getVersion (11 bytes)
   1590 592      2  org.codehaus.groovy.util.FastArray::<init> (13 bytes)
   1591 593      2  java.lang.StringBuilder::append (8 bytes)
---   n   java.lang.Class::getDeclaredConstructors0
   1594 594      2  java.lang.Class::privateGetDeclaredConstructors (130 bytes)
   1595 595      2  sun.reflect.ClassFileAssembler::setStack (25 bytes)
---   n   java.lang.Class::getDeclaredMethods0
   1600 596      2  org.codehaus.groovy.runtime.InvokerHelper::asArray (32 bytes)
   1600 597      2  org.codehaus.groovy.reflection.ClassInfo::lock (8 bytes)
   1601 600      2  org.codehaus.groovy.classgen.BytecodeHelper::doCast (63 bytes)
   1602 598      2  org.codehaus.groovy.reflection.ClassInfo::unlock (8 bytes)
   1602 599      2  org.codehaus.groovy.reflection.ClassInfo::getMetaClassUnderLock (95 bytes)
   1603 602      2  org.objectweb.asm.MethodWriter::visitMaxs (1104 bytes)
   1607 601      2  sun.reflect.ReflectionFactory::inflationThreshold (4 bytes)
   1609 603      2  java.lang.Class::privateGetPublicMethods (266 bytes)
---   n   java.lang.Class::getComponentType
   1611 604      2  java.util.AbstractCollection::toArray (116 bytes)
   1612 605      2  java.util.LinkedList::addBefore (52 bytes)
   1613 606      2  org.codehaus.groovy.runtime.MetaClassHelper::sameClasses (74 bytes)
   1614 609      2  org.codehaus.groovy.runtime.callsite.CallSiteGenerator::writeMethod (687 bytes)
   1619 607      2  org.objectweb.asm.ByteVector::a (51 bytes)
   1619 608      2  org.codehaus.groovy.reflection.CachedMethod::getParamsCount (6 bytes)
   1620 610      2  org.objectweb.asm.MethodWriter::visitJumpInsn (379 bytes)
   1621 615  !   2  java.beans.Introspector::getPublicDeclaredMethods (92 bytes)
   1622 620      2  java.util.TreeMap::successor (66 bytes)
   1623 614      2  java.beans.Introspector::makeQualifiedMethodName (50 bytes)
   1624 619      2  java.util.TreeMap$PrivateEntryIterator::nextEntry (54 bytes)
   1624 621      2  groovy.lang.MetaClassImpl::getMethods (174 bytes)
   1626 622      2  org.codehaus.groovy.runtime.GroovyCategorySupport::getCategoryMethods (21 bytes)
   1626 623      2  org.codehaus.groovy.runtime.GroovyCategorySupport$MyThreadLocal::getInfoNullable (24 bytes)
   1627 617      2  java.beans.Introspector::decapitalize (68 bytes)
   1628 616      2  java.beans.FeatureDescriptor::<init> (137 bytes)
   1628 618      2  java.util.TreeMap::leftOf (13 bytes)
   1628 613      2  java.util.LinkedList::addFirst (14 bytes)
   1629 624      2  java.util.concurrent.locks.AbstractOwnableSynchronizer::setExclusiveOwnerThread (6 bytes)
   1629 625      2  java.util.ArrayList::addAll (54 bytes)
   1629 611      2  org.objectweb.asm.Label::a (83 bytes)
   1630 626      2  java.util.Arrays$ArrayList::toArray (11 bytes)
   1631 627      2  sun.reflect.ClassFileAssembler::getLength (11 bytes)
   1631 628      2  sun.reflect.ClassFileAssembler::incStack (11 bytes)
   1632 629      2  org.codehaus.groovy.runtime.callsite.AbstractCallSite::<init> (45 bytes)
   1633 630  !   2  java.lang.reflect.Method::invoke (167 bytes)
   1635 631      2  sun.reflect.DelegatingMethodAccessorImpl::invoke (10 bytes)
   1635 632      2  org.codehaus.groovy.runtime.callsite.AbstractCallSite::call (10 bytes)
   1640 633      2  groovy.lang.MetaMethod::equal (38 bytes)
   1640 634  !   2  org.codehaus.groovy.reflection.ClassInfo::getMetaClass (33 bytes)
   1641 639      2  org.objectweb.asm.MethodWriter::a (1266 bytes)
   1646 561      3 made not entrant  java.lang.reflect.AccessibleObject::setAccessible (37 bytes)
   1646 297      3 made zombie  java.util.ArrayList::<init> (44 bytes)
   1646 520      3 made not entrant  java.lang.Class::checkMemberAccess (78 bytes)
   1647 637      2  org.objectweb.asm.MethodWriter::<init> (265 bytes)
   1649 638      2  org.objectweb.asm.MethodWriter::a (667 bytes)
   1652 344      4 made zombie  java.lang.reflect.Method::equals (107 bytes)
   1652 643      2  org.codehaus.groovy.util.ComplexKeyHashMap$1::<init> (64 bytes)
   1653 641      2  java.beans.Introspector::addPropertyDescriptor (48 bytes)
   1654 644      3  java.util.Properties$LineReader::readLine (452 bytes)
   1656 642      2  org.codehaus.groovy.util.ComplexKeyHashMap::getEntrySetIterator (9 bytes)
   1657 640      2  java.util.HashMap::<init> (35 bytes)
   1657 635      2  org.codehaus.groovy.reflection.ClassInfo::getMetaClassForClass (36 bytes)
   1657 645      2  java.net.URI$Parser::charAt (9 bytes)
   1658 636      2  org.codehaus.groovy.runtime.metaclass.MetaClassRegistryImpl::getMetaClass (8 bytes)
   1658 646      2  java.io.BufferedReader::ensureOpen (18 bytes)
   1659 647      2  java.io.StreamTokenizer::read (38 bytes)
   1659 648  !   2  java.io.BufferedReader::read (104 bytes)
   1660 649      2  java.nio.ByteBuffer::array (35 bytes)
   1660 650      2  java.net.URI::match (50 bytes)
   1661 651      2  java.net.URI::access$300 (7 bytes)
   1663 652      3  java.lang.Class::checkMemberAccess (78 bytes)
   1664 653      2  org.codehaus.groovy.reflection.ParameterTypes::isValidMethod (79 bytes)
   1667 654      2  java.util.zip.ZipFile::getInputStream (9 bytes)
   1669 655      2  java.util.zip.ZipEntry::getSize (5 bytes)
   1671 656      2  java.util.WeakHashMap::eq (19 bytes)
   1671 657  !   2  java.beans.PropertyDescriptor::findPropertyType (173 bytes)
   1673 659      2  groovy.lang.MetaClassImpl::copyNonPrivateFields (75 bytes)
   1674 658      2  java.beans.PropertyDescriptor::setClass0 (25 bytes)
   1676 660  !   2  java.nio.charset.CharsetDecoder::decode (287 bytes)
   1678 662      2  java.nio.charset.CharsetDecoder::reset (11 bytes)
   1678 661      2  sun.nio.cs.UTF_8$Decoder::decodeLoop (28 bytes)
   1678 663      2  java.lang.String::checkBounds (46 bytes)
   1680 664 s    2  sun.misc.Launcher$AppClassLoader::loadClass (45 bytes)
   1686 665      2  java.lang.Character::charCount (12 bytes)
   1700 666      2  org.codehaus.groovy.runtime.typehandling.DefaultTypeTransformation::castToBoolean (22 bytes)
   1705 667      2  org.codehaus.groovy.tools.RootLoader::findClass (9 bytes)
   1705 668      2  java.util.TreeMap::fixAfterInsertion (267 bytes)
   1708 669      2  groovy.lang.MetaClassImpl::addMetaBeanProperty (99 bytes)
   1709 670      2  org.codehaus.groovy.runtime.typehandling.DefaultTypeTransformation::booleanUnbox (5 bytes)
---   n   java.lang.ClassLoader::findBootstrapClass
   1720 671      2  java.beans.Introspector::isSubclass (81 bytes)
---   n   java.lang.reflect.Array::newArray (static)
   1723 672      3  org.codehaus.groovy.util.ComplexKeyHashMap::resize (103 bytes)
   1724 673      2  org.codehaus.groovy.reflection.CachedClass::getNewMetaMethods (183 bytes)
   1726 674      2  groovy.lang.MetaClassImpl::addFields (48 bytes)
   1732 675      2  sun.net.www.protocol.jar.Handler::parseURL (202 bytes)
   1733 676      2  sun.net.www.protocol.jar.Handler::parseContextSpec (155 bytes)
   1735 677      2  sun.net.www.protocol.jar.Handler::indexOfBangSlash (52 bytes)
   1736 679      2  sun.net.www.ParseUtil::canonizeString (195 bytes)
   1737 680      2  java.net.URLStreamHandler::setURL (159 bytes)
   1738 681 s    2  java.util.jar.JarFile::getInputStream (89 bytes)
   1739 678      2  sun.net.www.ParseUtil::<init> (5 bytes)
   1743 682      2  java.beans.PropertyDescriptor::<init> (41 bytes)
   1745 683      2  java.lang.String::<init> (54 bytes)
   1746 684  !   2  sun.net.www.ParseUtil::decode (194 bytes)
   1747 685      3  java.util.Arrays::fill (28 bytes)
   1748   1%     3  java.util.Arrays::fill @ 10 (28 bytes)
   1749 686      2  java.util.Properties::loadConvert (505 bytes)
   1752 687      2  java.lang.Class::getClassLoader (49 bytes)
   1753 688      3  java.lang.reflect.AccessibleObject::setAccessible (37 bytes)
   1753 689      2  groovy.lang.MetaClassImpl$MethodIndexAction::skipClass (2 bytes)
   1755 690      2  java.util.WeakHashMap$Entry::access$102 (7 bytes)
   1756 691      2  java.lang.Class$MethodArray::compactAndTrim (69 bytes)
   1756 692      2  org.codehaus.groovy.runtime.callsite.MetaClassSite::<init> (11 bytes)
---   n   java.lang.Class::getName0
   1759 693      2  java.io.File::<init> (42 bytes)
   1760 694      2  java.lang.reflect.AccessibleObject::setAccessible (21 bytes)
   1761 695      2  java.io.ExpiringCache::entryFor (57 bytes)
   1761 696      2  java.util.LinkedHashMap::get (25 bytes)
   1762 697      2  java.util.WeakHashMap::get (79 bytes)
   1763 698 s    2  java.beans.PropertyDescriptor::setReadMethod (54 bytes)
   1764 699 s    2  java.beans.PropertyDescriptor::setWriteMethod (54 bytes)
   1765 700      2  java.io.BufferedReader::readLine (6 bytes)
   1767 701      2  sun.nio.cs.StreamEncoder::ensureOpen (18 bytes)
   1768 702      2  java.nio.Buffer::remaining (10 bytes)
   1768 703      2  java.io.PrintWriter::ensureOpen (18 bytes)
   1768 704      2  java.io.OutputStreamWriter::write (11 bytes)
   1769 705  !   2  org.codehaus.groovy.reflection.CachedMethod::invoke (70 bytes)
   1770 706      2  java.util.AbstractList::listIterator (6 bytes)
   1772 707      2  sun.misc.Launcher$ExtClassLoader::findClass (11 bytes)
   1779 708 s    2  java.io.ByteArrayOutputStream::write (55 bytes)
   1780 709      2  sun.misc.URLClassPath$JarLoader$2::getCodeSourceURL (8 bytes)
---   n   java.lang.Thread::isInterrupted
   1781 710      2  sun.misc.URLClassPath$JarLoader$2::getManifest (11 bytes)
   1781 711      2  java.util.jar.JarFile::getManifest (5 bytes)
   1781 712      2  sun.misc.URLClassPath$JarLoader$2::getInputStream (15 bytes)
   1782 713      2  java.lang.Thread::interrupted (8 bytes)
   1782 714      2  sun.misc.URLClassPath$JarLoader$2::getContentLength (9 bytes)
   1782 715      2  sun.misc.URLClassPath$JarLoader$2::getCodeSigners (8 bytes)
   1782 716  !   2  java.util.jar.JarFile$JarFileEntry::getCodeSigners (81 bytes)
   1783 717      2  java.util.jar.JarFile::access$000 (5 bytes)
   1783 718      2  java.security.CodeSource::<init> (43 bytes)
   1784 719      2  sun.misc.URLClassPath$JarLoader::findResource (18 bytes)
   1789 228      3 made not entrant  org.codehaus.groovy.runtime.metaclass.MetaMethodIndex::addMethodToList (290 bytes)
   1790 498      4  java.lang.String::equals (88 bytes)
   1790 720      2  java.lang.reflect.Constructor::setConstructorAccessor (21 bytes)
   1791 721      2  sun.reflect.ConstructorAccessorImpl::<init> (5 bytes)
   1793 722      2  java.security.CodeSource::matchCerts (254 bytes)
   1794 723      2  java.util.regex.Pattern$BmpCharProperty::match (50 bytes)
   1794 724      2  java.util.regex.Pattern$Single::isSatisfiedBy (14 bytes)
   1795 725      2  java.lang.ClassLoader::checkPackageAccess (73 bytes)
   1795 499      4  java.lang.reflect.Method::equals (107 bytes)
   1796 726      2  java.lang.ClassLoader::defineClass (13 bytes)
   1798 516      4  org.objectweb.asm.ByteVector::putUTF8 (394 bytes)
   1799 727      3  java.lang.Character::isHighSurrogate (18 bytes)
   1804 728      3  java.security.CodeSource::equals (60 bytes)
   1806 729      3  sun.net.www.protocol.file.Handler::hostsEqual (69 bytes)
   1807 731      3  java.util.AbstractSequentialList::iterator (5 bytes)
   1808 730      3  java.net.URLStreamHandler::hostsEqual (75 bytes)
   1810 732      3  java.util.HashMap::<init> (130 bytes)
   1812 733      3  groovy.lang.MetaClassImpl$Index::put (10 bytes)
   1815 734 s    3  java.io.ExpiringCache::get (39 bytes)
   1816 735  !   3  java.lang.SecurityManager::checkPackageAccess (156 bytes)
   1819 737      3  java.util.AbstractCollection::addAll (38 bytes)
---   n   java.lang.Class::forName0 (static)
   1821 738      3  org.codehaus.groovy.runtime.metaclass.MetaClassRegistryImpl::getMetaClass (12 bytes)
   1822 739  !   3  org.codehaus.groovy.reflection.ClassInfo::getMetaClass (36 bytes)
   1824 400      3 made not entrant  org.objectweb.asm.ByteVector::putUTF8 (394 bytes)
   1824 563      4  java.util.Arrays::binarySearch0 (95 bytes)
   1825 741      3  org.codehaus.groovy.runtime.metaclass.MetaMethodIndex$Header::<init> (26 bytes)
   1825 736      3  org.codehaus.groovy.runtime.ScriptBytecodeAdapter::castToType (6 bytes)
   1826 740      3  org.codehaus.groovy.reflection.ClassInfo::getPerInstanceMetaClass (21 bytes)
   1830 743      3  groovy.lang.MetaClassImpl::invokeMethod (14 bytes)
   1831 742      3  org.codehaus.groovy.runtime.InvokerHelper::invokePojoMethod (18 bytes)
   1834 744      3  java.lang.Class::getMethod0 (97 bytes)
   1836 745      3  org.codehaus.groovy.runtime.callsite.AbstractCallSite::noWrappers (27 bytes)
   1837 748      3  org.codehaus.groovy.runtime.callsite.CallSiteGenerator::genCallWithFixedParams (69 bytes)
   1840 751      3  org.objectweb.asm.MethodWriter::visitTryCatchBlock (99 bytes)
   1842 752      3  org.objectweb.asm.Handler::<init> (5 bytes)
   1842 749      3  org.objectweb.asm.Label::a (93 bytes)
   1843 750      3  org.codehaus.groovy.classgen.BytecodeHelper::box (70 bytes)
   1845 747      3  org.codehaus.groovy.runtime.callsite.CallSiteGenerator::genCallXxxWithArray (15 bytes)
   1847 754      3  java.io.UnixFileSystem::parentOrNull (118 bytes)
   1849 753      3  sun.reflect.misc.ReflectUtil::checkPackageAccess (77 bytes)
   1851 755      3  java.beans.PropertyDescriptor::getPropertyEditorClass (11 bytes)
   1856 756  !   3  groovy.lang.MetaMethod::doMethodInvoke (22 bytes)
   1858 758      2  org.codehaus.groovy.tools.shell.CommandSupport::getMetaClass (24 bytes)
   1859 759  !   2  groovy.lang.MetaClassImpl::invokeMethod (1073 bytes)
   1866 762      2  org.codehaus.groovy.reflection.ParameterTypes::isValidExactMethod (36 bytes)
   1867 760      2  groovy.lang.MetaClassImpl::getMethodWithCaching (65 bytes)
---   n   sun.reflect.NativeMethodAccessorImpl::invoke0 (static)
   1870 765      2  org.codehaus.groovy.runtime.MetaClassHelper::unwrap (36 bytes)
   1871 766      2  org.codehaus.groovy.runtime.MetaClassHelper::convertToTypeArray (76 bytes)
   1871 764      2  sun.reflect.NativeMethodAccessorImpl::invoke (91 bytes)
   1872 763      2  groovy.lang.MetaClassImpl::getNormalMethodWithCaching (101 bytes)
   1873 761      2  org.codehaus.groovy.runtime.InvokerHelper::getMetaClass (10 bytes)
   1874 767      2  java.util.WeakHashMap::put (165 bytes)
   1875 769      2  org.codehaus.groovy.runtime.callsite.PojoMetaMethodSite::checkPojoMetaClass (33 bytes)
   1875 775      3  java.lang.Class::searchMethods (90 bytes)
   1877 568      2 made not entrant  java.lang.Class::searchMethods (90 bytes)
   1877 773      2  org.codehaus.groovy.runtime.MetaClassHelper::sameClasses (77 bytes)
   1877 776      2  java.lang.Math::max (11 bytes)
   1877 772      2  org.codehaus.groovy.runtime.InvokerHelper::invokeMethod (66 bytes)
   1878 777      1  sun.reflect.ByteVectorImpl::getLength (7 bytes)
   1879 575      2 made not entrant  sun.reflect.ByteVectorImpl::getLength (7 bytes)
   1879 774      2  org.codehaus.groovy.runtime.typehandling.DefaultTypeTransformation::box (14 bytes)
   1879 771      2  groovy.lang.MetaClassImpl$Index::getNullable (9 bytes)
   1879 778      2  org.codehaus.groovy.runtime.callsite.PojoMetaMethodSite::call (23 bytes)
   1879 779  !   2  org.codehaus.groovy.runtime.callsite.PojoMetaMethodSite::checkCall (56 bytes)
   1880 781      2  sun.reflect.ClassFileAssembler::emitConstantPoolMethodref (28 bytes)
   1881 782      2  org.codehaus.groovy.runtime.callsite.CallSiteArray::replaceCallSite (18 bytes)
   1881 784  !   2  java.lang.StringCoding::decode (120 bytes)
   1883 785  !   2  java.lang.StringCoding$StringDecoder::decode (130 bytes)
   1885 786      2  java.nio.charset.CharsetDecoder::maxCharsPerByte (5 bytes)
   1885 787      2  java.nio.CharBuffer::wrap (8 bytes)
   1885 788      2  java.nio.charset.CharsetDecoder::flush (49 bytes)
   1886 783      2  java.io.UnixFileSystem::isAbsolute (13 bytes)
   1886 768      2  java.util.WeakHashMap$Entry::<init> (24 bytes)
   1886 789      2  groovy.lang.MetaClassImpl::getMetaProperty (45 bytes)
   1887 790      2  sun.reflect.ClassFileAssembler::emitConstantPoolNameAndType (28 bytes)
   1887 791      2  groovy.lang.MetaClassImpl::chooseMethodInternal (287 bytes)
   1891 792      2  java.io.UnixFileSystem::resolve (27 bytes)
   1894 793      2  java.util.AbstractList::iterator (10 bytes)
   1895 794      2  groovy.lang.MetaClassImpl::getMethodWithCachingInternal (152 bytes)
   1899 795      2  java.lang.SecurityManager::checkMemberAccess (50 bytes)
   1901 796      2  org.codehaus.groovy.tools.shell.util.NoExitSecurityManager::checkPermission (16 bytes)
---   n   java.util.zip.ZipFile::read (static)
   1908 797      2  java.util.zip.ZipFile$1::fill (80 bytes)
   1909 798  !   2  java.util.zip.Inflater::setInput (74 bytes)
   1918 801      3  java.beans.Introspector::getTargetMethodInfo (255 bytes)
   1920 802      2  java.beans.Introspector::getTargetEventInfo (1028 bytes)
   1926 804  !   2  org.codehaus.groovy.runtime.typehandling.DefaultTypeTransformation::castToType (1023 bytes)
groovy:000>    1936 806      2  java.util.Arrays::copyOf (13 bytes)
   1936 805      2  org.objectweb.asm.ByteVector::a (52 bytes)
   1937 807  !   2  sun.nio.cs.StreamEncoder::write (78 bytes)
   1937 808      2  sun.nio.cs.StreamEncoder::implWrite (156 bytes)
   1939 803      2  org.codehaus.groovy.reflection.ReflectionCache::isArray (19 bytes)
   2023 217      3 made not entrant  org.codehaus.groovy.reflection.CachedMethod::compareTo (25 bytes)
   2027 757      4  org.objectweb.asm.Type::getArgumentsAndReturnSizes (151 bytes)
   2036 439      3 made not entrant  org.objectweb.asm.Type::getArgumentsAndReturnSizes (151 bytes)
   2036 482      4  org.codehaus.groovy.runtime.metaclass.MetaMethodIndex::getOrPutMethods (193 bytes)
   2054 231      3 made not entrant  org.codehaus.groovy.runtime.metaclass.MetaMethodIndex::getOrPutMethods (193 bytes)
   2054 746      4  java.util.HashMap::put (126 bytes)
   2067 102      3 made not entrant  java.util.HashMap::put (126 bytes)
   2067 800      4  org.codehaus.groovy.runtime.metaclass.MetaMethodIndex::isMatchingMethod (68 bytes)
   2381 256      3 made not entrant  org.codehaus.groovy.runtime.metaclass.MetaMethodIndex::isMatchingMethod (68 bytes)
   2381 460      4  org.codehaus.groovy.reflection.ParameterTypes::getParameterTypes (16 bytes)
   2399 257      3 made not entrant  java.util.Arrays::binarySearch0 (95 bytes)
   2478 227      3 made not entrant  org.codehaus.groovy.reflection.ParameterTypes::getParameterTypes (16 bytes)
  23703 809      3  java.io.PrintStream::ensureOpen (18 bytes)
  25264 810      4  java.util.HashMap::getEntry (79 bytes)
  25269 301      3 made not entrant  java.util.HashMap::getEntry (79 bytes)
  25270 814      3  java.lang.Class::getMethod (62 bytes)
  25270 813      4  org.objectweb.asm.ClassWriter::a (49 bytes)
  25270 816      4  org.objectweb.asm.ByteVector::putByte (39 bytes)
  25271 372      3 made not entrant  org.objectweb.asm.ByteVector::putByte (39 bytes)
  25272 817      4  org.objectweb.asm.ByteVector::putShort (52 bytes)
  25273 401      3 made not entrant  org.objectweb.asm.ByteVector::putShort (52 bytes)
  25273 812      4  org.objectweb.asm.Item::a (146 bytes)
  25281 371      3 made not entrant  org.objectweb.asm.ClassWriter::a (49 bytes)
  25281 822      4  org.objectweb.asm.Item::<init> (66 bytes)
  25282 398      3 made not entrant  org.objectweb.asm.Item::<init> (66 bytes)
  25282 823      4  org.objectweb.asm.ClassWriter::b (147 bytes)
  25288 399      3 made not entrant  org.objectweb.asm.ClassWriter::b (147 bytes)
  25288 819      4  org.objectweb.asm.ClassWriter::newUTF8 (70 bytes)
  25291 818      3  sun.reflect.MagicAccessorImpl::<init> (5 bytes)
  25293 815  !   3  org.codehaus.groovy.runtime.callsite.AbstractCallSite::createGroovyObjectGetPropertySite (83 bytes)
  25295 820      3  org.codehaus.groovy.runtime.InvokerHelper::getMetaClass (28 bytes)
  25295 821      3  java.lang.reflect.Constructor::getParameterTypes (14 bytes)
  25301 370      3 made not entrant  org.objectweb.asm.Item::a (146 bytes)
  25301 811      4  org.objectweb.asm.ByteVector::b (64 bytes)
  25304 436      3 made not entrant  org.objectweb.asm.ByteVector::b (64 bytes)
  25304 824      4  org.codehaus.groovy.util.AbstractConcurrentMapBase::hash (36 bytes)
  25305 188      3 made not entrant  org.codehaus.groovy.util.AbstractConcurrentMapBase::hash (36 bytes)
  25307 825      4  java.lang.ClassLoader::checkName (43 bytes)