  1       java.lang.String::hashCode (60 bytes)
  2       java.lang.String::charAt (33 bytes)
  3       java.util.jar.Manifest$FastInputStream::readLine (167 bytes)
  4  !    sun.nio.cs.UTF_8$Decoder::decodeArrayLoop (1814 bytes)
  5       sun.misc.ASCIICaseInsensitiveComparator::toLower (16 bytes)
  6       sun.misc.ASCIICaseInsensitiveComparator::isUpper (18 bytes)
  7       sun.misc.ASCIICaseInsensitiveComparator::compare (143 bytes)
  8       java.util.Properties$LineReader::readLine (452 bytes)
  9       java.lang.Object::<init> (1 bytes)
 10       java.lang.String::indexOf (151 bytes)
 11       java.lang.String::lastIndexOf (156 bytes)
 12       sun.nio.cs.ext.DoubleByteDecoder::decodeSingle (10 bytes)
 13       java.lang.String::replace (142 bytes)
 14       java.lang.String::indexOf (7 bytes)
 15       java.lang.CharacterDataLatin1::getProperties (11 bytes)
 16       java.net.URI$Parser::charAt (9 bytes)
 17       java.net.URI::match (50 bytes)
---   n   java.lang.System::arraycopy (static)
 18       java.lang.String::indexOf (166 bytes)
 19  !    sun.nio.cs.ext.DoubleByteDecoder::decodeArrayLoop (458 bytes)
 20       java.lang.String::equals (88 bytes)
 21       java.lang.String::regionMatches (157 bytes)
 22       java.lang.AbstractStringBuilder::append (40 bytes)
 23       java.lang.Math::max (11 bytes)
 24       java.util.jar.JarFile::hasClassPathAttribute (197 bytes)
 25       java.io.Win32FileSystem::isSlash (18 bytes)
 26 s     java.lang.StringBuffer::append (8 bytes)
 27       java.lang.Character::toLowerCase (162 bytes)
 28       java.lang.CharacterDataLatin1::toLowerCase (36 bytes)
 29       java.lang.String::toLowerCase (436 bytes)
 30       java.io.Win32FileSystem::normalize (231 bytes)
 31       java.lang.StringBuilder::append (8 bytes)
 32  !    sun.net.www.ParseUtil::decode (194 bytes)
 33       java.io.Win32FileSystem::normalize (143 bytes)
 34       sun.net.www.ParseUtil::encodePath (336 bytes)
 35       java.lang.String::startsWith (78 bytes)
 36       java.lang.Math::min (11 bytes)
 37       java.lang.String::getChars (66 bytes)
 38 s!    sun.misc.URLClassPath::getLoader (136 bytes)
---   n   java.util.zip.ZipFile::getEntry (static)
 39       java.util.zip.ZipFile::ensureOpen (37 bytes)
 40       sun.misc.URLClassPath::getResource (74 bytes)
 41       java.lang.AbstractStringBuilder::append (60 bytes)
 42       java.util.ArrayList::get (12 bytes)
 43       java.util.ArrayList::RangeCheck (48 bytes)
 44       java.util.jar.JarFile::getJarEntry (9 bytes)
 45       java.util.jar.JarFile::getEntry (22 bytes)
 46  !    java.util.zip.ZipFile::getEntry (82 bytes)
 47  !    sun.misc.URLClassPath$JarLoader::ensureOpen (32 bytes)
 48  !    sun.misc.URLClassPath$JarLoader::getResource (91 bytes)
 49       java.lang.StringBuilder::append (8 bytes)
 50       java.lang.String::substring (83 bytes)
 44   made zombie  java.util.jar.JarFile::getJarEntry (9 bytes)
 48   made zombie  sun.misc.URLClassPath$JarLoader::getResource (91 bytes)
 51       java.util.Arrays::copyOf (19 bytes)
 52       java.util.HashMap::indexFor (6 bytes)
 53       java.lang.String::<init> (72 bytes)
 54       java.util.Arrays::copyOfRange (63 bytes)
 55  !    java.net.URL::<init> (531 bytes)
 38   made zombie  sun.misc.URLClassPath::getLoader (136 bytes)
 56       java.lang.AbstractStringBuilder::expandCapacity (40 bytes)
 57       java.io.DataInputStream::readUTF (501 bytes)
 58  !    sun.misc.URLClassPath$JarLoader::getResource (91 bytes)
 59       java.util.jar.JarFile::getJarEntry (9 bytes)
 60       java.io.BufferedInputStream::getBufIfOpen (21 bytes)
 61 s     java.io.BufferedInputStream::read (49 bytes)
 62       java.util.HashMap::hash (23 bytes)
 63       java.util.HashMap::get (79 bytes)
 64       java.io.DataInputStream::readFully (63 bytes)
 65       java.io.DataInputStream::readInt (72 bytes)
 66       java.lang.Integer::valueOf (31 bytes)
 67 s     java.io.BufferedInputStream::read (113 bytes)
 68       java.io.BufferedInputStream::read1 (108 bytes)
 69       java.io.DataInputStream::readUTF (5 bytes)
 70       java.io.DataInputStream::readUnsignedShort (39 bytes)
 71       java.lang.String::indexOf (29 bytes)
 72 s!    sun.misc.URLClassPath::getLoader (136 bytes)
 73       java.lang.AbstractStringBuilder::<init> (12 bytes)
 74       java.lang.String::<init> (20 bytes)
 75       java.lang.String::startsWith (7 bytes)
 76       java.lang.String::endsWith (15 bytes)
 77       java.lang.StringBuilder::<init> (7 bytes)
 78       java.lang.StringBuilder::toString (17 bytes)
 79       java.lang.ref.SoftReference::get (18 bytes)
 80       org.codehaus.groovy.util.ManagedReference::get (10 bytes)
---   n   java.lang.Thread::currentThread (static)
 81       org.codehaus.groovy.reflection.ClassInfo$LocalMap::getFromCache (76 bytes)
 82       java.util.ArrayList::add (29 bytes)
 83       java.util.ArrayList::ensureCapacity (58 bytes)
 84       org.codehaus.groovy.util.LazyReference::get (44 bytes)
 85       java.util.HashMap::transfer (83 bytes)
 86       java.util.concurrent.locks.AbstractQueuedSynchronizer::<init> (5 bytes)
 87       java.util.concurrent.locks.AbstractOwnableSynchronizer::<init> (5 bytes)
 88       org.codehaus.groovy.util.LockableObject::<init> (5 bytes)
 89       java.lang.String::indexOf (7 bytes)
 90       java.lang.String::lastIndexOf (12 bytes)
 91       java.lang.Character::toUpperCase (162 bytes)
 92       java.lang.CharacterDataLatin1::toUpperCase (50 bytes)
 93       java.net.URLStreamHandler::parseURL (1158 bytes)
 94       org.codehaus.groovy.util.LazyReference::<init> (17 bytes)
 95       org.codehaus.groovy.reflection.CachedClass::hashCode (33 bytes)
 96       sun.misc.VM::allowArraySyntax (33 bytes)
 97       java.lang.ClassLoader::check (18 bytes)
 98       java.lang.ClassLoader::checkName (43 bytes)
 99       java.lang.String::equalsIgnoreCase (45 bytes)
100       java.util.HashMap::put (126 bytes)
101       java.lang.String::compareTo (150 bytes)
102       org.codehaus.groovy.reflection.CachedMethod::getName (8 bytes)
103       java.util.Arrays::mergeSort (234 bytes)
104       org.codehaus.groovy.reflection.ReflectionCache::getCachedClass (14 bytes)
105       org.codehaus.groovy.reflection.CachedMethod::compareToCachedMethod (133 bytes)
106       org.codehaus.groovy.reflection.CachedMethod::compareTo (25 bytes)
107       org.codehaus.groovy.reflection.ClassInfo::getClassInfo (57 bytes)
108       org.codehaus.groovy.reflection.ClassInfo::getCachedClass (11 bytes)
109       org.codehaus.groovy.reflection.ClassInfo$LazyCachedClassRef::get (5 bytes)
110       org.codehaus.groovy.reflection.ClassInfo$LazyCachedClassRef::get (8 bytes)
111       org.codehaus.groovy.util.AbstractConcurrentMap$Segment::getOrPut (121 bytes)
112 s     java.lang.StringBuffer::append (8 bytes)
113       org.codehaus.groovy.reflection.CachedMethod::getModifiers (8 bytes)
114       java.lang.System::getSecurityManager (4 bytes)
115       java.util.TreeMap::put (240 bytes)
116       java.util.HashMap$HashIterator::nextEntry (99 bytes)
117       java.util.TreeMap::fixAfterInsertion (267 bytes)
118       org.codehaus.groovy.reflection.ClassInfo::isEqual (10 bytes)
119       org.codehaus.groovy.reflection.ClassInfo::isEqual (7 bytes)
120       org.codehaus.groovy.util.ManagedConcurrentMap$Entry::isEqual (22 bytes)
121       java.util.jar.Attributes$Name::isValid (45 bytes)
122       java.util.jar.Attributes$Name::isValid (32 bytes)
123       java.util.jar.Attributes$Name::isAlpha (30 bytes)
124       java.util.TreeMap::getEntryUsingComparator (74 bytes)
125  !    sun.reflect.generics.parser.SignatureParser::current (40 bytes)
126       org.codehaus.groovy.runtime.metaclass.MetaMethodIndex::resize (103 bytes)
127       java.util.HashMap$HashIterator::hasNext (13 bytes)
128       groovy.lang.MetaMethod::isPrivate (15 bytes)
129       groovy.lang.MetaClassImpl$MethodIndexAction::iterate (119 bytes)
130       org.codehaus.groovy.reflection.ParameterTypes::getParameterTypes (16 bytes)
131       java.lang.ref.Reference::<init> (25 bytes)
132       org.codehaus.groovy.reflection.GeneratedMetaMethod::getModifiers (2 bytes)
133       java.util.HashMap$Entry::<init> (26 bytes)
134       org.codehaus.groovy.runtime.metaclass.MetaMethodIndex::getOrPutMethods (193 bytes)
---   n   sun.misc.Unsafe::compareAndSwapInt
135       java.util.HashMap::addEntry (58 bytes)
136       org.objectweb.asm.ByteVector::putUTF8 (394 bytes)
---   n   java.lang.Object::hashCode
137       groovy.lang.MetaClassImpl::applyStrayPropertyMethods (232 bytes)
---   n   java.lang.System::identityHashCode (static)
138       org.codehaus.groovy.runtime.metaclass.MetaMethodIndex::addMethodToList (290 bytes)
139       org.codehaus.groovy.util.AbstractConcurrentMapBase::hash (36 bytes)
140       org.codehaus.groovy.runtime.metaclass.MetaMethodIndex::copyMethodsToSuper (82 bytes)
141       java.util.Arrays::binarySearch0 (95 bytes)
142  !    java.util.jar.Attributes::read (410 bytes)
143       sun.misc.ASCIICaseInsensitiveComparator::lowerCaseHashCode (36 bytes)
144       java.lang.String::<init> (111 bytes)
145       org.codehaus.groovy.util.FastArray::add (71 bytes)
146       org.codehaus.groovy.reflection.ParameterTypes::<init> (5 bytes)
147       org.codehaus.groovy.runtime.metaclass.MetaMethodIndex::isMatchingMethod (68 bytes)
148       groovy.lang.MetaClassImpl$1MOPIter::methodNameAction (431 bytes)
149       org.codehaus.groovy.reflection.CachedClass$CachedMethodComparatorWithString::compare (37 bytes)
150       groovy.lang.MetaMethod::<init> (5 bytes)
151       groovy.lang.MetaClassImpl$1MOPIter::processFastArray (213 bytes)
---   n   java.lang.Object::clone
152       java.lang.ref.Reference::<init> (7 bytes)
153       java.beans.FeatureDescriptor::getObject (13 bytes)
154       org.codehaus.groovy.util.ComplexKeyHashMap::hash (31 bytes)
155       java.net.URL::<init> (8 bytes)
156       java.net.URLStreamHandler::setURL (40 bytes)
157  !    java.net.URL::set (114 bytes)
---   n   java.lang.String::intern
158       sun.reflect.ReflectionFactory::langReflectAccess (15 bytes)
159       java.lang.reflect.AccessibleObject::<init> (5 bytes)
160       java.lang.reflect.Method::getParameterTypes (14 bytes)
161       groovy.lang.MetaClassImpl::addMetaMethodToIndex (65 bytes)
162       groovy.lang.MetaClassImpl::checkIfStdMethod (183 bytes)
163       groovy.lang.MetaClassImpl::checkIfGroovyObjectMethod (60 bytes)
164       groovy.lang.MetaClassImpl::isGenericGetMethod (44 bytes)
165       org.codehaus.groovy.runtime.MetaClassHelper::isGenericSetMethod (27 bytes)
166       java.util.HashMap::getEntry (79 bytes)
---   n   java.lang.ClassLoader::findLoadedClass0
167       java.util.AbstractCollection::<init> (5 bytes)
168       java.lang.reflect.Modifier::isPublic (12 bytes)
169       org.codehaus.groovy.util.SingleKeyHashMap::getOrPut (137 bytes)
170       java.lang.ClassLoader::findLoadedClass (20 bytes)
171       groovy.lang.MetaClassImpl::populateMethods (372 bytes)
172       java.util.HashSet::add (20 bytes)
173       java.util.Properties::loadConvert (505 bytes)
174  !    java.io.BufferedReader::readLine (304 bytes)
175       org.codehaus.groovy.util.ComplexKeyHashMap$1::nextEntry (74 bytes)
176       org.objectweb.asm.Type::getArgumentsAndReturnSizes (151 bytes)
177       sun.misc.MetaIndex::mayContain (51 bytes)
178 s     org.codehaus.groovy.reflection.ParameterTypes::getParametersTypes0 (67 bytes)
179       java.lang.Class::getName (20 bytes)
180       java.lang.Class::copyMethods (36 bytes)
181       java.lang.reflect.Method::copy (67 bytes)
182       java.lang.reflect.Method::<init> (68 bytes)
183       java.beans.FeatureDescriptor::createReference (33 bytes)
184       org.codehaus.groovy.reflection.CachedMethod::getReturnType (8 bytes)
185       java.lang.String::substring (10 bytes)
186       java.util.HashMap::containsKey (14 bytes)
187       java.util.HashSet::contains (9 bytes)
188       java.util.HashMap$HashIterator::<init> (63 bytes)
---   n   java.lang.Class::isAssignableFrom
189       org.codehaus.groovy.reflection.CachedMethod::isStatic (8 bytes)
190       org.codehaus.groovy.runtime.metaclass.MethodHelper::isStatic (19 bytes)
191       groovy.lang.MetaMethod::isStatic (16 bytes)
192       java.lang.ref.WeakReference::<init> (6 bytes)
193       java.util.AbstractList::<init> (10 bytes)
194       org.codehaus.groovy.runtime.metaclass.MetaMethodIndex::findMatchingMethod (51 bytes)
195       groovy.lang.MetaMethod::getMopName (104 bytes)
196       java.lang.reflect.Modifier::isStatic (13 bytes)
197       java.lang.reflect.AccessibleObject::setAccessible (37 bytes)
198       java.lang.reflect.AccessibleObject::setAccessible0 (43 bytes)
199 s     java.beans.MethodDescriptor::setParams (74 bytes)
200       java.beans.Introspector::getTargetMethodInfo (255 bytes)
201       java.beans.FeatureDescriptor::getClass0 (11 bytes)
202       java.util.ArrayList::<init> (44 bytes)
203       org.codehaus.groovy.util.SingleKeyHashMap::put (10 bytes)
204       groovy.lang.MetaClassImpl::findPropertyMethod (356 bytes)
205       org.codehaus.groovy.reflection.CachedMethod::<init> (15 bytes)
206       java.util.AbstractCollection::toArray (116 bytes)
207       java.beans.Introspector::addMethod (196 bytes)
208       java.util.HashMap$ValueIterator::next (8 bytes)
209       org.codehaus.groovy.runtime.metaclass.MetaMethodIndex::hash (31 bytes)
210       org.codehaus.groovy.reflection.CachedClass$3::initValue (254 bytes)
211       java.util.BitSet::wordIndex (5 bytes)
212       java.util.BitSet::checkInvariants (111 bytes)
213       org.objectweb.asm.Type::a (214 bytes)
214       java.beans.FeatureDescriptor::createReference (6 bytes)
215 s     java.beans.Introspector::getPublicDeclaredMethods (130 bytes)
216       org.codehaus.groovy.util.ComplexKeyHashMap::resize (103 bytes)
217 s     java.lang.StringBuffer::toString (17 bytes)
218       org.codehaus.groovy.runtime.metaclass.MetaMethodIndex::isNonRealMethod (48 bytes)
219       org.codehaus.groovy.runtime.metaclass.MetaMethodIndex::copyNonPrivateNonNewMetaMethods (171 bytes)
---   ns  java.lang.Throwable::fillInStackTrace
220       groovy.lang.MetaClassImpl$1::methodNameAction (169 bytes)
221  !    java.beans.Introspector::getTargetPropertyInfo (685 bytes)
222       java.beans.Introspector::getTargetEventInfo (1028 bytes)
223       java.lang.String::concat (58 bytes)
224       java.util.BitSet::get (69 bytes)
225       org.objectweb.asm.ClassWriter::a (49 bytes)
226       sun.net.www.protocol.file.Handler::parseURL (18 bytes)
227       org.objectweb.asm.Item::a (146 bytes)
228       java.util.concurrent.locks.AbstractQueuedSynchronizer::compareAndSetState (13 bytes)
229       java.util.concurrent.locks.AbstractQueuedSynchronizer::release (33 bytes)
230       java.util.concurrent.locks.AbstractQueuedSynchronizer::setState (6 bytes)
231       org.codehaus.groovy.util.SingleKeyHashMap::get (67 bytes)
232       org.objectweb.asm.ByteVector::putShort (52 bytes)
233       org.codehaus.groovy.runtime.metaclass.MetaMethodIndex::copyNonPrivateMethods (149 bytes)
234       org.codehaus.groovy.runtime.metaclass.MetaMethodIndex::copyNonPrivateNonNewMetaMethods (24 bytes)
235       groovy.lang.MetaProperty::<init> (15 bytes)
236       org.codehaus.groovy.util.ComplexKeyHashMap$1::hasNext (13 bytes)
237       java.lang.Object::equals (11 bytes)
238       org.objectweb.asm.ByteVector::putByte (39 bytes)
239       java.beans.FeatureDescriptor::setClass0 (9 bytes)
240       org.codehaus.groovy.reflection.CachedMethod::compareToMethod (125 bytes)
241       java.util.zip.ZipFile::access$300 (5 bytes)
242       java.util.ArrayList::indexOf (67 bytes)
243       java.util.Arrays::fill (28 bytes)
 72   made zombie  sun.misc.URLClassPath::getLoader (136 bytes)
202   made zombie  java.util.ArrayList::<init> (44 bytes)
244       org.codehaus.groovy.util.LockableObject::lock (25 bytes)
245       org.codehaus.groovy.util.LockableObject::unlock (7 bytes)
246       org.codehaus.groovy.util.LockableObject::tryRelease (45 bytes)
247       org.codehaus.groovy.reflection.CachedMethod::getPT (8 bytes)
248       org.codehaus.groovy.reflection.CachedMethod$MyComparator::compare (43 bytes)
---   n   java.lang.Object::getClass
249       java.util.HashMap$KeyIterator::next (8 bytes)
250       java.util.Arrays::mergeSort (235 bytes)
251 s!    java.lang.ClassLoader::loadClass (58 bytes)
252       org.codehaus.groovy.util.ComplexKeyHashMap$1::next (5 bytes)
253       groovy.lang.MetaClassImpl::addElementToList (58 bytes)
254  !    groovy.lang.MetaClassImpl::getPropName (77 bytes)
---   n   java.lang.Class::getSuperclass
255       groovy.lang.MetaClassImpl::createMetaBeanProperty (218 bytes)
256       sun.reflect.ReflectionFactory::copyMethod (10 bytes)
257       java.lang.reflect.ReflectAccess::copyMethod (5 bytes)
258       org.objectweb.asm.Item::<init> (66 bytes)
259       org.objectweb.asm.ClassWriter::b (147 bytes)
260       java.lang.Class::searchMethods (90 bytes)
261       java.lang.String::<init> (27 bytes)
262 s     java.beans.MethodDescriptor::setMethod (38 bytes)
263       java.util.Arrays::binarySearch (10 bytes)
264       java.util.LinkedList$ListItr::hasNext (20 bytes)
265       org.codehaus.groovy.reflection.CachedClass$CachedMethodComparatorByName::compare (18 bytes)
266       sun.reflect.ClassFileAssembler::emitByte (11 bytes)
267       sun.reflect.ByteVectorImpl::add (38 bytes)
268 s!    sun.misc.URLClassPath::getLoader (136 bytes)
269       groovy.lang.MetaClassImpl::findMatchingMethod (93 bytes)
270       org.codehaus.groovy.reflection.CachedField::getModifiers (8 bytes)
271       sun.reflect.ClassFileAssembler::emitConstantPoolUTF8 (50 bytes)
272  !    sun.reflect.UTF8::encode (189 bytes)
273       sun.reflect.UTF8::utf8Length (81 bytes)
274       org.codehaus.groovy.reflection.ReflectionCache::isAssignableFrom (13 bytes)
275       java.lang.Exception::<init> (7 bytes)
276       java.lang.Throwable::<init> (25 bytes)
277       java.lang.ClassNotFoundException::<init> (7 bytes)
278       groovy.lang.MetaClassImpl::addFields (48 bytes)
279       java.beans.Introspector::processPropertyDescriptors (699 bytes)
---   n   java.security.AccessController::doPrivileged (static)
280  !    java.net.URLClassLoader::findClass (29 bytes)
281       java.net.URLClassLoader$1::<init> (15 bytes)
282  !    java.net.URLClassLoader$1::run (73 bytes)
283       groovy.lang.MetaClassImpl::makeStaticPropertyIndex (119 bytes)
284       java.util.concurrent.atomic.AtomicInteger::compareAndSet (13 bytes)
285       org.codehaus.groovy.util.ManagedReference::<init> (40 bytes)
286       java.lang.ref.SoftReference::<init> (14 bytes)
287       org.codehaus.groovy.reflection.CachedClass::getCachedSuperClass (11 bytes)
288       org.codehaus.groovy.reflection.CachedClass$4::get (5 bytes)
289       org.codehaus.groovy.reflection.CachedClass$4::get (8 bytes)
290       org.codehaus.groovy.util.ManagedReference::<init> (14 bytes)
291       org.codehaus.groovy.util.ReferenceManager$2::afterReferenceCreation (49 bytes)
292       java.util.concurrent.atomic.AtomicInteger::incrementAndGet (23 bytes)
293       org.codehaus.groovy.util.ReferenceType$1::createReference (11 bytes)
294       org.codehaus.groovy.util.ReferenceType$SoftRef::<init> (12 bytes)
295       org.codehaus.groovy.reflection.CachedClass::<init> (248 bytes)
296       java.beans.PropertyDescriptor::getWriteMethod0 (11 bytes)
297       java.util.LinkedList$ListItr::checkForComodification (23 bytes)
298       sun.reflect.ClassFileAssembler::emitShort (24 bytes)
299       sun.reflect.ByteVectorImpl::getLength (7 bytes)
300 s!    java.beans.PropertyDescriptor::getReadMethod (173 bytes)
301       java.beans.PropertyDescriptor::getReadMethod0 (11 bytes)
302       java.util.ArrayList::<init> (44 bytes)
303       sun.reflect.ClassFileAssembler::append (30 bytes)
304       sun.reflect.ByteVectorImpl::get (26 bytes)
305       java.util.concurrent.ConcurrentHashMap$Segment::get (66 bytes)
306       org.codehaus.groovy.runtime.metaclass.MetaMethodIndex::getMethods (91 bytes)
197   made zombie  java.lang.reflect.AccessibleObject::setAccessible (37 bytes)
307       java.io.BufferedReader::ensureOpen (18 bytes)
308       java.io.StreamTokenizer::read (38 bytes)
309  !    java.io.BufferedReader::read (104 bytes)
310       java.io.StreamTokenizer::nextToken (1268 bytes)
311       java.io.Win32FileSystem::parentOrNull (171 bytes)
312       java.util.LinkedList$ListItr::next (63 bytes)
313       org.objectweb.asm.ByteVector::b (64 bytes)
314       java.io.Win32FileSystem::isLetter (30 bytes)
315       groovy.lang.MetaClassImpl::establishStaticMetaProperty (268 bytes)
316       groovy.lang.MetaClassImpl::copyNonPrivateFields (75 bytes)
317       org.codehaus.groovy.reflection.CachedClass::getNewMetaMethods (183 bytes)
318       java.lang.ClassLoader::loadClass (7 bytes)
319       java.io.Win32FileSystem::prefixLength (91 bytes)
320       java.lang.String::compareTo (9 bytes)
321 s!    java.beans.PropertyDescriptor::getWriteMethod (136 bytes)
  1%      java.util.Arrays::fill @ 10 (28 bytes)
322       groovy.lang.MetaBeanProperty::<init> (18 bytes)
323       org.objectweb.asm.ClassWriter::newUTF8 (70 bytes)
324       java.util.AbstractList$Itr::hasNext (20 bytes)
325       java.util.AbstractList$Itr::checkForComodification (23 bytes)
326  !    java.util.AbstractList$Itr::next (46 bytes)
327  !    sun.nio.cs.ext.DoubleByteEncoder::encodeArrayLoop (608 bytes)
328       sun.nio.cs.Surrogate::is (18 bytes)
329       sun.nio.cs.ext.DoubleByteEncoder::encodeSingle (12 bytes)
330       java.nio.Buffer::position (43 bytes)
331       java.nio.charset.CoderResult::isUnderflow (13 bytes)
332       java.nio.ByteBuffer::arrayOffset (35 bytes)
333       sun.nio.cs.StreamEncoder::ensureOpen (18 bytes)
334       java.util.concurrent.ConcurrentHashMap::hash (23 bytes)
335       java.util.concurrent.ConcurrentHashMap::segmentFor (17 bytes)
336       org.codehaus.groovy.util.ComplexKeyHashMap$1::<init> (64 bytes)
337       org.objectweb.asm.MethodWriter::visitMaxs (1104 bytes)
338       java.util.HashMap::keySet (28 bytes)
339       java.util.HashMap$KeySet::iterator (8 bytes)
340       java.util.HashSet::iterator (13 bytes)
341       java.util.HashMap::newKeyIterator (10 bytes)
342       java.util.HashMap$KeyIterator::<init> (6 bytes)
343       java.util.HashMap$KeyIterator::<init> (11 bytes)
344       java.lang.ThreadLocal::getMap (5 bytes)
---   n   java.lang.Class::getClassLoader0
345       java.lang.ref.SoftReference::<init> (13 bytes)
346       org.objectweb.asm.Item::a (240 bytes)
347       java.lang.ThreadLocal::get (34 bytes)
---   n   java.io.WinNTFileSystem::getBooleanAttributes
348       java.lang.ThreadLocal$ThreadLocalMap::getEntry (42 bytes)
349  !    org.codehaus.groovy.util.LazyReference::getLocked (85 bytes)
---   n   sun.reflect.Reflection::getCallerClass (static)
350       java.lang.ClassLoader::getCallerClassLoader (16 bytes)
351       org.codehaus.groovy.reflection.CachedClass$8::get (5 bytes)
352       org.codehaus.groovy.reflection.CachedClass$8::get (8 bytes)
---   n   java.lang.Class::isInterface
353       sun.reflect.ClassFileAssembler::cpi (22 bytes)
354       java.util.ArrayList::<init> (7 bytes)
355       java.util.HashMap::<init> (130 bytes)
---   n   java.security.AccessController::doPrivileged (static)
356       org.codehaus.groovy.reflection.CachedClass::addSubclassExpandos (142 bytes)
357       java.io.File::exists (34 bytes)
358       java.beans.Introspector::makeQualifiedMethodName (50 bytes)
359       java.lang.reflect.AccessibleObject::setAccessible (37 bytes)
360       org.objectweb.asm.MethodWriter::visitVarInsn (281 bytes)
361       java.io.ExpiringCache::entryFor (57 bytes)
362       java.util.LinkedHashMap::get (25 bytes)
363       java.security.PrivilegedActionException::<init> (14 bytes)
364       java.lang.Exception::<init> (6 bytes)
365       java.lang.Throwable::<init> (36 bytes)
---   n   java.lang.Class::isPrimitive
366       org.codehaus.groovy.runtime.callsite.CallSiteGenerator::writeMethod (687 bytes)
367       org.codehaus.groovy.runtime.MetaClassHelper::sameClasses (74 bytes)
368       groovy.lang.GroovySystem::getMetaClassRegistry (4 bytes)
369       org.codehaus.groovy.reflection.ParameterTypes::correctArguments (79 bytes)
370 s!    java.beans.PropertyDescriptor::getPropertyType (33 bytes)
371       java.beans.PropertyDescriptor::getPropertyType0 (11 bytes)
372  !    org.codehaus.groovy.tools.RootLoader::loadClass (65 bytes)
