  1       java.util.jar.Manifest$FastInputStream::readLine (167 bytes)
  2       sun.nio.cs.UTF_8$Decoder::decodeArrayLoop (553 bytes)
  3       java.lang.String::indexOf (151 bytes)
  4       java.lang.String::charAt (33 bytes)
  5       sun.nio.cs.UTF_8$Encoder::encodeArrayLoop (490 bytes)
  6       java.lang.String::indexOf (166 bytes)
  7       java.lang.String::hashCode (60 bytes)
  8       java.lang.String::lastIndexOf (156 bytes)
  9       java.lang.String::replace (142 bytes)
 10       java.io.UnixFileSystem::normalize (75 bytes)
 11       java.lang.Object::<init> (1 bytes)
---   n   java.lang.System::arraycopy (static)
 12       java.io.DataInputStream::readUTF (501 bytes)
 13       java.io.BufferedInputStream::getBufIfOpen (21 bytes)
 14 s     java.io.BufferedInputStream::read (49 bytes)
 15       sun.net.www.ParseUtil::encodePath (336 bytes)
 16       java.lang.String::startsWith (78 bytes)
 17       java.lang.String::equals (88 bytes)
 18       java.lang.Math::min (11 bytes)
 19       java.lang.ref.SoftReference::get (29 bytes)
 20       java.lang.String::getChars (66 bytes)
 21       java.lang.AbstractStringBuilder::append (60 bytes)
 22       java.lang.String::startsWith (7 bytes)
 23       java.util.HashMap::indexFor (6 bytes)
 24       java.lang.String::compareTo (150 bytes)
 25       java.util.HashMap::hash (23 bytes)
 26       org.codehaus.groovy.util.ManagedReference::get (10 bytes)
 27       org.codehaus.groovy.reflection.CachedMethod::getName (8 bytes)
 28       java.lang.StringBuilder::append (8 bytes)
 29       org.objectweb.asm.ByteVector::putUTF8 (394 bytes)
 30       java.util.ArrayList::get (12 bytes)
 31       java.util.ArrayList::RangeCheck (48 bytes)
 32       java.util.HashMap::get (79 bytes)
 33       java.util.Arrays::copyOfRange (63 bytes)
 34       java.lang.String::substring (83 bytes)
 35       org.objectweb.asm.Type::getArgumentsAndReturnSizes (151 bytes)
 36 s!    sun.misc.URLClassPath::getLoader (136 bytes)
 37       org.codehaus.groovy.runtime.metaclass.MetaMethodIndex::resize (103 bytes)
 38       java.lang.AbstractStringBuilder::append (40 bytes)
 39       sun.misc.URLClassPath::getResource (74 bytes)
 40       org.codehaus.groovy.reflection.ParameterTypes::getParameterTypes (16 bytes)
 41       java.util.Arrays::binarySearch0 (95 bytes)
 42       java.lang.CharacterDataLatin1::getProperties (11 bytes)
 43       java.util.Arrays::fill (28 bytes)
 44       org.codehaus.groovy.runtime.metaclass.MetaMethodIndex::getOrPutMethods (193 bytes)
 45       org.codehaus.groovy.reflection.CachedMethod::getModifiers (8 bytes)
 46       org.codehaus.groovy.reflection.GeneratedMetaMethod::getModifiers (2 bytes)
 47       java.util.HashMap$HashIterator::nextEntry (99 bytes)
 48       groovy.lang.MetaClassImpl::applyStrayPropertyMethods (232 bytes)
 48   made not entrant  groovy.lang.MetaClassImpl::applyStrayPropertyMethods (232 bytes)
---   n   java.util.zip.ZipFile::getEntry (static)
 49       java.lang.String::indexOf (7 bytes)
 50       org.codehaus.groovy.runtime.metaclass.MetaMethodIndex::addMethodToList (290 bytes)
 51       java.lang.String::<init> (72 bytes)
 52       groovy.lang.MetaClassImpl$MethodIndexAction::iterate (119 bytes)
 52   made not entrant  groovy.lang.MetaClassImpl$MethodIndexAction::iterate (119 bytes)
 53       java.util.HashMap::put (126 bytes)
 54       java.util.HashMap::transfer (83 bytes)
---   n   java.lang.Thread::currentThread (static)
---   n   java.lang.Object::hashCode
 55       groovy.lang.MetaMethod::isPrivate (15 bytes)
 56       java.lang.AbstractStringBuilder::<init> (12 bytes)
 57       java.util.Arrays::mergeSort (234 bytes)
 58       org.codehaus.groovy.runtime.metaclass.MetaMethodIndex::copyMethodsToSuper (82 bytes)
 59 s     java.lang.StringBuffer::append (8 bytes)
 60       org.objectweb.asm.Type::a (214 bytes)
  1%      groovy.lang.MetaClassImpl::applyStrayPropertyMethods @ 57 (232 bytes)
 61       groovy.lang.MetaClassImpl$MethodIndexAction::iterate (119 bytes)
 62       groovy.lang.MetaClassImpl$1MOPIter::methodNameAction (431 bytes)
 63       org.codehaus.groovy.util.ComplexKeyHashMap::hash (31 bytes)
 64       org.codehaus.groovy.reflection.CachedMethod::compareTo (25 bytes)
 57   made not entrant  java.util.Arrays::mergeSort (234 bytes)
 65       org.codehaus.groovy.util.SingleKeyHashMap::getOrPut (137 bytes)
 61   made not entrant  groovy.lang.MetaClassImpl$MethodIndexAction::iterate (119 bytes)
 66       groovy.lang.MetaClassImpl$1MOPIter::processFastArray (213 bytes)
 67       java.lang.StringBuilder::toString (17 bytes)
 68       java.lang.StringBuilder::<init> (7 bytes)
 69       org.codehaus.groovy.reflection.CachedMethod::getReturnType (8 bytes)
 70       groovy.lang.MetaClassImpl::applyStrayPropertyMethods (232 bytes)
 39   made not entrant  sun.misc.URLClassPath::getResource (74 bytes)
 71       sun.reflect.ClassFileAssembler::emitByte (11 bytes)
 72       sun.reflect.ByteVectorImpl::add (38 bytes)
 73       org.objectweb.asm.ClassWriter::a (49 bytes)
 74       groovy.lang.MetaClassImpl$MethodIndexAction::iterate (119 bytes)
 75       java.lang.Class::searchMethods (90 bytes)
 76       java.lang.ref.Reference::<init> (25 bytes)
 77       java.util.Arrays::binarySearch (10 bytes)
 78       org.objectweb.asm.Item::a (146 bytes)
 70   made not entrant  groovy.lang.MetaClassImpl::applyStrayPropertyMethods (232 bytes)
 79       sun.reflect.ClassFileAssembler::emitConstantPoolUTF8 (50 bytes)
---   n   java.lang.Object::clone
 80  !    sun.reflect.UTF8::encode (189 bytes)
---   n   java.lang.String::intern
 81       sun.reflect.UTF8::utf8Length (81 bytes)
 82       org.codehaus.groovy.util.ComplexKeyHashMap$1::nextEntry (74 bytes)
 83       org.objectweb.asm.ByteVector::putShort (52 bytes)
 84       java.util.Properties$LineReader::readLine (452 bytes)
 85       org.objectweb.asm.ByteVector::putByte (39 bytes)
 86       groovy.lang.MetaClassImpl::addMetaMethodToIndex (65 bytes)
 50   made not entrant  org.codehaus.groovy.runtime.metaclass.MetaMethodIndex::addMethodToList (290 bytes)
 87       groovy.lang.MetaClassImpl::checkIfStdMethod (183 bytes)
 88       groovy.lang.MetaClassImpl::checkIfGroovyObjectMethod (60 bytes)
 89       groovy.lang.MetaClassImpl::isGenericGetMethod (44 bytes)
 90       org.codehaus.groovy.util.LazyReference::get (44 bytes)
 91       groovy.lang.MetaClassImpl::applyStrayPropertyMethods (232 bytes)
 92       org.codehaus.groovy.runtime.metaclass.MetaMethodIndex::isMatchingMethod (68 bytes)
 93       java.util.HashMap::getEntry (79 bytes)
 94       java.beans.FeatureDescriptor::getObject (13 bytes)
  2%      java.util.Arrays::fill @ 10 (28 bytes)
 95  !    sun.misc.URLClassPath$JarLoader::getResource (91 bytes)
 96       java.util.zip.ZipFile::ensureOpen (37 bytes)
 97  !    java.net.URL::<init> (531 bytes)
 98       groovy.lang.MetaClassImpl::populateMethods (372 bytes)
 99       java.lang.reflect.Modifier::isPublic (12 bytes)
100       java.lang.StringBuilder::append (8 bytes)
101       java.util.jar.JarFile::getEntry (22 bytes)
102  !    java.util.zip.ZipFile::getEntry (82 bytes)
103       java.util.jar.JarFile::getJarEntry (9 bytes)
104  !    sun.misc.URLClassPath$JarLoader::ensureOpen (32 bytes)
105       java.util.Arrays::mergeSort (234 bytes)
106       java.lang.ref.Reference::<init> (7 bytes)
107       java.util.ArrayList::ensureCapacity (58 bytes)
108 s     java.lang.StringBuffer::append (8 bytes)
109       java.util.ArrayList::add (29 bytes)
110       sun.reflect.ReflectionFactory::langReflectAccess (15 bytes)
111       java.lang.reflect.AccessibleObject::<init> (5 bytes)
112       java.lang.reflect.Method::getParameterTypes (14 bytes)
113       org.codehaus.groovy.util.AbstractConcurrentMap$Segment::getOrPut (121 bytes)
114       org.codehaus.groovy.runtime.metaclass.MetaMethodIndex::findMatchingMethod (51 bytes)
115       org.codehaus.groovy.util.ManagedConcurrentMap$Entry::isEqual (22 bytes)
116       java.util.HashMap$HashIterator::hasNext (13 bytes)
117       org.objectweb.asm.Item::<init> (66 bytes)
118       org.objectweb.asm.ClassWriter::b (147 bytes)
105   made not entrant  java.util.Arrays::mergeSort (234 bytes)
119       java.util.Arrays::mergeSort (234 bytes)
120       sun.reflect.ReflectionFactory::copyMethod (10 bytes)
121       java.lang.reflect.ReflectAccess::copyMethod (5 bytes)
122       java.lang.reflect.Method::copy (67 bytes)
123       java.lang.reflect.Method::<init> (68 bytes)
 48   made zombie  groovy.lang.MetaClassImpl::applyStrayPropertyMethods (232 bytes)
 52   made zombie  groovy.lang.MetaClassImpl$MethodIndexAction::iterate (119 bytes)