    118    1             java.util.jar.Manifest$FastInputStream::readLine (167 bytes)
    132    2             sun.nio.cs.UTF_8$Decoder::decode (640 bytes)
    196    3             java.lang.String::indexOf (87 bytes)
    200    4             java.lang.String::charAt (33 bytes)
    261    5             sun.nio.cs.UTF_8$Encoder::encode (361 bytes)
    397    6             java.lang.String::hashCode (67 bytes)
    418    7             java.lang.String::indexOf (166 bytes)
    426    8             java.lang.String::lastIndexOf (68 bytes)
    621    9     n       java.lang.System::arraycopy (0 bytes)   (static)
    636   10             java.io.UnixFileSystem::normalize (75 bytes)
    647   11             java.lang.Object::<init> (1 bytes)
    669   12             sun.net.www.ParseUtil::encodePath (336 bytes)
    698   13             java.io.DataInputStream::readUTF (501 bytes)
    702   14             java.io.BufferedInputStream::getBufIfOpen (21 bytes)
    705   15  s          java.io.BufferedInputStream::read (49 bytes)
    717   16             java.lang.Math::min (11 bytes)
    719   17             java.lang.String::replace (142 bytes)
    740   18             java.lang.String::length (5 bytes)
    767   19             java.lang.String::equals (88 bytes)
    778   20             java.lang.String::startsWith (78 bytes)
    813   21             java.lang.ref.Reference::get (5 bytes)
    834   22             java.lang.String::getChars (66 bytes)
    937   23             java.lang.ref.SoftReference::get (29 bytes)
   1020   24             java.lang.AbstractStringBuilder::ensureCapacityInternal (16 bytes)
   1024   25             java.lang.reflect.Method::getReturnType (5 bytes)
   1037   26             java.lang.reflect.Method::getName (5 bytes)
   1089   27             java.lang.String::startsWith (7 bytes)
   1104   28             java.lang.AbstractStringBuilder::append (48 bytes)
   1138   29             java.lang.String::compareTo (150 bytes)
   1140   30             java.lang.reflect.Method::getDeclaringClass (5 bytes)
   1192   31             org.codehaus.groovy.reflection.CachedMethod::getName (8 bytes)
   1199   32             java.lang.Class$MethodArray::removeByNameAndSignature (71 bytes)
   1215   33     n       java.lang.Class::getGenericSignature (0 bytes)   
   1217   34             org.codehaus.groovy.util.ManagedReference::get (10 bytes)
   1230   35             java.lang.Class$MethodArray::addIfNotPresent (47 bytes)
   1237   36             java.lang.reflect.Method::equals (107 bytes)
   1261   37             java.util.HashMap::indexFor (6 bytes)
   1264   38             java.lang.StringBuilder::append (8 bytes)
   1275   39             java.util.ArrayList::size (5 bytes)
   1290   40             java.util.HashMap::hash (23 bytes)
   1300   41             java.lang.CharacterData::of (120 bytes)
   1302   42             java.lang.CharacterDataLatin1::getProperties (11 bytes)
   1311   43             java.util.Arrays::copyOf (19 bytes)
   1325   44             org.objectweb.asm.ByteVector::putUTF8 (394 bytes)
   1335   45  s!         sun.misc.URLClassPath::getLoader (154 bytes)
   1356   46             sun.misc.URLClassPath::getResource (74 bytes)
   1357   47             java.lang.String::substring (83 bytes)
   1377   48             com.sun.beans.TypeResolver::prepare (243 bytes)
   1574   49             org.codehaus.groovy.reflection.GeneratedMetaMethod::getName (5 bytes)
   1581   50             java.util.Arrays::copyOfRange (63 bytes)
   1590   51             java.lang.reflect.Method::getModifiers (5 bytes)
   1617   52   !         sun.reflect.generics.parser.SignatureParser::current (40 bytes)
   1640   53             org.objectweb.asm.Type::getArgumentsAndReturnSizes (151 bytes)
   1663   54             java.lang.String::<init> (72 bytes)
   1673   55     n       java.util.zip.ZipFile::getEntry (0 bytes)   (static)
   1677   56     n       java.lang.Object::hashCode (0 bytes)   
   1677   57             org.codehaus.groovy.runtime.metaclass.MetaMethodIndex::resize (103 bytes)
   1686   58             java.util.ArrayList::rangeCheck (22 bytes)
   1686   59             java.util.ArrayList::elementData (7 bytes)
   1686   60             java.util.ArrayList::get (11 bytes)
   1694   61             java.lang.AbstractStringBuilder::append (29 bytes)
   1706   62             org.codehaus.groovy.reflection.ParameterTypes::getParameterTypes (16 bytes)
   1725   63             java.util.Arrays::binarySearch0 (95 bytes)
   1777   64             java.lang.Class::getTypeParameters (26 bytes)
   1811   46             sun.misc.URLClassPath::getResource (74 bytes)   made not entrant
   1812   65             java.nio.charset.CharsetEncoder::maxBytesPerChar (5 bytes)
   1813   66     n       java.lang.Thread::currentThread (0 bytes)   (static)
   1841   67             java.util.Arrays::fill (28 bytes)
   1870   68             java.lang.String::toCharArray (20 bytes)
   1883   69             java.lang.String::indexOf (7 bytes)
   1918   70     n       java.lang.Object::clone (0 bytes)   
   1925   71             java.util.HashMap$HashIterator::nextEntry (99 bytes)
   1931   72             org.codehaus.groovy.runtime.metaclass.MetaMethodIndex::getOrPutMethods (193 bytes)
   1932   73             org.codehaus.groovy.reflection.CachedMethod::getModifiers (8 bytes)
   1933   74             org.codehaus.groovy.reflection.GeneratedMetaMethod::getModifiers (2 bytes)
   1944   75             groovy.lang.MetaClassImpl::applyStrayPropertyMethods (232 bytes)
   1986   76             java.util.HashMap::put (126 bytes)
   1989   75             groovy.lang.MetaClassImpl::applyStrayPropertyMethods (232 bytes)   made not entrant
   1992   77             java.nio.charset.CharsetEncoder::reset (11 bytes)
   1993   78             java.nio.charset.CharsetEncoder::implReset (1 bytes)
   1993   79             java.util.zip.ZipFile::ensureOpen (37 bytes)
   2009   80             org.codehaus.groovy.runtime.metaclass.MetaMethodIndex::addMethodToList (290 bytes)
   2052   81             groovy.lang.MetaClassImpl$MethodIndexAction::iterate (119 bytes)
   2052   82   !         sun.misc.URLClassPath$JarLoader::ensureOpen (32 bytes)
   2058   83             java.lang.AbstractStringBuilder::<init> (12 bytes)
   2089   84             java.util.HashMap::transfer (83 bytes)
   2103   85             java.util.HashMap::get (79 bytes)
   2115   19             java.lang.String::equals (88 bytes)   made not entrant
   2129   35             java.lang.Class$MethodArray::addIfNotPresent (47 bytes)   made not entrant
   2129   36             java.lang.reflect.Method::equals (107 bytes)   made not entrant
   2133   86             java.lang.String::equals (88 bytes)
   2170   87             groovy.lang.MetaMethod::isPrivate (15 bytes)
   2177   88             org.codehaus.groovy.runtime.metaclass.MetaMethodIndex::copyMethodsToSuper (82 bytes)
   2187    1 %           java.lang.Class$MethodArray::addIfNotPresent @ 2 (47 bytes)
   2188   89             java.util.ArrayList::ensureCapacityInternal (26 bytes)
   2198   90  s          java.lang.StringBuffer::append (8 bytes)
   2218   91             java.lang.Class$MethodArray::addIfNotPresent (47 bytes)
   2224   92             org.objectweb.asm.Type::a (214 bytes)
   2238   93             java.util.ArrayList::add (29 bytes)
   2255    2 %           groovy.lang.MetaClassImpl::applyStrayPropertyMethods @ 57 (232 bytes)
   2291   94             groovy.lang.MetaClassImpl::applyStrayPropertyMethods (232 bytes)
   2300   95             groovy.lang.MetaClassImpl$1MOPIter::methodNameAction (431 bytes)
   2459   94             groovy.lang.MetaClassImpl::applyStrayPropertyMethods (232 bytes)   made not entrant
   2459   96             groovy.lang.MetaClassImpl::applyStrayPropertyMethods (232 bytes)
   2480    2 %           groovy.lang.MetaClassImpl::applyStrayPropertyMethods @ -2 (232 bytes)   made not entrant
   2508    3 %           sun.misc.URLClassPath::getResource @ 39 (74 bytes)
   2522   98     n       java.lang.Class::getInterfaces (0 bytes)   
   2564  102     n       java.lang.String::intern (0 bytes)   
   2600   97             org.codehaus.groovy.util.ComplexKeyHashMap::hash (31 bytes)
   2601   99             java.lang.StringBuilder::toString (17 bytes)
   2605  100             java.lang.StringBuilder::<init> (7 bytes)
   2606  101             java.lang.ref.Reference::<init> (25 bytes)
   2607  103             org.codehaus.groovy.util.SingleKeyHashMap::getOrPut (137 bytes)
   2613  104             groovy.lang.MetaClassImpl$1MOPIter::processFastArray (213 bytes)
   2654  105             org.codehaus.groovy.reflection.CachedMethod::compareTo (25 bytes)
   2669  106             sun.misc.URLClassPath::getResource (74 bytes)
   2677  107   !         java.net.URL::<init> (543 bytes)
   2688   76             java.util.HashMap::put (126 bytes)   made not entrant
   2734   15  s          java.io.BufferedInputStream::read (49 bytes)   made not entrant
   2741  108             org.codehaus.groovy.reflection.CachedMethod::getReturnType (8 bytes)
   2742  109             sun.reflect.ClassFileAssembler::emitByte (11 bytes)
   2744   46             sun.misc.URLClassPath::getResource (74 bytes)   made zombie
   2744  110             sun.reflect.ByteVectorImpl::add (38 bytes)
   2746  111             org.objectweb.asm.ClassWriter::a (49 bytes)
   2756  112             java.lang.Class::searchMethods (90 bytes)
   2765  113             org.objectweb.asm.Item::a (146 bytes)
   2777  114             java.util.Arrays::binarySearch (10 bytes)
   2777  106             sun.misc.URLClassPath::getResource (74 bytes)   made not entrant
   2778  115             org.codehaus.groovy.util.ComplexKeyHashMap$1::nextEntry (74 bytes)
   2782  116             sun.reflect.ClassFileAssembler::emitConstantPoolUTF8 (50 bytes)
   2790  117   !         sun.reflect.UTF8::encode (189 bytes)
   2809  118             sun.reflect.UTF8::utf8Length (81 bytes)
   2811  119             org.objectweb.asm.ByteVector::putShort (52 bytes)
   2813  120             java.util.Properties$LineReader::readLine (452 bytes)
   2813  121             org.objectweb.asm.ByteVector::putByte (39 bytes)
   2815  122             groovy.lang.MetaClassImpl::addMetaMethodToIndex (65 bytes)
   2828  123             groovy.lang.MetaClassImpl::checkIfStdMethod (183 bytes)
   2835  124             groovy.lang.MetaClassImpl::checkIfGroovyObjectMethod (60 bytes)
   2836  125             groovy.lang.MetaClassImpl::isGenericGetMethod (44 bytes)
   2839  126             org.codehaus.groovy.runtime.MetaClassHelper::isGenericSetMethod (27 bytes)
   2839  127             org.codehaus.groovy.util.LazyReference::get (44 bytes)
   2840  128             org.codehaus.groovy.runtime.metaclass.MetaMethodIndex::isMatchingMethod (68 bytes)
   2844  129             java.util.ComparableTimSort::binarySort (223 bytes)
   2849  130             java.beans.FeatureDescriptor::getClass0 (22 bytes)
   2850  131             java.util.HashMap$Entry::<init> (26 bytes)
   2851    4 %           java.util.Arrays::fill @ 5 (21 bytes)
   2852  132             java.util.HashMap::getEntry (79 bytes)
   2855  133             groovy.lang.MetaClassImpl::populateMethods (372 bytes)
   2856  134             java.util.HashMap::put (126 bytes)
   2863  129             java.util.ComparableTimSort::binarySort (223 bytes)   made not entrant
   2870  135             sun.nio.cs.UTF_8$Decoder::decodeArrayLoop (543 bytes)
   2881   80             org.codehaus.groovy.runtime.metaclass.MetaMethodIndex::addMethodToList (290 bytes)   made not entrant
   2890  136             sun.reflect.ReflectionFactory::langReflectAccess (15 bytes)
   2891  137             java.lang.reflect.AccessibleObject::<init> (5 bytes)
   2914  138             java.lang.String::indexOf (29 bytes)
   2919  139             java.lang.ref.Reference::<init> (7 bytes)
   2928  140   !         sun.misc.URLClassPath$JarLoader::getResource (91 bytes)
   2981  141             java.lang.String::<init> (20 bytes)
   3032  142             java.util.HashMap$HashIterator::hasNext (13 bytes)
   3060  143  s          java.lang.StringBuffer::append (8 bytes)
   3070  133             groovy.lang.MetaClassImpl::populateMethods (372 bytes)   made not entrant
   3081  144             sun.reflect.ReflectionFactory::copyMethod (10 bytes)
   3084  145             java.lang.reflect.ReflectAccess::copyMethod (5 bytes)
   3084  146             java.lang.reflect.Method::copy (67 bytes)
   3087  147             java.lang.reflect.Method::<init> (68 bytes)
   3091  148             org.codehaus.groovy.util.AbstractConcurrentMap$Segment::getOrPut (121 bytes)
   3091  149             org.codehaus.groovy.util.ManagedConcurrentMap$Entry::isEqual (22 bytes)
   3094  150             java.util.ComparableTimSort::binarySort (223 bytes)
   3104  151             org.codehaus.groovy.runtime.metaclass.MetaMethodIndex::findMatchingMethod (51 bytes)
   3113  152             java.lang.Object::equals (11 bytes)
   3124  153             java.lang.Character::isWhitespace (5 bytes)
   3125  154             java.lang.Character::isWhitespace (9 bytes)
   3126  155             java.lang.CharacterDataLatin1::isWhitespace (23 bytes)
   3128  156             java.lang.StringBuilder::append (8 bytes)
   3128  157             sun.reflect.generics.parser.SignatureParser::parseIdentifier (115 bytes)
   3151  158             sun.reflect.generics.parser.SignatureParser::advance (37 bytes)
   3155  159             java.util.AbstractCollection::<init> (5 bytes)
   3157  160             java.lang.reflect.Method::getParameterTypes (14 bytes)
   3167  161             com.sun.beans.TypeResolver::resolve (37 bytes)
   3224  162             java.net.URL::getProtocol (5 bytes)
   3232  163             java.lang.Class::copyMethods (36 bytes)
  20472  164             org.objectweb.asm.Item::<init> (66 bytes)
  20473   19             java.lang.String::equals (88 bytes)   made zombie
  20473   35             java.lang.Class$MethodArray::addIfNotPresent (47 bytes)   made zombie
  20473   36             java.lang.reflect.Method::equals (107 bytes)   made zombie
  20473  165             org.objectweb.asm.ClassWriter::b (147 bytes)
  20479   76             java.util.HashMap::put (126 bytes)   made zombie
  20497  166             java.lang.Class$MethodArray::length (5 bytes)
  20498   75             groovy.lang.MetaClassImpl::applyStrayPropertyMethods (232 bytes)   made zombie
  20498    2 %           groovy.lang.MetaClassImpl::applyStrayPropertyMethods @ -2 (232 bytes)   made zombie
  20498   94             groovy.lang.MetaClassImpl::applyStrayPropertyMethods (232 bytes)   made zombie